0.01 3.71392e-005
0.02 0.000176377
0.03 0.000405586
0.04 0.000688896
0.05 0.000975479
0.06 0.00120075
0.07 0.00133163
0.08 0.00138651
0.09 0.00143207
0.1 0.00158942
0.11 0.00194259
0.12 0.00242754
0.13 0.00286877
0.14 0.00313164
0.15 0.00311594
0.16 0.00273788
0.17 0.00206108
0.18 0.00123228
0.19 0.000366924
0.2 -0.000599605
0.21 -0.00187188
0.22 -0.00351866
0.23 -0.00531988
0.24 -0.00670291
0.25 -0.00731298
0.26 -0.00714037
0.27 -0.00612433
0.28 -0.00444208
0.29 -0.00241417
0.3 -0.000419892
0.31 0.00108323
0.32 0.00211209
0.33 0.0034647
0.34 0.00593908
0.35 0.00972861
0.36 0.0149232
0.37 0.0208528
0.38 0.025512
0.39 0.0267793
0.4 0.0235507
0.41 0.0162632
0.42 0.00697468
0.43 -0.00130575
0.44 -0.00548257
0.45 -0.00406066
0.46 0.0022615
0.47 0.0121753
0.48 0.023328
0.49 0.0320597
0.5 0.0355994
0.51 0.0338591
0.52 0.027478
0.53 0.0154819
0.54 -0.00358911
0.55 -0.0304129
0.56 -0.0639147
0.57 -0.101366
0.58 -0.138416
0.59 -0.170006
0.6 -0.194087
0.61 -0.211485
0.62 -0.223697
0.63 -0.230652
0.64 -0.229646
0.65 -0.216265
0.66 -0.184186
0.67 -0.126203
0.68 -0.0389836
0.69 0.0722999
0.7 0.195581
0.71 0.315868
0.72 0.416517
0.73 0.482257
0.74 0.507721
0.75 0.500715
0.76 0.473688
0.77 0.435936
0.78 0.391675
0.79 0.338145
0.8 0.264848
0.81 0.1603
0.82 0.0208024
0.83 -0.147681
0.84 -0.329818
0.85 -0.503854
0.86 -0.645448
0.87 -0.73354
0.88 -0.758341
0.89 -0.720527
0.9 -0.628829
0.91 -0.498541
0.92 -0.344502
0.93 -0.178407
0.94 -0.012397
0.95 0.137809
0.96 0.255362
0.97 0.338209
0.98 0.406421
0.99 0.482609
1 0.574976
1.01 0.668957
1.02 0.726681
1.03 0.708517
1.04 0.595904
1.05 0.399644
1.06 0.153579
1.07 -0.100001
1.08 -0.323683
1.09 -0.498284
1.1 -0.627862
1.11 -0.728663
1.12 -0.816773
1.13 -0.900454
1.14 -0.976014
1.15 -1.02312
1.16 -1.00659
1.17 -0.893488
1.18 -0.664051
1.19 -0.325058
1.2 0.0847278
1.21 0.518526
1.22 0.940463
1.23 1.32383
1.24 1.65113
1.25 1.91074
1.26 2.08918
1.27 2.1724
1.28 2.15098
1.29 2.02405
1.3 1.79574
1.31 1.47025
1.32 1.0521
1.33 0.545945
1.34 -0.0364653
1.35 -0.672609
1.36 -1.33304
1.37 -1.97777
1.38 -2.55668
1.39 -3.00689
1.4 -3.25719
1.41 -3.26577
1.42 -3.05168
1.43 -2.67963
1.44 -2.2205
1.45 -1.72522
1.46 -1.21519
1.47 -0.692239
1.48 -0.153845
1.49 0.401352
1.5 0.966877
1.51 1.52263
1.52 2.03079
1.53 2.44603
1.54 2.72975
1.55 2.85074
1.56 2.79746
1.57 2.59627
1.58 2.29818
1.59 1.95486
1.6 1.60566
1.61 1.26515
1.62 0.91831
1.63 0.541011
1.64 0.120738
1.65 -0.341683
1.66 -0.826962
1.67 -1.29827
1.68 -1.70954
1.69 -2.01715
1.7 -2.19382
1.71 -2.23186
1.72 -2.14542
1.73 -1.96418
1.74 -1.71828
1.75 -1.43536
1.76 -1.13764
1.77 -0.83329
1.78 -0.516753
1.79 -0.1776
1.8 0.188535
1.81 0.568673
1.82 0.925558
1.83 1.21249
1.84 1.39445
1.85 1.45545
1.86 1.40134
1.87 1.24875
1.88 1.01922
1.89 0.743417
1.9 0.459139
1.91 0.205187
1.92 0.0108144
1.93 -0.115114
1.94 -0.187462
1.95 -0.23385
1.96 -0.280116
1.97 -0.334288
1.98 -0.381495
1.99 -0.396195
2 -0.356037
2.01 -0.255587
2.02 -0.115898
2.03 0.0267297
2.04 0.142364
2.05 0.213821
2.06 0.247233
2.07 0.258712
2.08 0.249127
2.09 0.217632
2.1 0.169462
2.11 0.110477
2.12 0.045365
2.13 -0.024221
2.14 -0.100214
2.15 -0.186134
2.16 -0.286783
2.17 -0.396207
2.18 -0.490585
2.19 -0.559516
2.2 -0.619402
2.21 -0.691716
2.22 -0.790216
2.23 -0.909388
2.24 -1.02413
2.25 -1.10492
2.26 -1.12812
2.27 -1.08442
2.28 -0.981997
2.29 -0.841359
2.3 -0.685907
2.31 -0.531496
2.32 -0.37998
2.33 -0.219427
2.34 -0.0301814
2.35 0.206797
2.36 0.504975
2.37 0.86542
2.38 1.26661
2.39 1.6684
2.4 2.02529
2.41 2.29474
2.42 2.4437
2.43 2.46294
2.44 2.36768
2.45 2.17889
2.46 1.91586
2.47 1.59278
2.48 1.211
2.49 0.765368
2.5 0.254266
2.51 -0.313942
2.52 -0.919169
2.53 -1.53983
2.54 -2.15497
2.55 -2.73147
2.56 -3.2151
2.57 -3.55232
2.58 -3.70373
2.59 -3.64711
2.6 -3.3971
2.61 -2.99604
2.62 -2.49637
2.63 -1.95086
2.64 -1.39738
2.65 -0.859051
2.66 -0.343984
2.67 0.157683
2.68 0.661838
2.69 1.17363
2.7 1.67531
2.71 2.12357
2.72 2.454
2.73 2.59679
2.74 2.5057
2.75 2.17975
2.76 1.66731
2.77 1.04672
2.78 0.401902
2.79 -0.200849
2.8 -0.733744
2.81 -1.19931
2.82 -1.60408
2.83 -1.93438
2.84 -2.15247
2.85 -2.19467
2.86 -1.98404
2.87 -1.4916
2.88 -0.7477
2.89 0.200716
2.9 1.30288
2.91 2.5087
2.92 3.77533
2.93 5.06477
2.94 6.34317
2.95 7.57351
2.96 8.70599
2.97 9.68269
2.98 10.4418
2.99 10.9249
3 11.0788
3.01 10.8048
3.02 9.99559
3.03 8.67489
3.04 6.98283
3.05 5.08554
3.06 3.13464
3.07 1.27043
3.08 -0.308458
3.09 -1.42885
3.1 -2.12265
3.11 -2.54649
3.12 -2.81195
3.13 -2.9477
3.14 -2.92641
3.15 -2.73164
3.16 -2.37464
3.17 -1.87961
3.18 -1.28848
3.19 -0.6408
3.2 0.0023749
3.21 0.519658
3.22 0.743281
3.23 0.486122
3.24 -0.400501
3.25 -1.92159
3.26 -3.90397
3.27 -6.09697
3.28 -8.27387
3.29 -10.2708
3.3 -12.0057
3.31 -13.4572
3.32 -14.5628
3.33 -15.1033
3.34 -14.7648
3.35 -13.3425
3.36 -11.025
3.37 -7.9476
3.38 -4.31804
3.39 -0.562257
3.4 2.89644
3.41 5.81473
3.42 8.12426
3.43 9.91345
3.44 11.3202
3.45 12.3906
3.46 13.0373
3.47 13.0458
3.48 12.1535
3.49 10.2186
3.5 7.41586
3.51 4.21282
3.52 1.11783
3.53 -1.49989
3.54 -3.51367
3.55 -5.02708
3.56 -6.30484
3.57 -7.67284
3.58 -9.35612
3.59 -11.2779
3.6 -13.0292
3.61 -14.2458
3.62 -14.8428
3.63 -14.8667
3.64 -14.4384
3.65 -13.7888
3.66 -13.1864
3.67 -12.8281
3.68 -12.7594
3.69 -12.8598
3.7 -12.9052
3.71 -12.6632
3.72 -11.9692
3.73 -10.7078
3.74 -8.8392
3.75 -6.4647
3.76 -3.76943
3.77 -0.928264
3.78 1.8996
3.79 4.55168
3.8 6.94878
3.81 9.11961
3.82 11.1202
3.83 12.9768
3.84 12.5019
3.85 12.8437
3.86 13.6444
3.87 14.7139
3.88 15.7123
3.89 16.2722
3.9 16.1283
3.91 15.0383
3.92 12.9459
3.93 10.328
3.94 7.72638
3.95 5.60638
3.96 4.22275
3.97 3.56215
3.98 3.38378
3.99 3.30268
4 2.87172
4.01 2.7592
4.02 4.01538
4.03 3.85503
4.04 -0.501577
4.05 -4.98739
4.06 -8.09011
4.07 -8.32951
4.08 -6.90071
4.09 -5.06524
4.1 -3.56873
4.11 -2.91956
4.12 -3.05668
4.13 -3.91083
4.14 -5.15324
4.15 -6.29193
4.16 -6.86679
4.17 -6.60365
4.18 -5.51404
4.19 -3.90049
4.2 -2.24103
4.21 -1.01673
4.22 -0.552409
4.23 -0.916231
4.24 -1.8959
4.25 -3.09621
4.26 -4.10245
4.27 -4.60109
4.28 -4.46277
4.29 -3.76748
4.3 -2.75519
4.31 -2.07903
4.32 -2.05386
4.33 -2.2518
4.34 -2.57637
4.35 -2.83439
4.36 -2.80138
4.37 -2.31092
4.38 -0.713872
4.39 2.81526
4.4 6.22254
4.41 9.0851
4.42 11.2247
4.43 12.7219
4.44 13.1865
4.45 13.5367
4.46 14.4825
4.47 16.0814
4.48 18.1034
4.49 19.8139
4.5 20.3542
4.51 19.407
4.52 17.0228
4.53 13.4971
4.54 9.25606
4.55 4.75019
4.56 0.258403
4.57 2.4939
4.58 3.05773
4.59 -2.89246
4.6 -11.6247
4.61 -14.8512
4.62 -17.7882
4.63 -19.7502
4.64 -20.8139
4.65 -21.1097
4.66 -20.7261
4.67 -19.9721
4.68 -18.9341
4.69 -16.7371
4.7 -13.5195
4.71 -9.3099
4.72 -4.22331
4.73 1.45326
4.74 6.89431
4.75 11.4489
4.76 12.6612
4.77 11.3627
4.78 11.7576
4.79 13.827
4.8 16.9946
4.81 20.0024
4.82 26.9014
4.83 29.5497
4.84 28.5272
4.85 24.529
4.86 19.0455
4.87 13.4996
4.88 9.50804
4.89 7.27997
4.9 9.92355
4.91 10.1177
4.92 8.2148
4.93 4.9635
4.94 1.58205
4.95 -2.42752
4.96 -7.12004
4.97 -11.5406
4.98 -15.2492
4.99 -17.6451
5 -18.6595
5.01 -18.5736
5.02 -17.1506
5.03 -15.6763
5.04 -14.708
5.05 -14.3753
5.06 -14.5575
5.07 -14.8612
5.08 -14.7435
5.09 -13.7806
5.1 -11.8336
5.11 -9.06931
5.12 -5.90934
5.13 -2.90451
5.14 -1.8729
5.15 -2.92816
5.16 -4.04348
5.17 -4.87014
5.18 -5.19498
5.19 -5.35191
5.2 -4.36586
5.21 -3.48604
5.22 -3.04198
5.23 -3.19769
5.24 -3.9332
5.25 -5.09531
5.26 -6.42983
5.27 -7.63826
5.28 -8.3013
5.29 -8.18267
5.3 -7.38387
5.31 -6.14778
5.32 -4.78396
5.33 -3.5633
5.34 -2.62643
5.35 -1.93024
5.36 0.0406691
5.37 -1.90847
5.38 -3.08137
5.39 -3.30832
5.4 -2.60258
5.41 -0.979713
5.42 1.30048
5.43 7.9476
5.44 12.0437
5.45 14.2332
5.46 14.4173
5.47 11.898
5.48 9.90463
5.49 9.20764
5.5 10.2475
5.51 12.8878
5.52 16.3925
5.53 19.7464
5.54 21.4457
5.55 21.1123
5.56 18.8425
5.57 15.3019
5.58 11.4259
5.59 8.06266
5.6 5.66308
5.61 4.19874
5.62 2.96827
5.63 1.87067
5.64 2.05895
5.65 3.11193
5.66 2.4963
5.67 0.34181
5.68 -2.64329
5.69 -5.91787
5.7 -8.37246
5.71 -9.44706
5.72 -9.73224
5.73 -11.2417
5.74 -11.6448
5.75 -11.1836
5.76 -10.4601
5.77 -10.0208
5.78 -10.162
5.79 -10.8612
5.8 -11.8409
5.81 -10.8655
5.82 -9.95846
5.83 -8.57927
5.84 -6.97421
5.85 -5.08319
5.86 -2.95388
5.87 -0.696254
5.88 1.55351
5.89 3.68967
5.9 5.57281
5.91 5.6139
5.92 3.5276
5.93 1.79763
5.94 0.731668
5.95 0.360671
5.96 1.30088
5.97 2.95023
5.98 4.03134
5.99 4.25557
6 3.62451
6.01 2.32893
6.02 0.731126
6.03 -0.743453
6.04 -2.85922
6.05 -4.5532
6.06 -5.44674
6.07 -5.62481
6.08 -5.33945
6.09 -4.96845
6.1 -4.88525
6.11 -5.28137
6.12 -6.10703
6.13 -7.06303
6.14 -7.8341
6.15 -8.11597
6.16 -7.77317
6.17 -6.86505
6.18 -5.55656
6.19 -4.10211
6.2 -2.79907
6.21 -1.88229
6.22 -1.46153
6.23 -1.51158
6.24 -1.87802
6.25 -2.33014
6.26 -1.35026
6.27 -1.18036
6.28 -1.29902
6.29 -1.31083
6.3 -1.22638
6.31 -1.07415
6.32 -0.876342
6.33 -0.695196
6.34 -0.398654
6.35 1.2469
6.36 3.45275
6.37 5.59364
6.38 7.78647
6.39 10.2821
6.4 12.5264
6.41 14.0094
6.42 15.8798
6.43 18.2281
6.44 18.3863
6.45 19.1154
6.46 20.4022
6.47 21.9731
6.48 23.1438
6.49 23.6391
6.5 23.1744
6.51 22.7918
6.52 20.7023
6.53 17.4619
6.54 13.5078
6.55 9.36383
6.56 5.54891
6.57 2.31279
6.58 0.765571
6.59 1.17607
6.6 0.580708
6.61 -1.16362
6.62 -4.16345
6.63 -6.46438
6.64 -8.3885
6.65 -12.0289
6.66 -14.7479
6.67 -16.0127
6.68 -15.9088
6.69 -14.8944
6.7 -13.6566
6.71 -12.8496
6.72 -12.8384
6.73 -13.6359
6.74 -14.9437
6.75 -16.2452
6.76 -17.0697
6.77 -17.1152
6.78 -17.2172
6.79 -16.4628
6.8 -15.0523
6.81 -13.4378
6.82 -12.0463
6.83 -11.144
6.84 -10.7706
6.85 -10.7377
6.86 -10.7046
6.87 -10.3476
6.88 -9.34914
6.89 -7.55762
6.9 -5.11357
6.91 -2.34813
6.92 0.0455172
6.93 2.11453
6.94 3.89439
6.95 5.42886
6.96 4.30983
6.97 3.85433
6.98 4.15806
6.99 5.2617
7 6.9185
7.01 8.70905
7.02 9.8261
7.03 10.3579
7.04 10.4048
7.05 9.63246
7.06 8.40766
7.07 7.21735
7.08 6.44822
7.09 6.77478
7.1 7.60839
7.11 8.5071
7.12 9.1908
7.13 9.45388
7.14 9.23837
7.15 8.63792
7.16 7.82474
7.17 6.97308
7.18 6.29154
7.19 5.90857
7.2 5.84232
7.21 6.00605
7.22 6.25106
7.23 6.40662
7.24 6.35015
7.25 6.00509
7.26 5.30729
7.27 4.25871
7.28 2.93833
7.29 1.43779
7.3 -0.181525
7.31 -1.86291
7.32 -1.68174
7.33 -1.71201
7.34 -2.39812
7.35 -3.76481
7.36 -5.21445
7.37 -7.83851
7.38 -10.549
7.39 -12.381
7.4 -13.0537
7.41 -13.0401
7.42 -13.2691
7.43 -12.9114
7.44 -11.6149
7.45 -9.72118
7.46 -7.41693
7.47 -4.88504
7.48 -2.24064
7.49 -1.59961
7.5 -0.392389
7.51 1.69323
7.52 4.41822
7.53 6.47018
7.54 7.58203
7.55 10.1154
7.56 12.5227
7.57 14.1665
7.58 14.8249
7.59 14.5736
7.6 13.4993
7.61 11.9954
7.62 10.4032
7.63 8.96251
7.64 7.74826
7.65 6.43909
7.66 4.9468
7.67 3.16201
7.68 1.03611
7.69 0.586427
7.7 -0.64931
7.71 -2.50848
7.72 -4.78603
7.73 -7.11345
7.74 -8.66011
7.75 -9.28541
7.76 -9.71733
7.77 -10.0257
7.78 -11.2946
7.79 -12.2865
7.8 -12.9591
7.81 -13.3483
7.82 -13.524
7.83 -13.5534
7.84 -13.4577
7.85 -13.2411
7.86 -12.8841
7.87 -12.3493
7.88 -11.6058
7.89 -10.6637
7.9 -9.56918
7.91 -8.36789
7.92 -7.07243
7.93 -5.75212
7.94 -4.39932
7.95 -2.83391
7.96 -1.96403
7.97 -0.688297
7.98 1.17303
7.99 3.55559
8 6.20944
8.01 8.86255
8.02 9.00886
8.03 10.8338
8.04 14.1095
8.05 17.4615
8.06 20.6329
8.07 23.3669
8.08 25.1159
8.09 27.7403
8.1 29.5597
8.11 30.8477
8.12 31.7012
8.13 32.1606
8.14 31.977
8.15 30.8973
8.16 28.9363
8.17 26.212
8.18 22.8834
8.19 19.039
8.2 14.7589
8.21 10.1253
8.22 5.19231
8.23 0.00515528
8.24 -5.32961
8.25 -4.5423
8.26 -3.77464
8.27 -3.74061
8.28 -5.47267
8.29 -9.32161
8.3 -13.8844
8.31 -17.5832
8.32 -20.9236
8.33 -24.2359
8.34 -25.7358
8.35 -24.6218
8.36 -22.8229
8.37 -21.4158
8.38 -21.1885
8.39 -22.2766
8.4 -24.171
8.41 -25.9188
8.42 -26.3312
8.43 -24.8704
8.44 -21.4544
8.45 -16.5676
8.46 -11.0688
8.47 -5.90674
8.48 -1.83986
8.49 0.732221
8.5 1.5658
8.51 1.58334
8.52 1.05844
8.53 -1.36086
8.54 -2.65138
8.55 -3.05296
8.56 -3.00125
8.57 -3.13653
8.58 -4.06562
8.59 -6.14633
8.6 -9.36943
8.61 -12.4132
8.62 -14.6758
8.63 -17.2712
8.64 -19.7531
8.65 -21.7054
8.66 -22.6137
8.67 -22.7567
8.68 -22.3653
8.69 -21.6947
8.7 -20.995
8.71 -19.8751
8.72 -18.4454
8.73 -16.7732
8.74 -14.8485
8.75 -12.5924
8.76 -9.9165
8.77 -6.78643
8.78 -3.48037
8.79 -0.109869
8.8 3.34948
8.81 4.00782
8.82 4.09504
8.83 4.68909
8.84 5.99507
8.85 7.71801
8.86 8.89904
8.87 9.85546
8.88 10.3361
8.89 10.2848
8.9 9.82394
8.91 9.19626
8.92 8.67439
8.93 8.46945
8.94 8.60412
8.95 8.97309
8.96 9.4724
8.97 10.0212
8.98 11.6367
8.99 13.2416
9 14.0572
9.01 13.9034
9.02 13.0629
9.03 11.9801
9.04 11.091
9.05 10.6648
9.06 10.6804
9.07 10.8294
9.08 10.8233
9.09 10.3816
9.1 9.3517
9.11 7.81173
9.12 6.00818
9.13 4.28612
9.14 3.02963
9.15 2.51193
9.16 2.75296
9.17 3.58568
9.18 4.7544
9.19 6.00952
9.2 7.25794
9.21 8.59868
9.22 10.0463
9.23 11.4575
9.24 12.7034
9.25 13.9832
9.26 15.5294
9.27 17.2183
9.28 18.7569
9.29 19.3639
9.3 19.7022
9.31 19.6301
9.32 19.1839
9.33 18.3179
9.34 16.8361
9.35 14.945
9.36 13.7168
9.37 11.9837
9.38 9.87901
9.39 7.47771
9.4 4.89616
9.41 2.27376
9.42 -0.255682
9.43 -2.58778
9.44 -4.66322
9.45 -5.35544
9.46 -4.70784
9.47 -4.63989
9.48 -5.17594
9.49 -6.05935
9.5 -7.07202
9.51 -8.02988
9.52 -8.64648
9.53 -8.79031
9.54 -8.52302
9.55 -8.08032
9.56 -7.72107
9.57 -7.6898
9.58 -7.54991
9.59 -7.70198
9.6 -8.26774
9.61 -9.10555
9.62 -10.0026
9.63 -10.7502
9.64 -11.2065
9.65 -11.333
9.66 -11.5332
9.67 -11.727
9.68 -11.9273
9.69 -12.1641
9.7 -13.3246
9.71 -14.2793
9.72 -15.0106
9.73 -15.4512
9.74 -15.5724
9.75 -15.3838
9.76 -14.8129
9.77 -13.8927
9.78 -12.4657
9.79 -10.7203
9.8 -8.84341
9.81 -6.97654
9.82 -5.16004
9.83 -3.34838
9.84 -1.47756
9.85 0.48429
9.86 2.51066
9.87 4.51171
9.88 5.11534
9.89 5.06683
9.9 5.44283
9.91 6.20158
9.92 7.14038
9.93 8.00332
9.94 8.47843
9.95 8.53972
9.96 8.26715
9.97 7.77477
9.98 7.20587
9.99 6.77009
10 6.61321
10.01 6.82454
10.02 7.33881
10.03 7.92396
10.04 8.42854
10.05 8.73817
10.06 8.79682
10.07 8.64161
10.08 8.383
10.09 8.1507
10.1 8.05072
10.11 8.13571
10.12 8.3895
10.13 8.735
10.14 9.06555
10.15 9.17922
10.16 8.86949
10.17 8.17314
10.18 7.17737
10.19 6.04317
10.2 4.90081
10.21 3.8179
10.22 2.58775
10.23 1.16906
10.24 -0.511461
10.25 -0.877938
10.26 -1.72788
10.27 -2.66928
10.28 -4.16632
10.29 -5.98153
10.3 -7.89476
10.31 -9.64473
10.32 -9.77427
10.33 -9.59296
10.34 -9.84514
10.35 -10.1848
10.36 -10.5755
10.37 -10.9988
10.38 -11.3915
10.39 -11.5962
10.4 -11.4428
10.41 -10.9616
10.42 -10.2277
10.43 -9.32106
10.44 -8.17917
10.45 -6.97818
10.46 -5.82363
10.47 -4.73871
10.48 -3.66873
10.49 -2.52876
10.5 -1.27424
10.51 0.109268
10.52 1.62368
10.53 3.19941
10.54 4.70524
10.55 5.65069
10.56 5.91854
10.57 6.30063
10.58 6.49308
10.59 6.67515
10.6 7.03857
10.61 7.59655
10.62 8.22399
10.63 8.78736
10.64 9.18821
10.65 9.38541
10.66 9.39826
10.67 9.27849
10.68 9.11426
10.69 9.00062
10.7 8.98013
10.71 9.05708
10.72 9.13083
10.73 8.93321
10.74 8.37448
10.75 7.14329
10.76 5.41228
10.77 3.3809
10.78 1.27697
10.79 -0.729659
10.8 -2.55267
10.81 -4.17584
10.82 -5.22171
10.83 -5.43358
10.84 -5.07952
10.85 -5.30509
10.86 -6.29391
10.87 -7.7569
10.88 -9.26799
10.89 -10.414
10.9 -10.9262
10.91 -10.7514
10.92 -10.0508
10.93 -9.12944
10.94 -8.32446
10.95 -7.89391
10.96 -7.94226
10.97 -8.22498
10.98 -8.51095
10.99 -8.5074
11 -7.96082
11.01 -6.8396
11.02 -5.24542
11.03 -3.38234
11.04 -1.48093
11.05 0.295265
11.06 1.86837
11.07 2.10178
11.08 2.13565
11.09 2.20885
11.1 2.80015
11.11 3.89228
11.12 5.23834
11.13 6.57519
11.14 7.66922
11.15 8.33272
11.16 8.51136
11.17 8.28718
11.18 7.84839
11.19 6.92247
11.2 6.05033
11.21 5.47019
11.22 5.20439
11.23 5.13252
11.24 5.05509
11.25 4.77457
11.26 4.16844
11.27 3.23399
11.28 2.08515
11.29 0.910762
11.3 0.321273
11.31 0.262686
11.32 0.307055
11.33 0.428021
11.34 0.586911
11.35 0.746143
11.36 0.881101
11.37 0.983889
11.38 1.17264
11.39 1.40022
11.4 1.65667
11.41 1.90556
11.42 2.09487
11.43 2.18519
11.44 2.17108
11.45 1.98615
11.46 1.50184
11.47 0.773827
11.48 -0.110438
11.49 -1.079
11.5 -1.97945
11.51 -2.59885
11.52 -3.29024
11.53 -4.15097
11.54 -5.19191
11.55 -6.3092
11.56 -6.72826
11.57 -6.77824
11.58 -7.03812
11.59 -7.45822
11.6 -7.93144
11.61 -8.19857
11.62 -8.22618
11.63 -8.00741
11.64 -7.60951
11.65 -7.13964
11.66 -6.70793
11.67 -6.39567
11.68 -6.22968
11.69 -6.1796
11.7 -6.18243
11.71 -6.16974
11.72 -6.08758
11.73 -5.9193
11.74 -5.69517
11.75 -5.47787
11.76 -5.33757
11.77 -5.33021
11.78 -5.47981
11.79 -5.76825
11.8 -6.14071
11.81 -6.44439
11.82 -6.60497
11.83 -6.58905
11.84 -6.38843
11.85 -6.02788
11.86 -5.56617
11.87 -5.04899
11.88 -4.49679
11.89 -3.9013
11.9 -3.22939
11.91 -2.43055
11.92 -1.46368
11.93 -0.323105
11.94 0.95511
11.95 2.23828
11.96 2.9393
11.97 3.62311
11.98 4.42989
11.99 5.32329
12 6.36875
12.01 7.22268
12.02 7.31218
12.03 7.46936
12.04 7.72037
12.05 8.06281
12.06 8.46726
12.07 8.88586
12.08 9.267
12.09 9.57065
12.1 9.81793
12.11 10.5645
12.12 10.9572
12.13 11.1179
12.14 11.1076
12.15 11.0095
12.16 10.8984
12.17 10.7773
12.18 10.6394
12.19 10.4582
12.2 10.1838
12.21 9.71643
12.22 9.03363
12.23 8.13515
12.24 7.05638
12.25 5.84007
12.26 4.5426
12.27 3.29664
12.28 2.18483
12.29 1.23434
12.3 0.424303
12.31 -0.292536
12.32 -0.684207
12.33 -0.8962
12.34 -1.32573
12.35 -1.91808
12.36 -2.55357
12.37 -3.09283
12.38 -3.40886
12.39 -3.39288
12.4 -3.11388
12.41 -2.69246
12.42 -2.28657
12.43 -2.02768
12.44 -1.98505
12.45 -2.1573
12.46 -2.47926
12.47 -2.85444
12.48 -3.18891
12.49 -3.43116
12.5 -3.55269
12.51 -3.60143
12.52 -3.6743
12.53 -3.79218
12.54 -4.04079
12.55 -4.43428
12.56 -4.29431
12.57 -4.36997
12.58 -4.61752
12.59 -4.97993
12.6 -5.39833
12.61 -5.7865
12.62 -6.09543
12.63 -6.31652
12.64 -6.47527
12.65 -6.61112
12.66 -6.78067
12.67 -7.018
12.68 -6.98319
12.69 -6.61189
12.7 -6.22102
12.71 -5.79626
12.72 -5.33739
12.73 -4.81863
12.74 -4.1048
12.75 -3.18746
12.76 -2.09905
12.77 -0.90407
12.78 0.318165
12.79 1.49188
12.8 2.51683
12.81 2.91768
12.82 3.33599
12.83 3.702
12.84 4.25872
12.85 4.93442
12.86 5.62876
12.87 6.23068
12.88 6.65179
12.89 6.84576
12.9 6.78945
12.91 6.495
12.92 6.02588
12.93 5.43613
12.94 4.79864
12.95 4.15077
12.96 3.49333
12.97 2.80195
12.98 2.04867
12.99 1.21485
13 0.305604
13.01 -0.643281
13.02 -1.57172
13.03 -2.40139
13.04 -3.05491
13.05 -3.47803
13.06 -3.64873
13.07 -3.59105
13.08 -3.35853
13.09 -2.98789
13.1 -2.50347
13.11 -1.91612
13.12 -1.23218
13.13 -0.457749
13.14 0.396557
13.15 1.3076
13.16 2.24278
13.17 3.16698
13.18 4.04483
13.19 4.84237
13.2 5.52601
13.21 6.0452
13.22 6.12293
13.23 6.16942
13.24 6.24793
13.25 6.33507
13.26 6.22053
13.27 5.91418
13.28 5.41626
13.29 4.76599
13.3 4.02202
13.31 3.24796
13.32 2.48867
13.33 1.76247
13.34 1.06888
13.35 0.393992
13.36 -0.279499
13.37 -0.95684
13.38 -1.62187
13.39 -2.23995
13.4 -2.73985
13.41 -3.11613
13.42 -3.36006
13.43 -3.47182
13.44 -3.4547
13.45 -3.33861
13.46 -3.15761
13.47 -2.94501
13.48 -2.7225
13.49 -2.49625
13.5 -2.26517
13.51 -2.02639
13.52 -1.7778
13.53 -1.52435
13.54 -1.28631
13.55 -1.08677
13.56 -0.943472
13.57 -0.868282
13.58 -0.86553
13.59 -0.931484
13.6 -1.0541
13.61 -1.22115
13.62 -1.42091
13.63 -1.64568
13.64 -1.89504
13.65 -2.16976
13.66 -2.47279
13.67 -2.80954
13.68 -2.88432
13.69 -2.854
13.7 -3.00797
13.71 -3.36824
13.72 -3.87677
13.73 -4.32862
13.74 -4.78084
13.75 -5.18173
13.76 -5.50324
13.77 -5.7446
13.78 -5.92303
13.79 -6.05999
13.8 -6.16773
13.81 -6.12295
13.82 -5.90972
13.83 -5.5157
13.84 -4.97511
13.85 -4.31154
13.86 -3.53698
13.87 -2.6634
13.88 -1.70773
13.89 -0.697834
13.9 0.328774
13.91 1.33132
13.92 2.26598
13.93 3.05783
13.94 3.67166
13.95 4.04732
13.96 4.08452
13.97 4.19623
13.98 4.29571
13.99 4.19609
14 3.88263
14.01 3.37024
14.02 2.69679
14.03 1.92221
14.04 1.11396
14.05 0.327207
14.06 -0.403464
14.07 -1.0608
14.08 -1.63783
14.09 -2.12971
14.1 -2.53122
14.11 -2.82879
14.12 -3.00227
14.13 -3.02722
14.14 -2.88134
14.15 -2.54828
14.16 -2.03633
14.17 -1.38098
14.18 -0.631509
14.19 0.156308
14.2 0.930631
14.21 1.65703
14.22 2.3199
14.23 2.90971
14.24 3.4188
14.25 3.8396
14.26 4.15189
14.27 4.32648
14.28 4.35305
14.29 4.22662
14.3 3.94994
14.31 3.57346
14.32 3.13035
14.33 2.64277
14.34 2.13287
14.35 1.62933
14.36 1.16577
14.37 0.773797
14.38 0.481188
14.39 0.306626
14.4 0.249805
14.41 0.299976
14.42 0.450214
14.43 0.687002
14.44 1.00612
14.45 1.41413
14.46 1.87846
14.47 2.3657
14.48 2.84117
14.49 3.27388
14.5 3.64442
14.51 3.94663
14.52 4.1792
14.53 4.34128
14.54 4.45358
14.55 4.5115
14.56 4.50293
14.57 4.41868
14.58 4.25783
14.59 4.03336
14.6 3.76125
14.61 3.45494
14.62 3.12251
14.63 2.76397
14.64 2.37271
14.65 1.93707
14.66 1.44107
14.67 0.87513
14.68 0.240836
14.69 -0.456238
14.7 -1.20749
14.71 -1.99217
14.72 -2.78252
14.73 -3.55596
14.74 -4.07724
14.75 -4.59228
14.76 -4.55575
14.77 -4.69565
14.78 -5.0237
14.79 -5.47428
14.8 -5.92588
14.81 -6.26061
14.82 -6.27361
14.83 -5.85446
14.84 -5.03266
14.85 -3.94853
14.86 -2.80454
14.87 -1.76332
14.88 -0.904656
14.89 -0.219853
14.9 0.364666
14.91 0.95002
14.92 1.61663
14.93 2.38607
14.94 3.20854
14.95 3.97516
14.96 4.55193
14.97 4.82198
14.98 4.70002
14.99 4.19871
15 3.44364
15.01 2.53254
15.02 1.58598
15.03 0.688702
15.04 -0.117146
15.05 -0.830579
15.06 -1.47642
15.07 -2.08002
15.08 -2.65031
15.09 -2.66467
15.1 -2.72444
15.11 -2.93475
15.12 -3.16812
15.13 -3.30879
15.14 -3.08164
15.15 -2.50037
15.16 -1.63017
15.17 -0.6059
15.18 0.414701
15.19 1.29783
15.2 1.96699
15.21 2.41172
15.22 2.67978
15.23 2.84793
15.24 2.98834
15.25 3.1638
15.26 3.37929
15.27 3.58344
15.28 3.70152
15.29 3.66298
15.3 3.42295
15.31 2.97502
15.32 2.36799
15.33 1.67974
15.34 0.987763
15.35 0.349428
15.36 -0.207733
15.37 -0.694039
15.38 -1.14648
15.39 -1.60308
15.4 -2.08615
15.41 -2.59784
15.42 -3.08349
15.43 -3.49858
15.44 -3.88707
15.45 -4.21315
15.46 -4.45383
15.47 -4.5977
15.48 -4.62206
15.49 -4.55706
15.5 -4.4201
15.51 -4.25244
15.52 -4.0687
15.53 -3.87164
15.54 -3.64539
15.55 -3.36278
15.56 -3.00267
15.57 -2.5591
15.58 -2.03429
15.59 -1.4436
15.6 -0.809855
15.61 -0.166838
15.62 0.452152
15.63 1.01919
15.64 1.51514
15.65 1.93419
15.66 2.27559
15.67 2.5437
15.68 2.74129
15.69 2.86157
15.7 2.89763
15.71 2.84621
15.72 2.70899
15.73 2.47022
15.74 2.15455
15.75 1.78591
15.76 1.39607
15.77 1.01646
15.78 0.674652
15.79 0.425929
15.8 0.273351
15.81 0.225786
15.82 0.272962
15.83 0.387881
15.84 0.547828
15.85 0.73278
15.86 0.921683
15.87 1.11728
15.88 1.325
15.89 1.52183
15.9 1.77223
15.91 2.02264
15.92 2.26883
15.93 2.46518
15.94 2.57391
15.95 2.56188
15.96 2.41585
15.97 2.13947
15.98 1.75442
15.99 1.29201
16 0.771927
16.01 0.212984
16.02 -0.371489
16.03 -0.970829
16.04 -1.5754
16.05 -2.17927
16.06 -2.77076
16.07 -3.2087
16.08 -3.62367
16.09 -3.98996
16.1 -4.24807
16.11 -4.34997
16.12 -4.26308
16.13 -3.76335
16.14 -3.26642
16.15 -2.72791
16.16 -2.08305
16.17 -1.35412
16.18 -0.557069
16.19 0.284657
16.2 1.13823
16.21 1.31833
16.22 1.71675
16.23 2.29683
16.24 2.93874
16.25 3.64841
16.26 4.29854
16.27 4.7869
16.28 5.01882
16.29 4.96673
16.3 4.69396
16.31 4.26101
16.32 3.79152
16.33 3.35538
16.34 2.96299
16.35 2.58989
16.36 2.17217
16.37 1.64348
16.38 0.967411
16.39 0.153075
16.4 -0.746604
16.41 -1.6472
16.42 -2.45723
16.43 -3.10525
16.44 -3.55852
16.45 -3.82927
16.46 -3.96378
16.47 -3.99475
16.48 -3.97962
16.49 -3.96023
16.5 -3.93956
16.51 -3.89021
16.52 -3.76749
16.53 -3.52617
16.54 -3.14675
16.55 -2.64187
16.56 -2.04592
16.57 -1.40792
16.58 -0.775667
16.59 -0.185168
16.6 0.346578
16.61 0.822198
16.62 1.25978
16.63 1.68641
16.64 2.12061
16.65 2.56271
16.66 2.99578
16.67 3.38769
16.68 3.69673
16.69 3.88867
16.7 3.95539
16.71 3.90357
16.72 3.75267
16.73 3.51731
16.74 3.2365
16.75 2.92762
16.76 2.60063
16.77 2.25627
16.78 1.89285
16.79 1.51185
16.8 1.12134
16.81 0.736256
16.82 0.37625
16.83 0.0614552
16.84 -0.189112
16.85 -0.360456
16.86 -0.447357
16.87 -0.463071
16.88 -0.420297
16.89 -0.331863
16.9 -0.214586
16.91 -0.0915245
16.92 0.0181644
16.93 0.0986124
16.94 0.135792
16.95 0.117973
16.96 0.0505983
16.97 -0.0720529
16.98 -0.254249
16.99 -0.496193
17 -0.795742
17.01 -1.14408
17.02 -1.5277
17.03 -1.92938
17.04 -2.3239
17.05 -2.68451
17.06 -2.98782
17.07 -3.21407
17.08 -3.23813
17.09 -3.23627
17.1 -3.26505
17.11 -3.19997
17.12 -3.06493
17.13 -2.86249
17.14 -2.61116
17.15 -2.33816
17.16 -2.0683
17.17 -1.82109
17.18 -1.6084
17.19 -1.43331
17.2 -1.29825
17.21 -1.20755
17.22 -1.16278
17.23 -1.15668
17.24 -1.17827
17.25 -1.21323
17.26 -1.25346
17.27 -1.2834
17.28 -1.29707
17.29 -1.2984
17.3 -1.29071
17.31 -1.27062
17.32 -1.23584
17.33 -1.17995
17.34 -1.09594
17.35 -0.969491
17.36 -0.789513
17.37 -0.547689
17.38 -0.255151
17.39 0.0721234
17.4 0.416481
17.41 0.757256
17.42 1.07506
17.43 1.35821
17.44 1.59786
17.45 1.78509
17.46 1.91357
17.47 1.98372
17.48 1.99561
17.49 1.94557
17.5 1.82907
17.51 1.6489
17.52 1.41577
17.53 1.14272
17.54 0.843804
17.55 0.534275
17.56 0.230115
17.57 -0.0468449
17.58 -0.286007
17.59 -0.478942
17.6 -0.617326
17.61 -0.694111
17.62 -0.708077
17.63 -0.664999
17.64 -0.573883
17.65 -0.443721
17.66 -0.290238
17.67 -0.128735
17.68 0.0260536
17.69 0.170749
17.7 0.307251
17.71 0.441619
17.72 0.580748
17.73 0.729177
17.74 0.883937
17.75 1.03043
17.76 1.14994
17.77 1.22896
17.78 1.26241
17.79 1.2543
17.8 1.21864
17.81 1.17109
17.82 1.12381
17.83 1.08136
17.84 1.04561
17.85 1.00774
17.86 0.958172
17.87 0.894901
17.88 0.817366
17.89 0.730111
17.9 0.645921
17.91 0.580371
17.92 0.547289
17.93 0.555107
17.94 0.599845
17.95 0.666977
17.96 0.738083
17.97 0.794863
17.98 0.821215
17.99 0.807973
18 0.759208
18.01 0.681945
18.02 0.584941
18.03 0.472414
18.04 0.349544
18.05 0.23009
18.06 0.116119
18.07 0.00255252
18.08 -0.11891
18.09 -0.25052
18.1 -0.390797
18.11 -0.534405
18.12 -0.666275
18.13 -0.76469
18.14 -0.810102
18.15 -0.785301
18.16 -0.674438
18.17 -0.484871
18.18 -0.228963
18.19 0.0675547
18.2 0.385544
18.21 0.711273
18.22 1.01656
18.23 1.35023
18.24 1.69846
18.25 2.05128
18.26 2.38448
18.27 2.66852
18.28 2.87021
18.29 2.96034
18.3 2.91621
18.31 2.72917
18.32 2.40762
18.33 1.969
18.34 1.42356
18.35 0.788882
18.36 0.076908
18.37 -0.694963
18.38 -1.50536
18.39 -2.33
18.4 -3.1398
18.41 -3.89964
18.42 -4.44297
18.43 -4.90621
18.44 -4.64697
18.45 -4.51203
18.46 -4.47041
18.47 -4.47986
18.48 -4.41943
18.49 -4.20927
18.5 -3.71288
18.51 -2.88747
18.52 -1.83584
18.53 -0.697062
18.54 0.388896
18.55 1.31611
18.56 2.03477
18.57 2.11104
18.58 2.25386
18.59 2.53116
18.6 2.95581
18.61 3.46843
18.62 3.93216
18.63 4.16239
18.64 4.10197
18.65 3.75343
18.66 3.17184
18.67 2.46362
18.68 1.74155
18.69 1.09962
18.7 0.589416
18.71 0.212246
18.72 -0.0647818
18.73 -0.286451
18.74 -0.48672
18.75 -0.66877
18.76 -0.789013
18.77 -0.791154
18.78 -0.628463
18.79 -0.278358
18.8 0.253968
18.81 0.933724
18.82 1.69394
18.83 2.45458
18.84 2.62816
18.85 2.76004
18.86 2.93686
18.87 3.20482
18.88 3.5198
18.89 3.8043
18.9 3.97414
18.91 3.86612
18.92 3.43658
18.93 2.75016
18.94 1.91286
18.95 1.03261
18.96 0.188743
18.97 -0.582783
18.98 -1.28966
18.99 -1.96983
19 -2.66724
19.01 -3.40524
19.02 -4.17228
19.03 -4.92183
19.04 -5.5252
19.05 -5.93456
19.06 -6.18354
19.07 -6.24747
19.08 -6.12048
19.09 -5.76289
19.1 -5.22168
19.11 -4.56731
19.12 -3.86757
19.13 -3.1748
19.14 -2.51797
19.15 -1.90399
19.16 -1.33059
19.17 -0.794959
19.18 -0.299982
19.19 0.134592
19.2 0.478374
19.21 0.699976
19.22 0.790766
19.23 0.761029
19.24 0.638569
19.25 0.452225
19.26 0.23937
19.27 0.0140724
19.28 -0.210169
19.29 -0.425403
19.3 -0.62723
19.31 -0.81168
19.32 -0.968981
19.33 -1.08675
19.34 -1.16211
19.35 -1.18979
19.36 -1.16215
19.37 -1.08024
19.38 -0.946693
19.39 -0.772896
19.4 -0.564697
19.41 -0.320126
19.42 -0.0445264
19.43 0.254047
19.44 0.567622
19.45 0.890472
19.46 1.21353
19.47 1.52247
19.48 1.80548
19.49 2.0525
19.5 2.25123
19.51 2.39097
19.52 2.46289
19.53 2.45461
19.54 2.37058
19.55 2.2238
19.56 2.0215
19.57 1.77627
19.58 1.49694
19.59 1.1968
19.6 0.874249
19.61 0.537116
19.62 0.196412
19.63 -0.134075
19.64 -0.442353
19.65 -0.710237
19.66 -0.916572
19.67 -1.05055
19.68 -1.10725
19.69 -1.09312
19.7 -1.01472
19.71 -0.877354
19.72 -0.693794
19.73 -0.481494
19.74 -0.255089
19.75 -0.0222516
19.76 0.210515
19.77 0.436387
19.78 0.644933
19.79 0.822837
19.8 0.955928
19.81 1.03133
19.82 1.04285
19.83 0.987762
19.84 0.867806
19.85 0.693126
19.86 0.462324
19.87 0.188684
19.88 -0.11503
19.89 -0.437347
19.9 -0.761502
19.91 -1.07064
19.92 -1.34779
19.93 -1.57737
19.94 -1.75419
19.95 -1.73779
19.96 -1.67334
19.97 -1.68161
19.98 -1.74403
19.99 -1.71525
20 -1.59017
20.01 -1.34855
20.02 -1.00179
20.03 -0.580368
20.04 -0.127111
20.05 0.312586
20.06 0.708555
20.07 1.0487
20.08 1.32946
20.09 1.55579
20.1 1.73954
20.11 1.88929
20.12 2.00626
20.13 2.08329
20.14 2.10532
20.15 2.05176
20.16 1.90632
20.17 1.66089
20.18 1.32047
20.19 0.90443
20.2 0.443009
20.21 -0.0302553
20.22 -0.487129
20.23 -0.912855
20.24 -1.3019
20.25 -1.65492
20.26 -1.97826
20.27 -2.27761
20.28 -2.55042
20.29 -2.7866
20.3 -2.97275
20.31 -3.0909
20.32 -3.1263
20.33 -3.07136
20.34 -2.92983
20.35 -2.71733
20.36 -2.45338
20.37 -2.15964
20.38 -1.85803
20.39 -1.56331
20.4 -1.28466
20.41 -1.02799
20.42 -0.792152
20.43 -0.578353
20.44 -0.395431
20.45 -0.251023
20.46 -0.152471
20.47 -0.102569
20.48 -0.108105
20.49 -0.177271
20.5 -0.315791
20.51 -0.512877
20.52 -0.753625
20.53 -1.0179
20.54 -1.28507
20.55 -1.53623
20.56 -1.75423
20.57 -1.9282
20.58 -2.05152
20.59 -2.12209
20.6 -2.13431
20.61 -2.06162
20.62 -1.89016
20.63 -1.61738
20.64 -1.24445
20.65 -0.773246
20.66 -0.214481
20.67 0.409498
20.68 1.07367
20.69 1.75402
20.7 2.42614
20.71 3.06747
20.72 3.1586
20.73 3.30992
20.74 3.58838
20.75 3.96063
20.76 4.38075
20.77 4.75287
20.78 4.9901
20.79 4.95805
20.8 4.64561
20.81 4.13533
20.82 3.54128
20.83 2.97141
20.84 2.49715
20.85 2.13815
20.86 1.85969
20.87 1.59986
20.88 1.30365
20.89 0.943977
20.9 0.532922
20.91 0.120302
20.92 -0.220257
20.93 -0.409976
20.94 -0.392499
20.95 -0.166846
20.96 0.217795
20.97 0.69379
20.98 1.19155
20.99 1.65828
21 2.06903
21.01 2.4266
21.02 2.74694
21.03 3.04682
21.04 3.26858
21.05 3.45986
21.06 3.67467
21.07 3.8455
21.08 3.88645
21.09 3.76239
21.1 3.45634
21.11 2.98638
21.12 2.39134
21.13 1.72331
21.14 1.02987
21.15 0.345498
21.16 -0.315141
21.17 -0.952516
21.18 -1.57092
21.19 -2.17518
21.2 -2.76536
21.21 -2.9232
21.22 -3.1113
21.23 -3.39441
21.24 -3.741
21.25 -4.08143
21.26 -4.34046
21.27 -4.45862
21.28 -4.35099
21.29 -4.00397
21.3 -3.4943
21.31 -2.91795
21.32 -2.35991
21.33 -1.8653
21.34 -1.43322
21.35 -1.03135
21.36 -0.613053
21.37 -0.140124
21.38 0.396168
21.39 0.97143
21.4 1.53232
21.41 2.00869
21.42 2.33319
21.43 2.46418
21.44 2.39824
21.45 2.15667
21.46 1.8048
21.47 1.3944
21.48 0.963857
21.49 0.534773
21.5 0.111652
21.51 -0.312611
21.52 -0.743882
21.53 -1.17848
21.54 -1.59843
21.55 -1.97338
21.56 -2.26398
21.57 -2.43158
21.58 -2.42333
21.59 -2.30763
21.6 -2.01528
21.61 -1.61724
21.62 -1.13876
21.63 -0.61779
21.64 -0.0835064
21.65 0.445937
21.66 0.961321
21.67 1.45501
21.68 1.91232
21.69 2.31591
21.7 2.64984
21.71 2.8957
21.72 3.05159
21.73 3.10139
21.74 3.04195
21.75 2.87083
21.76 2.59178
21.77 2.22061
21.78 1.78483
21.79 1.31081
21.8 0.818653
21.81 0.323824
21.82 -0.16357
21.83 -0.638522
21.84 -1.09659
21.85 -1.52972
21.86 -1.92474
21.87 -2.26805
21.88 -2.54718
21.89 -2.74071
21.9 -2.84098
21.91 -2.85076
21.92 -2.77917
21.93 -2.63809
21.94 -2.44039
21.95 -2.19614
21.96 -1.91418
21.97 -1.60019
21.98 -1.26014
21.99 -0.898396
22 -0.526984
22.01 -0.165074
22.02 0.173197
22.03 0.475804
22.04 0.726629
22.05 0.916942
22.06 1.05574
22.07 1.14146
22.08 1.17391
22.09 1.15777
22.1 1.10562
22.11 1.02094
22.12 0.90731
22.13 0.769188
22.14 0.614132
22.15 0.438849
22.16 0.245266
22.17 0.0388792
22.18 -0.172182
22.19 -0.379802
22.2 -0.57825
22.21 -0.760669
22.22 -0.921255
22.23 -1.05743
22.24 -1.17109
22.25 -1.26335
22.26 -1.33449
22.27 -1.38922
22.28 -1.43031
22.29 -1.45499
22.3 -1.45962
22.31 -1.44019
22.32 -1.39582
22.33 -1.32682
22.34 -1.24115
22.35 -1.15001
22.36 -1.06419
22.37 -0.99468
22.38 -0.942911
22.39 -0.903134
22.4 -0.877886
22.41 -0.863782
22.42 -0.855928
22.43 -0.847916
22.44 -0.831979
22.45 -0.80344
22.46 -0.762962
22.47 -0.710268
22.48 -0.645817
22.49 -0.571648
22.5 -0.492688
22.51 -0.405457
22.52 -0.29905
22.53 -0.171329
22.54 -0.014476
22.55 0.170999
22.56 0.37378
22.57 0.580772
22.58 0.784952
22.59 0.979338
22.6 1.16142
22.61 1.32957
22.62 1.48636
22.63 1.63572
22.64 1.78009
22.65 1.92281
22.66 1.8079
22.67 1.80272
22.68 1.87019
22.69 1.99148
22.7 2.13124
22.71 2.25303
22.72 2.33065
22.73 2.35492
22.74 2.29817
22.75 2.17978
22.76 2.03611
22.77 1.89758
22.78 1.77808
22.79 1.66966
22.8 1.54221
22.81 1.35721
22.82 1.08262
22.83 0.71369
22.84 0.259154
22.85 -0.255504
22.86 -0.790282
22.87 -1.30136
22.88 -1.75823
22.89 -2.15085
22.9 -2.48351
22.91 -2.76807
22.92 -3.01829
22.93 -3.23945
22.94 -3.42494
22.95 -3.55795
22.96 -3.61675
22.97 -3.57549
22.98 -3.42515
22.99 -3.16915
23 -2.82435
23.01 -2.41692
23.02 -1.97379
23.03 -1.51561
23.04 -1.05239
23.05 -0.586518
23.06 -0.120999
23.07 0.338576
23.08 0.786834
23.09 1.2163
23.1 1.61216
23.11 1.9522
23.12 2.21911
23.13 2.40278
23.14 2.49468
23.15 2.49157
23.16 2.39973
23.17 2.24148
23.18 2.03208
23.19 1.78726
23.2 1.51793
23.21 1.23239
23.22 0.939185
23.23 0.647547
23.24 0.370183
23.25 0.121887
23.26 -0.0825744
23.27 -0.229419
23.28 -0.308148
23.29 -0.312478
23.3 -0.242798
23.31 -0.100116
23.32 0.0990863
23.33 0.335695
23.34 0.591123
23.35 0.849865
23.36 1.1001
23.37 1.33447
23.38 1.54914
23.39 1.73829
23.4 1.89118
23.41 1.99262
23.42 2.02643
23.43 1.97882
23.44 1.85331
23.45 1.6491
23.46 1.37181
23.47 1.03421
23.48 0.655165
23.49 0.251285
23.5 -0.163453
23.51 -0.575962
23.52 -0.974381
23.53 -1.34778
23.54 -1.68539
23.55 -1.97311
23.56 -2.1975
23.57 -2.34921
23.58 -2.42146
23.59 -2.41066
23.6 -2.30787
23.61 -2.11515
23.62 -1.84116
23.63 -1.50159
23.64 -1.116
23.65 -0.702123
23.66 -0.274778
23.67 0.154307
23.68 0.574561
23.69 0.975998
23.7 1.34956
23.71 1.68444
23.72 1.96976
23.73 2.19422
23.74 2.34549
23.75 2.41929
23.76 2.41748
23.77 2.34761
23.78 2.21111
23.79 2.01382
23.8 1.7624
23.81 1.46686
23.82 1.14058
23.83 0.799228
23.84 0.457205
23.85 0.126997
23.86 -0.181892
23.87 -0.464031
23.88 -0.715266
23.89 -0.929898
23.9 -1.0988
23.91 -1.21163
23.92 -1.25993
23.93 -1.23602
23.94 -1.13676
23.95 -0.966775
23.96 -0.738807
23.97 -0.46486
23.98 -0.163115
23.99 0.146
24 0.445304
24.01 0.724867
24.02 0.980833
24.03 1.20975
24.04 1.40764
24.05 1.57028
24.06 1.68918
24.07 1.75185
24.08 1.74769
24.09 1.6662
24.1 1.50876
24.11 1.28003
24.12 0.989137
24.13 0.646913
24.14 0.266869
24.15 -0.138929
24.16 -0.55979
24.17 -0.982657
24.18 -1.39506
24.19 -1.78354
24.2 -2.01476
24.21 -2.11395
24.22 -2.26514
24.23 -2.46789
24.24 -2.68991
24.25 -2.88379
24.26 -2.98573
24.27 -2.91425
24.28 -2.68046
24.29 -2.32444
24.3 -1.91014
24.31 -1.4979
24.32 -1.12564
24.33 -0.804872
24.34 -0.524466
24.35 -0.257674
24.36 0.0202637
24.37 0.318897
24.38 0.627857
24.39 0.916732
24.4 1.14671
24.41 1.28449
24.42 1.30942
24.43 1.21826
24.44 1.03449
24.45 0.790752
24.46 0.518624
24.47 0.241718
24.48 -0.0251722
24.49 -0.276839
24.5 -0.515313
24.51 -0.744361
24.52 -0.964208
24.53 -1.16438
24.54 -1.3255
24.55 -1.42911
24.56 -1.4559
24.57 -1.39188
24.58 -1.24108
24.59 -1.01756
24.6 -0.741241
24.61 -0.436912
24.62 -0.126466
24.63 0.17497
24.64 0.459898
24.65 0.723555
24.66 0.96016
24.67 1.16483
24.68 1.33249
24.69 1.45663
24.7 1.52696
24.71 1.53441
24.72 1.4794
24.73 1.36554
24.74 1.20268
24.75 1.00573
24.76 0.791714
24.77 0.573481
24.78 0.363117
24.79 0.170622
24.8 0.000163294
24.81 -0.146364
24.82 -0.266642
24.83 -0.357639
24.84 -0.416851
24.85 -0.44421
24.86 -0.443021
24.87 -0.415336
24.88 -0.362041
24.89 -0.289861
24.9 -0.206026
24.91 -0.118766
24.92 -0.0351355
24.93 0.0402049
24.94 0.10495
24.95 0.156616
24.96 0.192799
24.97 0.209969
24.98 0.203455
24.99 0.167548
25 0.105912
25.01 0.0208767
25.02 -0.0839072
25.03 -0.199682
25.04 -0.318856
25.05 -0.436464
25.06 -0.548686
25.07 -0.650254
25.08 -0.73682
25.09 -0.807295
25.1 -0.858114
25.11 -0.882915
25.12 -0.873688
25.13 -0.825246
25.14 -0.738089
25.15 -0.613281
25.16 -0.454844
25.17 -0.270521
25.18 -0.0682527
25.19 0.144779
25.2 0.358612
25.21 0.557556
25.22 0.729453
25.23 0.869412
25.24 0.970929
25.25 1.02748
25.26 1.03756
25.27 1.00764
25.28 0.937421
25.29 0.825428
25.3 0.680188
25.31 0.506737
25.32 0.309012
25.33 0.0936108
25.34 -0.126815
25.35 -0.337753
25.36 -0.526769
25.37 -0.681787
25.38 -0.794779
25.39 -0.863423
25.4 -0.885311
25.41 -0.857193
25.42 -0.789855
25.43 -0.698248
25.44 -0.593675
25.45 -0.483863
25.46 -0.37245
25.47 -0.261137
25.48 -0.152976
25.49 -0.0499232
25.5 0.0450959
25.51 0.124596
25.52 0.180461
25.53 0.209259
25.54 0.202571
25.55 0.157894
25.56 0.0768305
25.57 -0.0337501
25.58 -0.161402
25.59 -0.294825
25.6 -0.429619
25.61 -0.558417
25.62 -0.677901
25.63 -0.787152
25.64 -0.884305
25.65 -0.96223
25.66 -1.01109
25.67 -1.02158
25.68 -0.983075
25.69 -0.890629
25.7 -0.751396
25.71 -0.569162
25.72 -0.357739
25.73 -0.133524
25.74 0.0896918
25.75 0.302848
25.76 0.502006
25.77 0.686323
25.78 0.852503
25.79 0.991308
25.8 1.09171
25.81 1.14589
25.82 1.15058
25.83 1.10538
25.84 1.01721
25.85 0.893112
25.86 0.745714
25.87 0.583787
25.88 0.413091
25.89 0.240124
25.9 0.0719425
25.91 -0.0848015
25.92 -0.221986
25.93 -0.330214
25.94 -0.401945
25.95 -0.431729
25.96 -0.41467
25.97 -0.348582
25.98 -0.237017
25.99 -0.0883034
26 0.0860607
26.01 0.279125
26.02 0.487445
26.03 0.705713
26.04 0.925699
26.05 1.1387
26.06 1.33457
26.07 1.4988
26.08 1.61437
26.09 1.66996
26.1 1.66006
26.11 1.58562
26.12 1.44638
26.13 1.24707
26.14 0.993434
26.15 0.69669
26.16 0.370964
26.17 0.0299763
26.18 -0.311728
26.19 -0.64145
26.2 -0.944409
26.21 -1.20399
26.22 -1.4086
26.23 -1.55313
26.24 -1.63422
26.25 -1.64846
26.26 -1.59057
26.27 -1.46398
26.28 -1.27406
26.29 -1.03422
26.3 -0.764318
26.31 -0.482549
26.32 -0.20316
26.33 0.0612838
26.34 0.298528
26.35 0.49649
26.36 0.646068
26.37 0.740803
26.38 0.775158
26.39 0.74748
26.4 0.659305
26.41 0.515659
26.42 0.323574
26.43 0.0901685
26.44 -0.179644
26.45 -0.477509
26.46 -0.786403
26.47 -1.0844
26.48 -1.35272
26.49 -1.58015
26.5 -1.75785
26.51 -1.87608
26.52 -1.93021
26.53 -1.92231
26.54 -1.85053
26.55 -1.7137
26.56 -1.51404
26.57 -1.2572
26.58 -0.953384
26.59 -0.616669
26.6 -0.262449
26.61 0.0954164
26.62 0.445547
26.63 0.774673
26.64 1.06807
26.65 1.31642
26.66 1.5167
26.67 1.66796
26.68 1.76771
26.69 1.81022
26.7 1.78995
26.71 1.70918
26.72 1.57322
26.73 1.38861
26.74 1.16172
26.75 0.89982
26.76 0.616536
26.77 0.325798
26.78 0.0381398
26.79 -0.236357
26.8 -0.487851
26.81 -0.703599
26.82 -0.873805
26.83 -0.996434
26.84 -1.07107
26.85 -1.09696
26.86 -1.0726
26.87 -0.989717
26.88 -0.842234
26.89 -0.639464
26.9 -0.389091
26.91 -0.103022
26.92 0.204315
26.93 0.520111
26.94 0.833404
26.95 1.13241
26.96 1.40361
26.97 1.63316
26.98 1.81257
26.99 1.93783
27 1.98074
27.01 1.94488
27.02 1.89286
27.03 1.76422
27.04 1.56988
27.05 1.30493
27.06 0.976539
27.07 0.602495
27.08 0.200772
27.09 -0.211267
27.1 -0.614512
27.11 -0.996516
27.12 -1.34644
27.13 -1.65381
27.14 -1.91459
27.15 -2.08944
27.16 -2.19043
27.17 -2.2757
27.18 -2.31945
27.19 -2.27717
27.2 -2.13886
27.21 -1.90856
27.22 -1.59377
27.23 -1.21485
27.24 -0.798746
27.25 -0.371247
27.26 0.0441548
27.27 0.434413
27.28 0.797142
27.29 1.12764
27.3 1.41603
27.31 1.5739
27.32 1.58334
27.33 1.62983
27.34 1.70303
27.35 1.76753
27.36 1.70933
27.37 1.51329
27.38 1.18449
27.39 0.758183
27.4 0.28668
27.41 -0.177066
27.42 -0.594684
27.43 -0.944329
27.44 -1.2221
27.45 -1.43992
27.46 -1.61419
27.47 -1.7533
27.48 -1.85283
27.49 -1.89947
27.5 -1.87359
27.51 -1.74552
27.52 -1.50446
27.53 -1.15581
27.54 -0.717168
27.55 -0.22057
27.56 0.293055
27.57 0.78726
27.58 1.2342
27.59 1.61595
27.6 1.92447
27.61 2.15969
27.62 2.16489
27.63 2.17343
27.64 2.22859
27.65 2.24467
27.66 2.14547
27.67 1.90747
27.68 1.53001
27.69 1.04142
27.7 0.49101
27.71 -0.0648792
27.72 -0.576764
27.73 -1.01288
27.74 -1.36354
27.75 -1.63738
27.76 -1.85165
27.77 -1.95455
27.78 -2.00129
27.79 -2.0758
27.8 -2.14944
27.81 -2.10331
27.82 -1.9305
27.83 -1.61984
27.84 -1.19193
27.85 -0.689352
27.86 -0.163501
27.87 0.339873
27.88 0.788349
27.89 1.16707
27.9 1.47438
27.91 1.71723
27.92 1.90649
27.93 2.04546
27.94 2.12753
27.95 2.13971
27.96 2.06682
27.97 1.89193
27.98 1.61267
27.99 1.24255
28 0.807537
28.01 0.340539
28.02 -0.122421
28.03 -0.548628
28.04 -0.91659
28.05 -1.21596
28.06 -1.44389
28.07 -1.60262
28.08 -1.69601
28.09 -1.69315
28.1 -1.66695
28.11 -1.56611
28.12 -1.39221
28.13 -1.14958
28.14 -0.847765
28.15 -0.502906
28.16 -0.138474
28.17 0.219892
28.18 0.547253
28.19 0.825023
28.2 1.04367
28.21 1.20053
28.22 1.29552
28.23 1.32877
28.24 1.30562
28.25 1.23241
28.26 1.11073
28.27 0.942242
28.28 0.7276
28.29 0.470638
28.3 0.17922
28.31 -0.131981
28.32 -0.442219
28.33 -0.730679
28.34 -0.980244
28.35 -1.17839
28.36 -1.31766
28.37 -1.39461
28.38 -1.40795
28.39 -1.35924
28.4 -1.253
28.41 -1.09301
28.42 -0.881476
28.43 -0.622775
28.44 -0.322883
28.45 0.0102788
28.46 0.363599
28.47 0.718872
28.48 1.05618
28.49 1.35644
28.5 1.6043
28.51 1.78965
28.52 1.79114
28.53 1.78685
28.54 1.79514
28.55 1.79354
28.56 1.71692
28.57 1.5577
28.58 1.31747
28.59 1.01408
28.6 0.673377
28.61 0.321109
28.62 -0.0187256
28.63 -0.327537
28.64 -0.596518
28.65 -0.82644
28.66 -1.02239
28.67 -1.18818
28.68 -1.3241
28.69 -1.42593
28.7 -1.48682
28.71 -1.49751
28.72 -1.45015
28.73 -1.33905
28.74 -1.17147
28.75 -0.960677
28.76 -0.723814
28.77 -0.476961
28.78 -0.232784
28.79 -0.000555408
28.8 0.214812
28.81 0.411717
28.82 0.589288
28.83 0.744977
28.84 0.872832
28.85 0.964928
28.86 1.01072
28.87 1.00493
28.88 0.944411
28.89 0.83123
28.9 0.674404
28.91 0.481314
28.92 0.265129
28.93 0.036361
28.94 -0.19552
28.95 -0.422207
28.96 -0.637275
28.97 -0.835315
28.98 -1.01087
28.99 -1.15761
29 -1.26806
29.01 -1.33534
29.02 -1.35667
29.03 -1.3284
29.04 -1.25081
29.05 -1.12659
29.06 -0.962985
29.07 -0.768246
29.08 -0.551843
29.09 -0.323345
29.1 -0.0918733
29.11 0.134422
29.12 0.34862
29.13 0.544415
29.14 0.715704
29.15 0.856725
29.16 0.962421
29.17 1.02824
29.18 1.05113
29.19 1.02893
29.2 0.965934
29.21 0.868483
29.22 0.740647
29.23 0.589819
29.24 0.423042
29.25 0.247372
29.26 0.0700668
29.27 -0.101829
29.28 -0.261495
29.29 -0.4027
29.3 -0.520159
29.31 -0.609399
29.32 -0.667008
29.33 -0.691123
29.34 -0.681546
29.35 -0.641225
29.36 -0.569166
29.37 -0.471707
29.38 -0.353652
29.39 -0.221028
29.4 -0.0801672
29.41 0.062674
29.42 0.201535
29.43 0.330844
29.44 0.445461
29.45 0.540823
29.46 0.613122
29.47 0.659427
29.48 0.677919
29.49 0.668084
29.5 0.632317
29.51 0.569451
29.52 0.484603
29.53 0.381609
29.54 0.265465
29.55 0.141556
29.56 0.0153511
29.57 -0.107876
29.58 -0.223224
29.59 -0.326245
29.6 -0.413058
29.61 -0.480448
29.62 -0.525947
29.63 -0.547959
29.64 -0.54498
29.65 -0.518169
29.66 -0.469615
29.67 -0.40207
29.68 -0.318795
29.69 -0.223692
29.7 -0.121063
29.71 -0.0154383
29.72 0.0886055
29.73 0.186635
29.74 0.274546
29.75 0.348735
29.76 0.406266
29.77 0.444988
29.78 0.463617
29.79 0.463192
29.8 0.442497
29.81 0.403433
29.82 0.346379
29.83 0.275518
29.84 0.193983
29.85 0.105657
29.86 0.0145583
29.87 -0.0753693
29.88 -0.160414
29.89 -0.23721
29.9 -0.302808
29.91 -0.35474
29.92 -0.391074
29.93 -0.410491
29.94 -0.411561
29.95 -0.394926
29.96 -0.361387
29.97 -0.313734
29.98 -0.253764
