0.01 -0.000138637
0.02 -0.000258345
0.03 -0.000311741
0.04 -0.000291107
0.05 -0.000193546
0.06 -2.79451e-005
0.07 0.000173641
0.08 0.000382026
0.09 0.000579015
0.1 0.000766516
0.11 0.000953432
0.12 0.0011603
0.13 0.00139981
0.14 0.00166684
0.15 0.00179521
0.16 0.00172331
0.17 0.00177748
0.18 0.00227956
0.19 0.00327994
0.2 0.00461154
0.21 0.00589724
0.22 0.00670349
0.23 0.00689107
0.24 0.00660035
0.25 0.00605914
0.26 0.00526923
0.27 0.00375108
0.28 0.00117093
0.29 -0.00217948
0.3 -0.00560903
0.31 -0.00797964
0.32 -0.00834162
0.33 -0.00698375
0.34 -0.00560681
0.35 -0.00718196
0.36 -0.0142606
0.37 -0.0253362
0.38 -0.0339756
0.39 -0.033167
0.4 -0.020927
0.41 -0.0021048
0.42 0.0164249
0.43 0.0300608
0.44 0.0377165
0.45 0.0425449
0.46 0.0488156
0.47 0.0576896
0.48 0.0670232
0.49 0.0731153
0.5 0.0712955
0.51 0.0593479
0.52 0.0408108
0.53 0.0227552
0.54 0.0113485
0.55 0.0071728
0.56 0.00286526
0.57 -0.0112265
0.58 -0.0379923
0.59 -0.0712175
0.6 -0.0966103
0.61 -0.0971046
0.62 -0.0637143
0.63 -0.0005648
0.64 0.0764691
0.65 0.142919
0.66 0.176476
0.67 0.157755
0.68 0.076743
0.69 -0.0439226
0.7 -0.155256
0.71 -0.216755
0.72 -0.216186
0.73 -0.162811
0.74 -0.081085
0.75 -0.00753006
0.76 0.0148927
0.77 -0.0427666
0.78 -0.168371
0.79 -0.308515
0.8 -0.399885
0.81 -0.405279
0.82 -0.325386
0.83 -0.187761
0.84 -0.0227786
0.85 0.149343
0.86 0.315142
0.87 0.463997
0.88 0.583752
0.89 0.657649
0.9 0.665491
0.91 0.585233
0.92 0.403218
0.93 0.141548
0.94 -0.116807
0.95 -0.259558
0.96 -0.22624
0.97 -0.0705323
0.98 0.0657868
0.99 0.0465651
1 -0.169737
1.01 -0.494651
1.02 -0.77057
1.03 -0.872036
1.04 -0.758813
1.05 -0.46098
1.06 -0.0561652
1.07 0.345079
1.08 0.64351
1.09 0.796339
1.1 0.823789
1.11 0.777773
1.12 0.699211
1.13 0.604052
1.14 0.502705
1.15 0.413173
1.16 0.345077
1.17 0.285504
1.18 0.201576
1.19 0.0534116
1.2 -0.194416
1.21 -0.55675
1.22 -1.00606
1.23 -1.47731
1.24 -1.8808
1.25 -2.11325
1.26 -2.09314
1.27 -1.81596
1.28 -1.37239
1.29 -0.8989
1.3 -0.508104
1.31 -0.233782
1.32 -0.0103172
1.33 0.251642
1.34 0.574692
1.35 0.928376
1.36 1.27617
1.37 1.59201
1.38 1.8559
1.39 2.0454
1.4 2.12574
1.41 2.05651
1.42 1.82552
1.43 1.46134
1.44 1.01093
1.45 0.521009
1.46 0.0293748
1.47 -0.436445
1.48 -0.848009
1.49 -1.16512
1.5 -1.35308
1.51 -1.41285
1.52 -1.37616
1.53 -1.27509
1.54 -1.1179
1.55 -0.887461
1.56 -0.566015
1.57 -0.165309
1.58 0.264614
1.59 0.663475
1.6 0.98898
1.61 1.20151
1.62 1.25746
1.63 1.14532
1.64 0.896279
1.65 0.562743
1.66 0.195446
1.67 -0.17159
1.68 -0.517048
1.69 -0.829614
1.7 -1.11425
1.71 -1.3927
1.72 -1.69275
1.73 -2.01121
1.74 -2.29096
1.75 -2.4575
1.76 -2.44977
1.77 -2.21803
1.78 -1.74366
1.79 -1.0577
1.8 -0.223663
1.81 0.669547
1.82 1.51308
1.83 2.20878
1.84 2.69949
1.85 2.98054
1.86 3.09406
1.87 3.10208
1.88 3.05495
1.89 2.95785
1.9 2.76979
1.91 2.45354
1.92 1.99309
1.93 1.3822
1.94 0.636535
1.95 -0.19595
1.96 -1.03729
1.97 -1.79832
1.98 -2.40606
1.99 -2.81156
2 -2.98792
2.01 -2.92731
2.02 -2.64809
2.03 -2.20161
2.04 -1.65437
2.05 -1.07059
2.06 -0.499197
2.07 0.0321372
2.08 0.504896
2.09 0.906121
2.1 1.22918
2.11 1.46614
2.12 1.60526
2.13 1.63373
2.14 1.53776
2.15 1.30601
2.16 0.929483
2.17 0.400948
2.18 -0.264392
2.19 -1.00716
2.2 -1.72513
2.21 -2.29103
2.22 -2.60207
2.23 -2.63047
2.24 -2.42095
2.25 -2.05835
2.26 -1.62977
2.27 -1.19922
2.28 -0.800963
2.29 -0.431439
2.3 -0.0541446
2.31 0.40075
2.32 1.00119
2.33 1.72928
2.34 2.47604
2.35 3.10125
2.36 3.48118
2.37 3.54466
2.38 3.28726
2.39 2.75373
2.4 2.01611
2.41 1.16882
2.42 0.319722
2.43 -0.42943
2.44 -1.00666
2.45 -1.39568
2.46 -1.63682
2.47 -1.79973
2.48 -1.94348
2.49 -2.08098
2.5 -2.17042
2.51 -2.14637
2.52 -1.95447
2.53 -1.56699
2.54 -0.98522
2.55 -0.252079
2.56 0.529598
2.57 1.24092
2.58 1.79667
2.59 2.12251
2.6 2.14227
2.61 1.81857
2.62 1.16598
2.63 0.258909
2.64 -0.757926
2.65 -1.69045
2.66 -2.35178
2.67 -2.63387
2.68 -2.54877
2.69 -2.24044
2.7 -1.90546
2.71 -1.68594
2.72 -1.63186
2.73 -1.68462
2.74 -1.68766
2.75 -1.46247
2.76 -0.898648
2.77 0.00198892
2.78 1.14225
2.79 2.37533
2.8 3.53564
2.81 4.45734
2.82 5.00746
2.83 5.11641
2.84 4.79327
2.85 4.13703
2.86 3.31183
2.87 2.48312
2.88 1.74379
2.89 1.09936
2.9 0.528543
2.91 0.00837573
2.92 -0.494501
2.93 -1.03368
2.94 -1.67967
2.95 -2.4627
2.96 -3.31153
2.97 -4.07777
2.98 -4.62244
2.99 -4.86178
3 -4.77843
3.01 -4.3987
3.02 -3.72839
3.03 -2.75944
3.04 -1.5211
3.05 -0.0675461
3.06 1.53724
3.07 3.17009
3.08 4.66391
3.09 5.88073
3.1 6.70641
3.11 7.07048
3.12 6.9819
3.13 6.53107
3.14 5.88682
3.15 5.25308
3.16 4.79781
3.17 4.58605
3.18 4.55363
3.19 4.5114
3.2 4.21372
3.21 3.48782
3.22 2.32324
3.23 0.871586
3.24 -0.61679
3.25 -1.8697
3.26 -2.67517
3.27 -2.93813
3.28 -2.68373
3.29 -2.05592
3.3 -1.31429
3.31 -0.774924
3.32 -0.756383
3.33 -1.50599
3.34 -3.10351
3.35 -5.38968
3.36 -7.93687
3.37 -10.2399
3.38 -11.9258
3.39 -12.7306
3.4 -12.5032
3.41 -11.31
3.42 -9.41849
3.43 -7.19473
3.44 -5.07094
3.45 -3.40966
3.46 -2.21023
3.47 -1.16676
3.48 -0.0363975
3.49 1.18327
3.5 2.34512
3.51 3.21691
3.52 3.69081
3.53 3.88351
3.54 4.00288
3.55 4.38258
3.56 5.17509
3.57 6.1563
3.58 7.30343
3.59 8.67721
3.6 9.88592
3.61 10.5161
3.62 10.5971
3.63 10.5822
3.64 10.9446
3.65 11.7624
3.66 12.7515
3.67 13.4894
3.68 13.6109
3.69 12.9161
3.7 11.2826
3.71 8.68865
3.72 5.3381
3.73 1.45413
3.74 -2.92584
3.75 -7.79901
3.76 -13.0677
3.77 -18.5774
3.78 -24.0928
3.79 -26.9839
3.8 -28.0977
3.81 -29.5412
3.82 -30.6667
3.83 -31.6295
3.84 -31.761
3.85 -30.6215
3.86 -27.9695
3.87 -23.6488
3.88 -18.0293
3.89 -11.8329
3.9 -5.30881
3.91 0.478243
3.92 4.14063
3.93 6.55643
3.94 9.03478
3.95 11.6731
3.96 12.8499
3.97 11.6796
3.98 10.7673
3.99 10.5079
4 12.535
4.01 15.1372
4.02 16.6243
4.03 16.2334
4.04 16.2789
4.05 15.718
4.06 14.2598
4.07 10.7783
4.08 9.16802
4.09 9.53247
4.1 11.7753
4.11 15.1707
4.12 18.8736
4.13 22.0286
4.14 23.7381
4.15 23.7247
4.16 21.4379
4.17 17.9946
4.18 14.6876
4.19 11.999
4.2 10.0235
4.21 8.53144
4.22 7.13026
4.23 4.84973
4.24 1.64153
4.25 0.980536
4.26 -1.58267
4.27 -5.36399
4.28 -7.85224
4.29 -11.2654
4.3 -19.3282
4.31 -29.24
4.32 -36.726
4.33 -40.7457
4.34 -40.4858
4.35 -36.0279
4.36 -31.7669
4.37 -28.4964
4.38 -26.9566
4.39 -27.1737
4.4 -28.6051
4.41 -30.2048
4.42 -30.2785
4.43 -28.0462
4.44 -23.1092
4.45 -18.014
4.46 -11.7718
4.47 -2.85238
4.48 6.94196
4.49 14.9506
4.5 19.9244
4.51 17.7412
4.52 14.289
4.53 12.0273
4.54 12.7432
4.55 15.8414
4.56 25.6504
4.57 35.2252
4.58 39.7599
4.59 39.9722
4.6 38.0268
4.61 34.8133
4.62 31.398
4.63 28.6204
4.64 26.9427
4.65 26.4287
4.66 28.2366
4.67 30.286
4.68 30.773
4.69 27.497
4.7 21.7015
4.71 15.1719
4.72 8.93301
4.73 3.78116
4.74 0.107146
4.75 -2.20682
4.76 -3.6625
4.77 -4.846
4.78 -2.72625
4.79 -0.484088
4.8 0.78869
4.81 0.226716
4.82 -1.51769
4.83 -4.95556
4.84 -8.8595
4.85 -11.5023
4.86 -15.4827
4.87 -20.2645
4.88 -22.8535
4.89 -24.0841
4.9 -24.6157
4.91 -24.726
4.92 -25.1091
4.93 -27.306
4.94 -28.8987
4.95 -33.3826
4.96 -39.5841
4.97 -44.5876
4.98 -46.9379
4.99 -44.2054
5 -36.763
5.01 -26.0745
5.02 -14.2224
5.03 -3.29373
5.04 5.21607
5.05 7.11202
5.06 8.55551
5.07 5.56465
5.08 2.64175
5.09 3.06672
5.1 7.11734
5.11 14.5381
5.12 23.047
5.13 31.2269
5.14 37.813
5.15 43.7623
5.16 44.793
5.17 41.0386
5.18 34.2422
5.19 26.8243
5.2 20.8385
5.21 17.7367
5.22 20.5035
5.23 24.8671
5.24 27.5932
5.25 26.8927
5.26 23.4456
5.27 17.5329
5.28 11.6084
5.29 4.07375
5.3 -3.93125
5.31 -11.4113
5.32 -17.1424
5.33 -18.5227
5.34 -13.7459
5.35 -9.2313
5.36 -6.50375
5.37 -6.03341
5.38 -7.5852
5.39 -10.3487
5.4 -13.4298
5.41 -21.1992
5.42 -27.6247
5.43 -30.6908
5.44 -31.5376
5.45 -29.9656
5.46 -26.9829
5.47 -24.1032
5.48 -22.4016
5.49 -22.9764
5.5 -25.4661
5.51 -29.6476
5.52 -34.3805
5.53 -37.8001
5.54 -38.4942
5.55 -35.922
5.56 -30.1719
5.57 -21.9567
5.58 -12.5824
5.59 -3.52036
5.6 4.14704
5.61 9.9444
5.62 9.95457
5.63 6.07099
5.64 2.13315
5.65 -0.128027
5.66 1.04339
5.67 7.75646
5.68 18.4231
5.69 29.5299
5.7 40.1675
5.71 47.5266
5.72 48.3919
5.73 44.0033
5.74 36.5299
5.75 28.6452
5.76 22.476
5.77 19.8056
5.78 19.7385
5.79 21.7737
5.8 28.0533
5.81 31.486
5.82 31.2716
5.83 22.7367
5.84 12.7391
5.85 2.65824
5.86 -6.05364
5.87 -12.3522
5.88 -15.715
5.89 -16.3829
5.9 -10.3292
5.91 -4.71166
5.92 -0.890945
5.93 0.793086
5.94 0.297852
5.95 -1.81705
5.96 -6.76795
5.97 -10.8288
5.98 -13.2456
5.99 -13.6587
6 -12.2335
6.01 -9.60436
6.02 -7.2296
6.03 -6.97809
6.04 -9.343
6.05 -12.9403
6.06 -17.0234
6.07 -20.9604
6.08 -24.1504
6.09 -25.3724
6.1 -25.7671
6.11 -25.2443
6.12 -23.4905
6.13 -20.5191
6.14 -16.7951
6.15 -12.7144
6.16 -8.55445
6.17 -4.46426
6.18 -0.4565
6.19 3.51426
6.2 6.27962
6.21 5.77887
6.22 3.48827
6.23 3.60678
6.24 6.83704
6.25 11.4929
6.26 16.2868
6.27 20.0426
6.28 22.5236
6.29 22.5442
6.3 20.2108
6.31 16.4806
6.32 12.0999
6.33 8.05694
6.34 5.15902
6.35 4.47602
6.36 5.79422
6.37 8.61997
6.38 10.8529
6.39 11.815
6.4 10.9354
6.41 8.29813
6.42 4.36993
6.43 -0.0779217
6.44 -4.19219
6.45 -6.98898
6.46 -8.0477
6.47 -7.57718
6.48 -6.22377
6.49 -2.06731
6.5 0.899919
6.51 2.16657
6.52 1.52213
6.53 -1.15387
6.54 -4.35806
6.55 -7.16063
6.56 -8.91268
6.57 -9.28733
6.58 -8.30574
6.59 -6.2664
6.6 -3.71709
6.61 -1.24378
6.62 0.615161
6.63 1.72352
6.64 1.98583
6.65 1.87
6.66 1.43609
6.67 1.10526
6.68 1.39211
6.69 2.59592
6.7 4.7173
6.71 7.2308
6.72 7.96658
6.73 8.18163
6.74 8.39388
6.75 8.45145
6.76 8.26265
6.77 7.83184
6.78 7.24612
6.79 6.61779
6.8 6.05274
6.81 5.93869
6.82 6.20144
6.83 6.20837
6.84 5.96426
6.85 5.51076
6.86 4.89912
6.87 3.89674
6.88 2.36099
6.89 0.551
6.9 -1.30852
6.91 -3.01725
6.92 -4.37918
6.93 -5.44237
6.94 -6.26571
6.95 -5.60653
6.96 -4.71183
6.97 -4.6356
6.98 -5.5255
6.99 -7.13107
7 -9.05891
7.01 -10.8912
7.02 -12.1126
7.03 -12.3801
7.04 -11.6585
7.05 -10.1661
7.06 -8.45071
7.07 -7.12019
7.08 -6.53849
7.09 -6.76428
7.1 -7.67973
7.11 -9.13715
7.12 -10.9556
7.13 -13.4921
7.14 -15.3708
7.15 -15.8185
7.16 -14.6991
7.17 -12.1578
7.18 -8.66685
7.19 -4.99621
7.2 -1.79134
7.21 0.574301
7.22 1.94125
7.23 2.41824
7.24 2.40589
7.25 2.47948
7.26 2.28856
7.27 1.25734
7.28 1.93428
7.29 4.20987
7.3 7.5796
7.31 11.1857
7.32 14.25
7.33 16.1528
7.34 16.6115
7.35 15.6359
7.36 13.5609
7.37 11.0509
7.38 8.88717
7.39 7.64194
7.4 7.61662
7.41 8.61474
7.42 9.8795
7.43 10.8982
7.44 10.9911
7.45 9.89284
7.46 7.50721
7.47 5.58713
7.48 3.28082
7.49 0.619474
7.5 -2.05294
7.51 -4.31599
7.52 -6.33907
7.53 -7.45636
7.54 -7.72895
7.55 -7.24043
7.56 -6.55367
7.57 -6.07582
7.58 -4.27242
7.59 -3.72133
7.6 -4.15453
7.61 -5.32415
7.62 -6.79798
7.63 -8.06521
7.64 -8.70699
7.65 -8.51285
7.66 -7.56746
7.67 -6.20243
7.68 -4.87669
7.69 -4.00535
7.7 -3.83385
7.71 -4.39398
7.72 -5.49955
7.73 -6.75713
7.74 -7.74175
7.75 -8.16662
7.76 -7.31177
7.77 -5.31504
7.78 -2.58944
7.79 0.312595
7.8 2.74899
7.81 4.16452
7.82 4.39283
7.83 4.05916
7.84 3.72897
7.85 3.70821
7.86 3.51618
7.87 3.74395
7.88 4.53154
7.89 5.74141
7.9 7.07796
7.91 8.24002
7.92 9.04602
7.93 9.39682
7.94 9.30138
7.95 8.86571
7.96 8.18835
7.97 7.36282
7.98 6.49132
7.99 5.68155
8 4.87517
8.01 3.77742
8.02 2.55752
8.03 1.34458
8.04 0.390897
8.05 -0.0698754
8.06 -0.0528616
8.07 0.155415
8.08 0.233119
8.09 -0.0475683
8.1 -0.777065
8.11 -1.83584
8.12 -2.88205
8.13 -3.44535
8.14 -2.56802
8.15 -2.32313
8.16 -1.07116
8.17 0.576526
8.18 2.43656
8.19 4.26406
8.2 5.59078
8.21 7.13885
8.22 7.36825
8.23 6.90048
8.24 6.36241
8.25 6.29708
8.26 7.02508
8.27 8.53825
8.28 10.5545
8.29 12.673
8.3 14.5097
8.31 15.8137
8.32 16.5305
8.33 16.7943
8.34 16.8393
8.35 16.8744
8.36 17.0031
8.37 17.1313
8.38 17.1176
8.39 16.8826
8.4 16.3412
8.41 15.4219
8.42 13.8473
8.43 12.5476
8.44 10.7441
8.45 8.23648
8.46 5.0367
8.47 1.24484
8.48 -2.9793
8.49 -7.45226
8.5 -10.1086
8.51 -8.83196
8.52 -8.5616
8.53 -10.1968
8.54 -12.757
8.55 -15.978
8.56 -19.9203
8.57 -24.1031
8.58 -27.825
8.59 -31.8771
8.6 -34.4423
8.61 -34.5885
8.62 -32.8274
8.63 -29.9862
8.64 -26.9925
8.65 -24.6267
8.66 -23.3316
8.67 -23.0884
8.68 -23.5209
8.69 -23.7357
8.7 -24.7288
8.71 -23.5748
8.72 -20.3165
8.73 -15.3472
8.74 -9.47806
8.75 -4.05745
8.76 -0.127543
8.77 1.85328
8.78 1.94437
8.79 -0.298435
8.8 -4.48117
8.81 -5.41023
8.82 -5.91072
8.83 -7.63747
8.84 -8.05865
8.85 -7.42202
8.86 -6.16442
8.87 -4.82228
8.88 -3.9053
8.89 -4.0772
8.9 -5.3671
8.91 -7.40501
8.92 -9.55249
8.93 -11.0737
8.94 -11.3578
8.95 -10.1219
8.96 -7.48895
8.97 -3.95004
8.98 -0.222736
8.99 2.94516
9 1.94702
9.01 1.25055
9.02 0.615847
9.03 0.345186
9.04 1.56124
9.05 3.28801
9.06 4.7825
9.07 6.10369
9.08 7.22241
9.09 8.17237
9.1 8.80851
9.11 9.46395
9.12 9.01537
9.13 7.95404
9.14 7.35071
9.15 7.31849
9.16 7.86367
9.17 8.93414
9.18 10.4339
9.19 12.2231
9.2 14.0991
9.21 15.9333
9.22 18.5632
9.23 21.1857
9.24 24.2175
9.25 26.9004
9.26 27.9411
9.27 27.5023
9.28 26.1261
9.29 24.5775
9.3 23.3852
9.31 22.6474
9.32 22.0628
9.33 21.285
9.34 20.1876
9.35 18.6936
9.36 16.678
9.37 14.0506
9.38 10.9096
9.39 7.42484
9.4 3.72412
9.41 0.0881894
9.42 -3.01042
9.43 -4.55661
9.44 -3.23451
9.45 -1.67374
9.46 -0.211376
9.47 0.471922
9.48 0.131903
9.49 -1.15755
9.5 -3.10339
9.51 -4.85985
9.52 -6.3286
9.53 -7.28347
9.54 -7.58688
9.55 -7.25716
9.56 -6.60259
9.57 -5.92985
9.58 -5.53771
9.59 -5.62707
9.6 -6.2413
9.61 -7.26254
9.62 -8.4441
9.63 -9.49952
9.64 -10.2316
9.65 -10.3143
9.66 -9.55468
9.67 -8.20446
9.68 -6.63582
9.69 -5.23497
9.7 -4.30674
9.71 -3.99485
9.72 -4.25087
9.73 -4.85446
9.74 -5.49964
9.75 -5.89418
9.76 -5.84589
9.77 -5.30114
9.78 -4.34649
9.79 -3.16239
9.8 -1.96905
9.81 -0.962804
9.82 -0.237989
9.83 0.237987
9.84 0.588402
9.85 0.979097
9.86 1.57086
9.87 2.38259
9.88 3.42847
9.89 4.69383
9.9 5.24892
9.91 5.89714
9.92 6.60365
9.93 7.27594
9.94 7.87103
9.95 8.29762
9.96 8.49361
9.97 8.40675
9.98 8.05162
9.99 7.49151
10 6.78705
10.01 6.04758
10.02 5.33657
10.03 4.66453
10.04 4.06686
10.05 3.57155
10.06 3.14708
10.07 2.82481
10.08 2.5938
10.09 2.23887
10.1 1.38588
10.11 -0.132493
10.12 -1.83102
10.13 -3.7008
10.14 -5.49876
10.15 -7.02057
10.16 -8.09143
10.17 -8.25485
10.18 -7.01035
10.19 -6.02754
10.2 -5.59067
10.21 -5.80383
10.22 -6.56971
10.23 -7.62408
10.24 -8.62963
10.25 -9.24265
10.26 -9.23209
10.27 -8.47831
10.28 -7.09338
10.29 -5.24906
10.3 -3.30474
10.31 -1.67979
10.32 -0.671748
10.33 -0.436727
10.34 -0.938538
10.35 -1.95581
10.36 -3.13221
10.37 -4.09634
10.38 -4.60902
10.39 -4.62718
10.4 -4.27812
10.41 -3.80199
10.42 -3.47783
10.43 -3.44336
10.44 -3.35622
10.45 -3.609
10.46 -4.36536
10.47 -5.41375
10.48 -6.46735
10.49 -7.20701
10.5 -7.09919
10.51 -6.17283
10.52 -4.62304
10.53 -2.79219
10.54 -1.07161
10.55 0.236605
10.56 0.998468
10.57 1.26004
10.58 1.18882
10.59 0.991876
10.6 0.864355
10.61 0.937351
10.62 1.25281
10.63 1.76111
10.64 2.34054
10.65 2.84416
10.66 3.15425
10.67 3.25119
10.68 3.17217
10.69 2.93745
10.7 2.57313
10.71 2.10413
10.72 1.58231
10.73 1.12657
10.74 0.889661
10.75 1.0195
10.76 1.58479
10.77 2.13414
10.78 2.96366
10.79 3.79841
10.8 4.50179
10.81 4.93263
10.82 5.05658
10.83 4.92856
10.84 4.67387
10.85 4.4045
10.86 4.24017
10.87 4.22299
10.88 4.31145
10.89 4.40385
10.9 4.36745
10.91 4.06672
10.92 3.40394
10.93 2.35462
10.94 0.968155
10.95 -0.652854
10.96 -2.37682
10.97 -4.06746
10.98 -5.61081
10.99 -6.85075
11 -7.31791
11.01 -7.92162
11.02 -8.65542
11.03 -9.53339
11.04 -10.5024
11.05 -11.4536
11.06 -12.1135
11.07 -12.3202
11.08 -12.0465
11.09 -11.3316
11.1 -10.2844
11.11 -9.00976
11.12 -7.51377
11.13 -5.87993
11.14 -4.14716
11.15 -2.33422
11.16 -1.06841
11.17 0.135763
11.18 1.66443
11.19 3.50272
11.2 5.4388
11.21 7.40506
11.22 8.17369
11.23 7.69707
11.24 7.40976
11.25 7.37464
11.26 7.64108
11.27 8.16931
11.28 8.83431
11.29 9.45912
11.3 9.86005
11.31 9.91983
11.32 9.6175
11.33 9.04599
11.34 8.38505
11.35 7.84513
11.36 7.6017
11.37 7.73094
11.38 8.23742
11.39 9.00617
11.4 9.78735
11.41 10.3705
11.42 10.6071
11.43 10.447
11.44 9.65657
11.45 8.35056
11.46 6.76843
11.47 5.14743
11.48 3.65932
11.49 2.36539
11.5 1.21548
11.51 0.0953908
11.52 -1.12018
11.53 -2.53081
11.54 -3.90908
11.55 -4.48746
11.56 -4.75781
11.57 -5.48969
11.58 -6.60174
11.59 -7.83789
11.6 -9.08854
11.61 -10.1758
11.62 -10.9503
11.63 -11.328
11.64 -11.2804
11.65 -10.9094
11.66 -10.366
11.67 -9.82332
11.68 -9.43474
11.69 -9.29915
11.7 -9.43958
11.71 -9.79318
11.72 -10.2538
11.73 -10.6727
11.74 -10.9035
11.75 -10.8443
11.76 -10.3319
11.77 -9.28089
11.78 -7.72497
11.79 -5.95952
11.8 -4.27616
11.81 -2.90318
11.82 -1.95444
11.83 -1.4054
11.84 -1.11509
11.85 -0.882332
11.86 -0.516922
11.87 0.0981255
11.88 0.972346
11.89 1.93636
11.9 2.81726
11.91 3.06782
11.92 3.0187
11.93 2.94581
11.94 2.82667
11.95 2.65699
11.96 2.39372
11.97 1.98305
11.98 1.52345
11.99 1.11407
12 0.853371
12.01 0.819075
12.02 1.05356
12.03 1.54222
12.04 2.20649
12.05 2.92127
12.06 3.55693
12.07 4.03054
12.08 4.32387
12.09 4.47904
12.1 4.57708
12.11 4.69625
12.12 4.94177
12.13 5.35372
12.14 5.98598
12.15 6.75761
12.16 7.51182
12.17 8.05507
12.18 7.77828
12.19 7.08713
12.2 6.37176
12.21 5.76911
12.22 5.37552
12.23 5.22725
12.24 5.30355
12.25 5.53897
12.26 5.84368
12.27 6.13664
12.28 6.36816
12.29 6.52539
12.3 6.63688
12.31 6.75018
12.32 6.91722
12.33 7.17588
12.34 7.53296
12.35 7.95392
12.36 8.38055
12.37 8.73276
12.38 8.92443
12.39 8.58016
12.4 7.58932
12.41 6.06318
12.42 4.18434
12.43 2.15595
12.44 0.164734
12.45 -1.64574
12.46 -3.19981
12.47 -4.49804
12.48 -5.12682
12.49 -4.77591
12.5 -4.64231
12.51 -5.03706
12.52 -5.89973
12.53 -7.01469
12.54 -8.09167
12.55 -8.84018
12.56 -9.03753
12.57 -8.54852
12.58 -7.43304
12.59 -5.91055
12.6 -4.29132
12.61 -2.84078
12.62 -1.85396
12.63 -1.45376
12.64 -1.59033
12.65 -2.08699
12.66 -2.69399
12.67 -3.15997
12.68 -3.3093
12.69 -3.09145
12.7 -2.57427
12.71 -1.89784
12.72 -1.21229
12.73 -0.656782
12.74 -0.304918
12.75 -0.162388
12.76 -0.16284
12.77 -0.195303
12.78 -0.1451
12.79 0.0776836
12.8 0.5117
12.81 1.12628
12.82 1.8354
12.83 2.53176
12.84 3.12032
12.85 3.57304
12.86 3.8804
12.87 4.04813
12.88 4.09222
12.89 4.0316
12.9 3.87351
12.91 3.62364
12.92 3.27197
12.93 2.81839
12.94 2.27621
12.95 1.66844
12.96 1.03562
12.97 0.426386
12.98 -0.125119
12.99 -0.60959
13 -1.04245
13.01 -1.44865
13.02 -1.84026
13.03 -2.20079
13.04 -2.48298
13.05 -2.62617
13.06 -2.5837
13.07 -2.32382
13.08 -1.85244
13.09 -1.25385
13.1 -0.647616
13.11 -0.138293
13.12 0.199394
13.13 0.338353
13.14 0.301424
13.15 0.14163
13.16 -0.0792609
13.17 -0.2899
13.18 -0.474825
13.19 -0.667561
13.2 -0.919666
13.21 -1.28047
13.22 -1.78257
13.23 -2.42564
13.24 -3.1672
13.25 -3.93222
13.26 -4.6341
13.27 -5.19429
13.28 -5.56005
13.29 -5.71615
13.3 -5.68295
13.31 -5.49951
13.32 -5.20202
13.33 -4.81724
13.34 -4.35553
13.35 -3.82079
13.36 -3.17846
13.37 -2.44461
13.38 -1.659
13.39 -0.879796
13.4 -0.156842
13.41 0.473914
13.42 0.986206
13.43 1.36973
13.44 1.63052
13.45 1.78979
13.46 1.87529
13.47 1.91226
13.48 1.92095
13.49 1.8994
13.5 1.8363
13.51 1.70963
13.52 1.49857
13.53 1.20047
13.54 0.828203
13.55 0.45083
13.56 0.0908514
13.57 -0.223268
13.58 -0.480428
13.59 -0.681574
13.6 -0.843857
13.61 -0.994289
13.62 -1.16125
13.63 -1.36665
13.64 -1.62188
13.65 -1.92913
13.66 -2.28443
13.67 -2.67443
13.68 -3.07364
13.69 -3.44834
13.7 -3.76883
13.71 -4.01638
13.72 -4.18497
13.73 -4.28244
13.74 -4.31766
13.75 -4.29698
13.76 -4.2024
13.77 -4.01549
13.78 -3.74944
13.79 -3.41735
13.8 -3.02887
13.81 -2.58676
13.82 -2.09232
13.83 -1.54738
13.84 -0.960058
13.85 -0.344255
13.86 0.286645
13.87 0.919993
13.88 1.53903
13.89 2.11922
13.9 2.6365
13.91 3.06991
13.92 3.39917
13.93 3.61475
13.94 3.72084
13.95 3.72692
13.96 3.64652
13.97 3.51817
13.98 3.3396
13.99 3.10816
14 2.81574
14.01 2.45459
14.02 2.0225
14.03 1.52509
14.04 0.978833
14.05 0.407447
14.06 -0.158183
14.07 -0.682577
14.08 -1.13736
14.09 -1.50216
14.1 -1.76228
14.11 -1.91403
14.12 -1.9619
14.13 -1.91943
14.14 -1.80414
14.15 -1.62362
14.16 -1.35982
14.17 -1.01295
14.18 -0.612366
14.19 -0.189995
14.2 0.227897
14.21 0.62563
14.22 1.0015
14.23 1.36005
14.24 1.7097
14.25 2.05938
14.26 2.40845
14.27 2.744
14.28 3.04647
14.29 3.29281
14.3 3.46306
14.31 3.28526
14.32 3.14946
14.33 3.10089
14.34 3.16192
14.35 3.33057
14.36 3.5743
14.37 3.82702
14.38 4.02861
14.39 4.14254
14.4 4.14107
14.41 4.02099
14.42 3.79511
14.43 3.47321
14.44 3.06369
14.45 2.58192
14.46 2.04614
14.47 1.47663
14.48 0.901806
14.49 0.344623
14.5 -0.177472
14.51 -0.655452
14.52 -1.08802
14.53 -1.47903
14.54 -1.83673
14.55 -2.15827
14.56 -2.42426
14.57 -2.60493
14.58 -2.65978
14.59 -2.53982
14.6 -2.2339
14.61 -1.78653
14.62 -1.26109
14.63 -0.733821
14.64 -0.274819
14.65 0.0773143
14.66 0.317152
14.67 0.464171
14.68 0.551088
14.69 0.611957
14.7 0.674434
14.71 0.742744
14.72 0.801659
14.73 0.830999
14.74 0.799975
14.75 0.679814
14.76 0.464518
14.77 0.138317
14.78 -0.286784
14.79 -0.778019
14.8 -1.29122
14.81 -1.77678
14.82 -2.192
14.83 -2.51622
14.84 -2.74763
14.85 -2.90128
14.86 -3.00289
14.87 -3.07587
14.88 -3.13176
14.89 -3.16714
14.9 -3.16625
14.91 -3.10954
14.92 -2.98384
14.93 -2.77728
14.94 -2.468
14.95 -2.0555
14.96 -1.55594
14.97 -0.99774
14.98 -0.413884
14.99 0.169437
15 0.735884
15.01 1.27783
15.02 1.79568
15.03 2.29152
15.04 2.76401
15.05 3.20828
15.06 3.6161
15.07 3.97854
15.08 4.00529
15.09 3.87777
15.1 3.87149
15.11 3.99317
15.12 4.22111
15.13 4.51276
15.14 4.81775
15.15 5.08349
15.16 5.26397
15.17 5.26239
15.18 5.09748
15.19 4.80058
15.2 4.41991
15.21 3.9942
15.22 3.56208
15.23 3.14916
15.24 2.75591
15.25 2.361
15.26 1.92811
15.27 1.40893
15.28 0.764147
15.29 -0.0201719
15.3 -0.929254
15.31 -1.91349
15.32 -2.89277
15.33 -3.78111
15.34 -4.50379
15.35 -5.00402
15.36 -5.25466
15.37 -5.26769
15.38 -5.09504
15.39 -4.80597
15.4 -4.46502
15.41 -4.10457
15.42 -3.72719
15.43 -3.33635
15.44 -2.92049
15.45 -2.46673
15.46 -1.97455
15.47 -1.45919
15.48 -0.95216
15.49 -0.496943
15.5 -0.139482
15.51 0.0857932
15.52 0.157519
15.53 0.0773863
15.54 -0.133626
15.55 -0.437011
15.56 -0.785878
15.57 -1.13444
15.58 -1.43758
15.59 -1.66938
15.6 -1.81229
15.61 -1.85614
15.62 -1.79446
15.63 -1.62427
15.64 -1.34864
15.65 -0.974552
15.66 -0.509117
15.67 0.0312997
15.68 0.623673
15.69 1.25971
15.7 1.91532
15.71 2.55689
15.72 3.14199
15.73 3.62171
15.74 3.94976
15.75 4.09797
15.76 4.06721
15.77 3.87898
15.78 3.56041
15.79 3.1483
15.8 2.67694
15.81 2.17473
15.82 1.66238
15.83 1.16032
15.84 0.686774
15.85 0.252569
15.86 -0.13832
15.87 -0.490448
15.88 -0.816783
15.89 -1.12611
15.9 -1.41407
15.91 -1.67125
15.92 -1.88341
15.93 -2.03246
15.94 -2.10989
15.95 -2.12511
15.96 -2.09873
15.97 -2.05363
15.98 -2.01503
15.99 -2.00608
16 -2.03865
16.01 -2.10882
16.02 -2.20324
16.03 -2.30908
16.04 -2.40655
16.05 -2.46066
16.06 -2.42605
16.07 -2.28492
16.08 -2.02864
16.09 -1.66398
16.1 -1.21147
16.11 -0.699028
16.12 -0.155304
16.13 0.382915
16.14 0.8769
16.15 1.30161
16.16 1.64496
16.17 1.90278
16.18 2.08057
16.19 2.1977
16.2 2.27858
16.21 2.33231
16.22 2.34247
16.23 2.30328
16.24 2.17302
16.25 1.92136
16.26 1.533
16.27 1.01926
16.28 0.415232
16.29 -0.228689
16.3 -0.862038
16.31 -1.44623
16.32 -1.9538
16.33 -2.3633
16.34 -2.65537
16.35 -2.81401
16.36 -2.83351
16.37 -2.72319
16.38 -2.51371
16.39 -2.24342
16.4 -1.95459
16.41 -1.66304
16.42 -1.39496
16.43 -1.15918
16.44 -0.950951
16.45 -0.758414
16.46 -0.571082
16.47 -0.386454
16.48 -0.215374
16.49 -0.0754979
16.5 0.0164593
16.51 0.0476339
16.52 0.0137584
16.53 -0.0759027
16.54 -0.196234
16.55 -0.31104
16.56 -0.387587
16.57 -0.401344
16.58 -0.334754
16.59 -0.185673
16.6 0.0376721
16.61 0.330335
16.62 0.674498
16.63 1.04993
16.64 1.43181
16.65 1.79256
16.66 2.10935
16.67 2.36422
16.68 2.53658
16.69 2.60455
16.7 2.55698
16.71 2.39694
16.72 2.13542
16.73 1.79539
16.74 1.40262
16.75 0.986471
16.76 0.566319
16.77 0.148435
16.78 -0.269838
16.79 -0.687912
16.8 -1.09581
16.81 -1.47066
16.82 -1.77832
16.83 -1.97855
16.84 -2.03712
16.85 -1.94171
16.86 -1.70953
16.87 -1.38211
16.88 -1.01853
16.89 -0.667854
16.9 -0.364256
16.91 -0.121198
16.92 0.0662187
16.93 0.20854
16.94 0.322818
16.95 0.419121
16.96 0.495069
16.97 0.535287
16.98 0.515622
16.99 0.415582
17 0.222045
17.01 -0.0624477
17.02 -0.413512
17.03 -0.798566
17.04 -1.17637
17.05 -1.50574
17.06 -1.75304
17.07 -1.89559
17.08 -1.92245
17.09 -1.84163
17.1 -1.66919
17.11 -1.41434
17.12 -1.08945
17.13 -0.709957
17.14 -0.293321
17.15 0.144959
17.16 0.600107
17.17 1.07371
17.18 1.56794
17.19 2.07641
17.2 2.57566
17.21 3.03433
17.22 3.41835
17.23 3.69184
17.24 3.82285
17.25 3.79493
17.26 3.61451
17.27 3.30358
17.28 2.89998
17.29 2.44513
17.3 1.98662
17.31 1.53825
17.32 1.10795
17.33 0.696296
17.34 0.300282
17.35 -0.0813604
17.36 -0.448202
17.37 -0.792491
17.38 -1.09898
17.39 -1.35051
17.4 -1.53165
17.41 -1.63493
17.42 -1.65951
17.43 -1.61932
17.44 -1.54216
17.45 -1.46027
17.46 -1.39555
17.47 -1.35801
17.48 -1.35088
17.49 -1.37401
17.5 -1.42157
17.51 -1.48816
17.52 -1.56242
17.53 -1.64668
17.54 -1.73632
17.55 -1.82068
17.56 -1.88397
17.57 -1.90882
17.58 -1.87464
17.59 -1.76611
17.6 -1.57771
17.61 -1.31294
17.62 -0.975899
17.63 -0.579135
17.64 -0.139133
17.65 0.344884
17.66 0.880872
17.67 1.46331
17.68 2.07735
17.69 2.71336
17.7 3.35546
17.71 3.97537
17.72 4.53828
17.73 5.00962
17.74 5.36265
17.75 5.57697
17.76 5.63416
17.77 5.52236
17.78 5.25414
17.79 4.85612
17.8 4.36175
17.81 3.80162
17.82 3.19742
17.83 2.55906
17.84 1.88972
17.85 1.18593
17.86 0.438336
17.87 -0.34875
17.88 -1.14938
17.89 -1.92574
17.9 -2.63645
17.91 -3.24325
17.92 -3.72004
17.93 -4.05626
17.94 -4.25233
17.95 -4.32019
17.96 -4.27892
17.97 -4.14796
17.98 -3.94177
17.99 -3.66927
18 -3.33161
18.01 -2.92263
18.02 -2.45043
18.03 -1.93902
18.04 -1.40798
18.05 -0.874697
18.06 -0.361969
18.07 0.107907
18.08 0.514394
18.09 0.843711
18.1 1.09693
18.11 1.27962
18.12 1.39859
18.13 1.46223
18.14 1.48035
18.15 1.45774
18.16 1.39006
18.17 1.27141
18.18 1.1035
18.19 0.900736
18.2 0.674317
18.21 0.427458
18.22 0.164683
18.23 -0.108219
18.24 -0.385818
18.25 -0.665648
18.26 -0.950554
18.27 -1.24672
18.28 -1.55873
18.29 -1.88863
18.3 -2.23077
18.31 -2.57387
18.32 -2.90494
18.33 -3.20655
18.34 -3.45918
18.35 -3.64584
18.36 -3.75861
18.37 -3.79828
18.38 -3.76245
18.39 -3.64102
18.4 -3.44596
18.41 -3.18577
18.42 -2.8667
18.43 -2.50218
18.44 -2.11612
18.45 -1.73759
18.46 -1.38379
18.47 -1.0551
18.48 -0.742613
18.49 -0.43225
18.5 -0.117204
18.51 0.194287
18.52 0.482375
18.53 0.718915
18.54 0.879049
18.55 0.957227
18.56 0.967443
18.57 0.938523
18.58 0.897781
18.59 0.873684
18.6 0.884953
18.61 0.935152
18.62 1.01783
18.63 1.1196
18.64 1.21738
18.65 1.28589
18.66 1.3133
18.67 1.30735
18.68 1.2894
18.69 1.28862
18.7 1.32817
18.71 1.41877
18.72 1.55939
18.73 1.73884
18.74 1.94441
18.75 2.1638
18.76 2.38647
18.77 2.60021
18.78 2.79868
18.79 2.98335
18.8 3.153
18.81 3.30157
18.82 3.42761
18.83 3.53355
18.84 3.61293
18.85 3.65414
18.86 3.64777
18.87 3.58725
18.88 3.47083
18.89 3.29601
18.9 3.05061
18.91 2.7278
18.92 2.3211
18.93 1.82636
18.94 1.2533
18.95 0.63064
18.96 -0.0035962
18.97 -0.612838
18.98 -1.1627
18.99 -1.63203
19 -2.02059
19.01 -2.34324
19.02 -2.62612
19.03 -2.89625
19.04 -3.16479
19.05 -3.43577
19.06 -3.70856
19.07 -3.95829
19.08 -4.14625
19.09 -4.24576
19.1 -4.24772
19.11 -4.15641
19.12 -3.97907
19.13 -3.74366
19.14 -3.48144
19.15 -3.22187
19.16 -2.98404
19.17 -2.76925
19.18 -2.5612
19.19 -2.33008
19.2 -2.04386
19.21 -1.68686
19.22 -1.26627
19.23 -0.803872
19.24 -0.330835
19.25 0.115064
19.26 0.503715
19.27 0.822232
19.28 1.06846
19.29 1.24382
19.3 1.35323
19.31 1.40514
19.32 1.40788
19.33 1.36533
19.34 1.2756
19.35 1.1386
19.36 0.958052
19.37 0.73897
19.38 0.488752
19.39 0.221931
19.4 -0.047667
19.41 -0.308839
19.42 -0.544282
19.43 -0.734764
19.44 -0.863799
19.45 -0.915103
19.46 -0.880781
19.47 -0.764507
19.48 -0.568691
19.49 -0.300131
19.5 0.0259409
19.51 0.387992
19.52 0.763585
19.53 1.13234
19.54 1.47593
19.55 1.78133
19.56 2.04277
19.57 2.25827
19.58 2.42659
19.59 2.54141
19.6 2.59136
19.61 2.56464
19.62 2.45377
19.63 2.25753
19.64 1.98831
19.65 1.66802
19.66 1.32243
19.67 0.976761
19.68 0.650151
19.69 0.354644
19.7 0.0954316
19.71 -0.12636
19.72 -0.309092
19.73 -0.448388
19.74 -0.535097
19.75 -0.556455
19.76 -0.509687
19.77 -0.403686
19.78 -0.251244
19.79 -0.0654344
19.8 0.137273
19.81 0.3402
19.82 0.531819
19.83 0.696459
19.84 0.830448
19.85 0.935405
19.86 1.01618
19.87 1.07642
19.88 1.11206
19.89 1.11981
19.9 1.10231
19.91 1.06317
19.92 1.00689
19.93 0.945351
19.94 0.896492
19.95 0.872449
19.96 0.87511
19.97 0.906311
19.98 0.970273
19.99 1.0656
20 1.18772
20.01 1.32732
20.02 1.47563
20.03 1.62354
20.04 1.75423
20.05 1.84815
20.06 1.88491
20.07 1.84825
20.08 1.73461
20.09 1.55199
20.1 1.30993
20.11 1.01514
20.12 0.675288
20.13 0.305117
20.14 -0.0853886
20.15 -0.487885
20.16 -0.889741
20.17 -1.27823
20.18 -1.63969
20.19 -1.95532
20.2 -2.2007
20.21 -2.35283
20.22 -2.39795
20.23 -2.33092
20.24 -2.15964
20.25 -1.90371
20.26 -1.58053
20.27 -1.20614
20.28 -0.80406
20.29 -0.400856
20.3 -0.0183676
20.31 0.326324
20.32 0.619899
20.33 0.852673
20.34 1.01831
20.35 1.11092
20.36 1.12127
20.37 1.04051
20.38 0.868999
20.39 0.615554
20.4 0.296489
20.41 -0.0693036
20.42 -0.456497
20.43 -0.83681
20.44 -1.18944
20.45 -1.50407
20.46 -1.77169
20.47 -1.98106
20.48 -2.1214
20.49 -2.18391
20.5 -2.16399
20.51 -2.06195
20.52 -1.88668
20.53 -1.65431
20.54 -1.385
20.55 -1.10182
20.56 -0.828962
20.57 -0.58954
20.58 -0.396132
20.59 -0.250596
20.6 -0.15525
20.61 -0.114827
20.62 -0.133827
20.63 -0.212004
20.64 -0.346022
20.65 -0.526172
20.66 -0.737028
20.67 -0.959507
20.68 -1.17217
20.69 -1.35317
20.7 -1.48699
20.71 -1.57066
20.72 -1.60873
20.73 -1.61013
20.74 -1.57984
20.75 -1.51426
20.76 -1.40322
20.77 -1.23333
20.78 -0.994193
20.79 -0.686508
20.8 -0.323773
20.81 0.0621338
20.82 0.430987
20.83 0.745373
20.84 0.97823
20.85 1.12547
20.86 1.20389
20.87 1.23548
20.88 1.23875
20.89 1.2251
20.9 1.1955
20.91 1.14431
20.92 1.06226
20.93 0.942172
20.94 0.785869
20.95 0.611724
20.96 0.444444
20.97 0.30464
20.98 0.208396
20.99 0.164587
21 0.17949
21.01 0.249221
21.02 0.362922
21.03 0.508625
21.04 0.677473
21.05 0.865256
21.06 1.06655
21.07 1.27576
21.08 1.49402
21.09 1.71458
21.1 1.91779
21.11 2.08504
21.12 2.19706
21.13 2.24048
21.14 2.21269
21.15 2.1199
21.16 1.97813
21.17 1.80835
21.18 1.6297
21.19 1.45268
21.2 1.27357
21.21 1.07783
21.22 0.847963
21.23 0.57614
21.24 0.273711
21.25 -0.0316256
21.26 -0.30973
21.27 -0.53747
21.28 -0.704857
21.29 -0.818769
21.3 -0.904661
21.31 -0.991021
21.32 -1.09657
21.33 -1.22425
21.34 -1.35826
21.35 -1.47167
21.36 -1.53141
21.37 -1.51167
21.38 -1.40895
21.39 -1.24024
21.4 -1.03672
21.41 -0.832939
21.42 -0.651872
21.43 -0.502817
21.44 -0.375989
21.45 -0.249329
21.46 -0.0978895
21.47 0.0940087
21.48 0.32768
21.49 0.59302
21.5 0.86781
21.51 1.12539
21.52 1.34326
21.53 1.5073
21.54 1.61826
21.55 1.68601
21.56 1.72148
21.57 1.7357
21.58 1.7344
21.59 1.71057
21.6 1.65221
21.61 1.54999
21.62 1.38423
21.63 1.13854
21.64 0.80995
21.65 0.409158
21.66 -0.0433469
21.67 -0.523824
21.68 -1.01019
21.69 -1.48396
21.7 -1.93452
21.71 -2.35876
21.72 -2.75737
21.73 -3.13081
21.74 -3.47557
21.75 -3.78244
21.76 -4.03762
21.77 -4.22536
21.78 -4.33235
21.79 -4.35462
21.8 -4.29408
21.81 -4.14932
21.82 -3.92647
21.83 -3.63316
21.84 -3.2789
21.85 -2.88073
21.86 -2.45376
21.87 -2.01356
21.88 -1.5792
21.89 -1.16289
21.9 -0.77222
21.91 -0.414862
21.92 -0.0933734
21.93 0.1925
21.94 0.441893
21.95 0.651879
21.96 0.817794
21.97 0.933593
21.98 0.997941
21.99 1.01742
22 0.995695
22.01 0.934634
22.02 0.835166
22.03 0.704487
22.04 0.556927
22.05 0.408668
22.06 0.268037
22.07 0.135762
22.08 0.0104275
22.09 -0.112204
22.1 -0.238816
22.11 -0.376893
22.12 -0.531246
22.13 -0.698748
22.14 -0.868881
22.15 -1.02468
22.16 -1.14519
22.17 -1.21197
22.18 -1.2139
22.19 -1.15149
22.2 -1.03282
22.21 -0.873116
22.22 -0.68754
22.23 -0.489805
22.24 -0.292348
22.25 -0.104737
22.26 0.0721821
22.27 0.242776
22.28 0.414089
22.29 0.592603
22.3 0.776138
22.31 0.950755
22.32 1.09753
22.33 1.19594
22.34 1.22745
22.35 1.18664
22.36 1.08339
22.37 0.932193
22.38 0.750494
22.39 0.555722
22.4 0.362389
22.41 0.180482
22.42 0.0141976
22.43 -0.138475
22.44 -0.279322
22.45 -0.404411
22.46 -0.508257
22.47 -0.583868
22.48 -0.623246
22.49 -0.618885
22.5 -0.561306
22.51 -0.447308
22.52 -0.283189
22.53 -0.077839
22.54 0.158311
22.55 0.416568
22.56 0.695718
22.57 0.99683
22.58 1.3143
22.59 1.64096
22.6 1.96589
22.61 2.2712
22.62 2.54077
22.63 2.76541
22.64 2.9418
22.65 3.07387
22.66 3.17079
22.67 3.2402
22.68 3.28682
22.69 3.31496
22.7 3.32683
22.71 3.32119
22.72 3.30084
22.73 3.26385
22.74 3.20115
22.75 3.10457
22.76 2.97235
22.77 2.80901
22.78 2.62092
22.79 2.41906
22.8 2.21437
22.81 2.01074
22.82 1.8029
22.83 1.57421
22.84 1.30811
22.85 0.998203
22.86 0.644568
22.87 0.256166
22.88 -0.149657
22.89 -0.551446
22.9 -0.928429
22.91 -1.26603
22.92 -1.55625
22.93 -1.79892
22.94 -1.99633
22.95 -2.15009
22.96 -2.26244
22.97 -2.33266
22.98 -2.35352
22.99 -2.31407
23 -2.21057
23.01 -2.04478
23.02 -1.82374
23.03 -1.56462
23.04 -1.29259
23.05 -1.03088
23.06 -0.793971
23.07 -0.586776
23.08 -0.404792
23.09 -0.238062
23.1 -0.0787909
23.11 0.0778446
23.12 0.232227
23.13 0.37481
23.14 0.488097
23.15 0.555523
23.16 0.569784
23.17 0.535205
23.18 0.466645
23.19 0.388697
23.2 0.328315
23.21 0.30399
23.22 0.322402
23.23 0.373906
23.24 0.43789
23.25 0.495746
23.26 0.540905
23.27 0.570658
23.28 0.586561
23.29 0.599416
23.3 0.617427
23.31 0.640227
23.32 0.663844
23.33 0.679813
23.34 0.673239
23.35 0.631385
23.36 0.549342
23.37 0.4237
23.38 0.256063
23.39 0.0586784
23.4 -0.153157
23.41 -0.370393
23.42 -0.585812
23.43 -0.788261
23.44 -0.96958
23.45 -1.12983
23.46 -1.26931
23.47 -1.38507
23.48 -1.4721
23.49 -1.52349
23.5 -1.53307
23.51 -1.49257
23.52 -1.39825
23.53 -1.25858
23.54 -1.08584
23.55 -0.896803
23.56 -0.718292
23.57 -0.567638
23.58 -0.44816
23.59 -0.356092
23.6 -0.28611
23.61 -0.2335
23.62 -0.196024
23.63 -0.174651
23.64 -0.170333
23.65 -0.181504
23.66 -0.204555
23.67 -0.229125
23.68 -0.240584
23.69 -0.229444
23.7 -0.190559
23.71 -0.122789
23.72 -0.0319541
23.73 0.0759695
23.74 0.201866
23.75 0.346479
23.76 0.509039
23.77 0.687434
23.78 0.87159
23.79 1.04484
23.8 1.18784
23.81 1.28259
23.82 1.3172
23.83 1.28962
23.84 1.20901
23.85 1.09013
23.86 0.948797
23.87 0.788064
23.88 0.604675
23.89 0.402653
23.9 0.185828
23.91 -0.0456314
23.92 -0.291273
23.93 -0.546663
23.94 -0.797801
23.95 -1.02464
23.96 -1.20985
23.97 -1.3385
23.98 -1.3941
23.99 -1.36757
24 -1.26712
24.01 -1.114
24.02 -0.9358
24.03 -0.759855
24.04 -0.60751
24.05 -0.486132
24.06 -0.392859
24.07 -0.321607
24.08 -0.264464
24.09 -0.210823
24.1 -0.155079
24.11 -0.10078
24.12 -0.0578756
24.13 -0.0390133
24.14 -0.0544379
24.15 -0.108142
24.16 -0.195997
24.17 -0.306274
24.18 -0.422548
24.19 -0.530064
24.2 -0.620957
24.21 -0.690565
24.22 -0.732941
24.23 -0.748911
24.24 -0.747134
24.25 -0.731159
24.26 -0.702586
24.27 -0.673943
24.28 -0.662191
24.29 -0.677759
24.3 -0.725084
24.31 -0.80559
24.32 -0.916303
24.33 -1.04798
24.34 -1.18639
24.35 -1.31651
24.36 -1.43087
24.37 -1.52867
24.38 -1.61013
24.39 -1.67796
24.4 -1.7364
24.41 -1.78698
24.42 -1.8261
24.43 -1.84493
24.44 -1.83128
24.45 -1.77272
24.46 -1.66207
24.47 -1.49931
24.48 -1.29229
24.49 -1.05175
24.5 -0.787403
24.51 -0.509895
24.52 -0.230573
24.53 0.0408329
24.54 0.294396
24.55 0.519067
24.56 0.707475
24.57 0.857663
24.58 0.973352
24.59 1.06453
24.6 1.14286
24.61 1.21937
24.62 1.30196
24.63 1.38792
24.64 1.46952
24.65 1.54202
24.66 1.59736
24.67 1.62851
24.68 1.64119
24.69 1.64637
24.7 1.64878
24.71 1.65275
24.72 1.65947
24.73 1.65998
24.74 1.64245
24.75 1.60542
24.76 1.54932
24.77 1.47308
24.78 1.37199
24.79 1.2387
24.8 1.07392
24.81 0.88229
24.82 0.667697
24.83 0.44217
24.84 0.220434
24.85 0.014668
24.86 -0.160286
24.87 -0.29048
24.88 -0.369641
24.89 -0.398816
24.9 -0.38555
24.91 -0.343716
24.92 -0.291663
24.93 -0.244804
24.94 -0.20653
24.95 -0.176276
24.96 -0.14858
24.97 -0.110916
24.98 -0.0455467
24.99 0.0573176
25 0.191387
25.01 0.343142
25.02 0.496649
25.03 0.63084
25.04 0.731448
25.05 0.795287
25.06 0.824384
25.07 0.827191
25.08 0.818086
25.09 0.811733
25.1 0.81821
25.11 0.840749
25.12 0.875225
25.13 0.911707
25.14 0.937511
25.15 0.943394
25.16 0.930068
25.17 0.899347
25.18 0.851639
25.19 0.788105
25.2 0.713242
25.21 0.633307
25.22 0.554635
25.23 0.482197
25.24 0.419874
25.25 0.373397
25.26 0.346694
25.27 0.334425
25.28 0.328924
25.29 0.328258
25.3 0.329681
25.31 0.327372
25.32 0.319077
25.33 0.30794
25.34 0.30391
25.35 0.319466
25.36 0.360924
25.37 0.423298
25.38 0.496395
25.39 0.568633
25.4 0.629156
25.41 0.669231
25.42 0.680269
25.43 0.657402
25.44 0.604081
25.45 0.526087
25.46 0.431771
25.47 0.334805
25.48 0.242825
25.49 0.149437
25.5 0.0410928
25.51 -0.0888957
25.52 -0.239033
25.53 -0.401292
25.54 -0.564465
25.55 -0.717618
25.56 -0.851909
25.57 -0.961545
25.58 -1.04418
25.59 -1.10053
25.6 -1.13326
25.61 -1.1473
25.62 -1.15338
25.63 -1.16134
25.64 -1.16912
25.65 -1.17446
25.66 -1.18095
25.67 -1.18604
25.68 -1.18132
25.69 -1.16307
25.7 -1.13127
25.71 -1.089
25.72 -1.04087
25.73 -0.991374
25.74 -0.943601
25.75 -0.898312
25.76 -0.853931
25.77 -0.806437
25.78 -0.747264
25.79 -0.665032
25.8 -0.556904
25.81 -0.426362
25.82 -0.275464
25.83 -0.11048
25.84 0.0590273
25.85 0.222602
25.86 0.371806
25.87 0.502171
25.88 0.60777
25.89 0.682882
25.9 0.725698
25.91 0.737701
25.92 0.722066
25.93 0.688871
25.94 0.65011
25.95 0.607351
25.96 0.55087
25.97 0.4652
25.98 0.342874
25.99 0.191326
26 0.0249796
26.01 -0.139687
26.02 -0.28661
26.03 -0.403317
26.04 -0.483328
26.05 -0.526463
26.06 -0.537761
26.07 -0.526172
26.08 -0.505345
26.09 -0.488477
26.1 -0.48149
26.11 -0.48443
26.12 -0.492709
26.13 -0.499014
26.14 -0.496464
26.15 -0.481479
26.16 -0.456054
26.17 -0.42764
26.18 -0.409504
26.19 -0.417168
26.2 -0.455516
26.21 -0.520741
26.22 -0.608478
26.23 -0.710524
26.24 -0.809412
26.25 -0.889208
26.26 -0.940702
26.27 -0.961351
26.28 -0.953409
26.29 -0.930134
26.3 -0.90258
26.31 -0.873504
26.32 -0.841654
26.33 -0.81147
26.34 -0.784923
26.35 -0.759601
26.36 -0.737643
26.37 -0.720137
26.38 -0.701191
26.39 -0.67629
26.4 -0.647454
26.41 -0.623001
26.42 -0.612021
26.43 -0.618148
26.44 -0.641166
26.45 -0.677456
26.46 -0.72066
26.47 -0.768673
26.48 -0.820638
26.49 -0.86928
26.5 -0.908089
26.51 -0.937864
26.52 -0.959808
26.53 -0.97575
26.54 -0.983138
26.55 -0.973811
26.56 -0.943224
26.57 -0.891163
26.58 -0.818655
26.59 -0.728092
26.6 -0.62311
26.61 -0.50687
26.62 -0.382733
26.63 -0.249482
26.64 -0.107255
26.65 0.0387158
26.66 0.184281
26.67 0.32771
26.68 0.466519
26.69 0.598355
26.7 0.722854
26.71 0.833155
26.72 0.913752
26.73 0.957524
26.74 0.970904
26.75 0.965668
26.76 0.951398
26.77 0.934902
26.78 0.922145
26.79 0.91657
26.8 0.917304
26.81 0.92125
26.82 0.930557
26.83 0.947042
26.84 0.970365
26.85 1.00799
26.86 1.06737
26.87 1.14988
26.88 1.25151
26.89 1.36523
26.9 1.48467
26.91 1.59969
26.92 1.6955
26.93 1.75649
26.94 1.77286
26.95 1.74061
26.96 1.66089
26.97 1.54181
26.98 1.39458
26.99 1.22958
27 1.05425
27.01 0.878512
27.02 0.699083
27.03 0.511536
27.04 0.316319
27.05 0.113601
27.06 -0.0959833
27.07 -0.30053
27.08 -0.477982
27.09 -0.608894
27.1 -0.681566
27.11 -0.688971
27.12 -0.630627
27.13 -0.519957
27.14 -0.380104
27.15 -0.231232
27.16 -0.0867745
27.17 0.046976
27.18 0.167958
27.19 0.280101
27.2 0.393215
27.21 0.512612
27.22 0.636066
27.23 0.755977
27.24 0.859915
27.25 0.937184
27.26 0.982838
27.27 0.994946
27.28 0.976246
27.29 0.931284
27.3 0.867158
27.31 0.7931
27.32 0.714202
27.33 0.636058
27.34 0.571044
27.35 0.533225
27.36 0.530488
27.37 0.5629
27.38 0.623862
27.39 0.700046
27.4 0.772239
27.41 0.826041
27.42 0.856296
27.43 0.86352
27.44 0.853697
27.45 0.835939
27.46 0.817116
27.47 0.800296
27.48 0.784612
27.49 0.764045
27.5 0.728181
27.51 0.665614
27.52 0.567454
27.53 0.431136
27.54 0.260906
27.55 0.0678254
27.56 -0.127319
27.57 -0.302446
27.58 -0.441856
27.59 -0.535394
27.6 -0.581076
27.61 -0.5854
27.62 -0.564822
27.63 -0.537749
27.64 -0.515855
27.65 -0.499985
27.66 -0.48249
27.67 -0.454613
27.68 -0.408715
27.69 -0.34978
27.7 -0.28683
27.71 -0.233911
27.72 -0.205994
27.73 -0.210576
27.74 -0.246291
27.75 -0.304171
27.76 -0.370595
27.77 -0.434504
27.78 -0.492632
27.79 -0.545186
27.8 -0.591787
27.81 -0.63196
27.82 -0.663592
27.83 -0.681814
27.84 -0.685397
27.85 -0.675878
27.86 -0.658485
27.87 -0.64367
27.88 -0.639973
27.89 -0.644213
27.9 -0.645609
27.91 -0.633812
27.92 -0.600062
27.93 -0.53983
27.94 -0.456106
27.95 -0.368221
27.96 -0.301548
27.97 -0.275235
27.98 -0.291552
27.99 -0.332518
28 -0.371138
28.01 -0.37943
28.02 -0.338851
28.03 -0.246544
28.04 -0.1232
28.05 -4.12472e-005
28.06 0.0960275
28.07 0.149758
28.08 0.160815
28.09 0.139954
28.1 0.105397
28.11 0.077191
28.12 0.0673031
28.13 0.0759812
28.14 0.0935211
28.15 0.10699
28.16 0.103768
28.17 0.0725594
28.18 0.00935914
28.19 -0.0823745
28.2 -0.193421
28.21 -0.308855
28.22 -0.413946
28.23 -0.500052
28.24 -0.564856
28.25 -0.612704
28.26 -0.650201
28.27 -0.684344
28.28 -0.721129
28.29 -0.758454
28.3 -0.786306
28.31 -0.797104
28.32 -0.790269
28.33 -0.767969
28.34 -0.732889
28.35 -0.687797
28.36 -0.631996
28.37 -0.562702
28.38 -0.479665
28.39 -0.382652
28.4 -0.27497
28.41 -0.16088
28.42 -0.0437899
28.43 0.0717169
28.44 0.181829
28.45 0.286068
28.46 0.385869
28.47 0.481447
28.48 0.571255
28.49 0.655414
28.5 0.734592
28.51 0.807169
28.52 0.866256
28.53 0.902703
28.54 0.910988
28.55 0.888919
28.56 0.837035
28.57 0.759865
28.58 0.663376
28.59 0.553342
28.6 0.432061
28.61 0.299959
28.62 0.158704
28.63 0.0118118
28.64 -0.136199
28.65 -0.27939
28.66 -0.410819
28.67 -0.524056
28.68 -0.614825
28.69 -0.68149
28.7 -0.723937
28.71 -0.741792
28.72 -0.735053
28.73 -0.705855
28.74 -0.656705
28.75 -0.58879
28.76 -0.503867
28.77 -0.408907
28.78 -0.30998
28.79 -0.213562
28.8 -0.125139
28.81 -0.0478531
28.82 0.0172846
28.83 0.0711259
28.84 0.114736
28.85 0.149407
28.86 0.176911
28.87 0.198247
28.88 0.213346
28.89 0.22207
28.9 0.225229
28.91 0.223616
28.92 0.217599
28.93 0.208137
28.94 0.197439
28.95 0.186135
28.96 0.17534
28.97 0.164766
28.98 0.15309
28.99 0.138013
29 0.116338
29.01 0.0853242
29.02 0.0441428
29.03 -0.00643774
29.04 -0.0653227
29.05 -0.130922
29.06 -0.200072
29.07 -0.268796
29.08 -0.333221
29.09 -0.390041
29.1 -0.436878
29.11 -0.471885
29.12 -0.493631
29.13 -0.500123
29.14 -0.49012
29.15 -0.462842
29.16 -0.417915
29.17 -0.355549
29.18 -0.276633
29.19 -0.183185
29.2 -0.0782892
29.21 0.0338829
29.22 0.148519
29.23 0.260387
29.24 0.364251
29.25 0.455386
29.26 0.52999
29.27 0.585547
29.28 0.620688
29.29 0.635006
29.3 0.628892
29.31 0.603303
29.32 0.560654
29.33 0.501975
29.34 0.430228
29.35 0.34853
29.36 0.260506
29.37 0.170101
29.38 0.0811554
29.39 -0.00276187
29.4 -0.0784329
29.41 -0.143088
29.42 -0.194421
29.43 -0.230808
29.44 -0.251554
29.45 -0.256935
29.46 -0.248231
29.47 -0.227337
29.48 -0.196678
29.49 -0.158908
29.5 -0.116337
29.51 -0.0719146
29.52 -0.0275378
29.53 0.0151419
29.54 0.054822
29.55 0.0904469
29.56 0.121248
29.57 0.146725
29.58 0.166526
29.59 0.180575
29.6 0.18913
29.61 0.192718
29.62 0.192138
29.63 0.188386
29.64 0.182457
29.65 0.175271
29.66 0.167576
29.67 0.159861
29.68 0.152522
29.69 0.145045
29.7 0.136969
29.71 0.127586
29.72 0.116157
29.73 0.102045
29.74 0.0848091
29.75 0.0642564
29.76 0.0404594
29.77 0.0137277
29.78 -0.0154339
29.79 -0.0463289
29.8 -0.0780825
29.81 -0.10972
29.82 -0.140117
29.83 -0.168038
29.84 -0.192188
29.85 -0.211275
29.86 -0.22409
29.87 -0.229447
29.88 -0.226688
29.89 -0.215469
29.9 -0.195843
29.91 -0.168384
29.92 -0.134051
29.93 -0.0942004
29.94 -0.0504763
29.95 -0.00471617
29.96 0.0411445
29.97 0.0851669
29.98 0.125497
9.31 0.47628
29.32 0.431624
29.33 0.371786
29.34 0.299576
29.35 0.218187
29.36 0.129313
29.37 0.0398352
29.38 -0.0444776
29.39 -0.123994
29.4 -0.193719
29.41 -0.254205
29.42 -0.303452
29.43 -0.337523
29.44 -0.35572
29.45 -0.357936
29.46 -0.345216
29.47 -0.322315
29.48 -0.288412
29.49 -0.246164
29.5 -0.200041
29.51 -0.151835
29.52 -0.103118
29.53 -0.0571724
29.54 -0.0126198
29.55 0.0275763
29.56 0.0620994
29.57 0.0914452
29.58 0.115871
29.59 0.133032
29.6 0.144753
29.61 0.151406
29.62 0.153143
29.63 0.151855
29.64 0.148782
29.65 0.144314
29.66 0.138828
29.67 0.133275
29.68 0.128199
29.69 0.122884
29.7 0.117016
29.71 0.109795
29.72 0.100575
29.73 0.0884782
29.74 0.07335
29.75 0.0546583
29.76 0.0326681
29.77 0.00769699
29.78 -0.0197557
29.79 -0.0490933
29.8 -0.0792887
29.81 -0.109469
29.82 -0.138458
29.83 -0.165073
29.84 -0.187917
29.85 -0.205798
29.86 -0.217456
29.87 -0.22171
29.88 -0.217893
29.89 -0.20567
29.9 -0.185086
29.91 -0.156778
29.92 -0.121588
29.93 -0.0809808
29.94 -0.0365076
29.95 0.00990885
29.96 0.0563718
29.97 0.10095
29.98 0.141782
