0.01 7.9961e-006
0.02 3.98317e-005
0.03 0.000109778
0.04 0.000247217
0.05 0.000472602
0.06 0.000784386
0.07 0.00115719
0.08 0.00154167
0.09 0.00188017
0.1 0.00213628
0.11 0.00230633
0.12 0.00242164
0.13 0.00253992
0.14 0.00271565
0.15 0.00294399
0.16 0.00315051
0.17 0.00322511
0.18 0.00303295
0.19 0.00246407
0.2 0.00145635
0.21 8.85934e-006
0.22 -0.00182077
0.23 -0.00394286
0.24 -0.0061968
0.25 -0.00838283
0.26 -0.0101897
0.27 -0.0111953
0.28 -0.0110615
0.29 -0.00956729
0.3 -0.00671994
0.31 -0.00282819
0.32 0.00160582
0.33 0.00601188
0.34 0.00987579
0.35 0.0129878
0.36 0.0156387
0.37 0.0183087
0.38 0.0213632
0.39 0.0248288
0.4 0.0280351
0.41 0.0296349
0.42 0.0280849
0.43 0.0223338
0.44 0.0125501
0.45 0.000340177
0.46 -0.0113987
0.47 -0.0190405
0.48 -0.0196116
0.49 -0.0117642
0.5 0.00380554
0.51 0.0242268
0.52 0.0446908
0.53 0.0594965
0.54 0.0634182
0.55 0.0523834
0.56 0.0241482
0.57 -0.0211968
0.58 -0.0807231
0.59 -0.148675
0.6 -0.217424
0.61 -0.278326
0.62 -0.323455
0.63 -0.347209
0.64 -0.347094
0.65 -0.32353
0.66 -0.278352
0.67 -0.213309
0.68 -0.129199
0.69 -0.0258147
0.7 0.0971595
0.71 0.237685
0.72 0.388585
0.73 0.536658
0.74 0.664369
0.75 0.752791
0.76 0.785708
0.77 0.754892
0.78 0.663071
0.79 0.522562
0.8 0.351099
0.81 0.166942
0.82 -0.0159704
0.83 -0.191033
0.84 -0.357763
0.85 -0.518271
0.86 -0.672458
0.87 -0.814259
0.88 -0.930544
0.89 -1.00197
0.9 -1.00786
0.91 -0.932426
0.92 -0.769377
0.93 -0.525612
0.94 -0.221976
0.95 0.109156
0.96 0.428399
0.97 0.697067
0.98 0.884594
0.99 0.974576
1 0.971019
1.01 0.89676
1.02 0.783762
1.03 0.661642
1.04 0.54602
1.05 0.433609
1.06 0.306695
1.07 0.144092
1.08 -0.0664721
1.09 -0.321136
1.1 -0.599204
1.11 -0.868506
1.12 -1.09594
1.13 -1.25704
1.14 -1.34086
1.15 -1.3486
1.16 -1.28808
1.17 -1.16692
1.18 -0.98455
1.19 -0.731752
1.2 -0.395658
1.21 0.0332378
1.22 0.55
1.23 1.12829
1.24 1.72307
1.25 2.27708
1.26 2.72991
1.27 3.02876
1.28 3.13631
1.29 3.03564
1.3 2.73128
1.31 2.24722
1.32 1.62184
1.33 0.899693
1.34 0.124677
1.35 -0.665694
1.36 -1.44263
1.37 -2.18289
1.38 -2.86486
1.39 -3.46156
1.4 -3.93487
1.41 -4.23709
1.42 -4.31614
1.43 -4.12687
1.44 -3.64921
1.45 -2.90407
1.46 -1.95538
1.47 -0.899558
1.48 0.154915
1.49 1.11076
1.5 1.89873
1.51 2.48643
1.52 2.87675
1.53 3.09892
1.54 3.19327
1.55 3.19422
1.56 3.12162
1.57 2.97935
1.58 2.75822
1.59 2.44749
1.6 2.04739
1.61 1.57343
1.62 1.05373
1.63 0.5224
1.64 0.00828928
1.65 -0.47406
1.66 -0.923752
1.67 -1.34854
1.68 -1.75563
1.69 -2.14185
1.7 -2.48795
1.71 -2.75806
1.72 -2.90791
1.73 -2.89649
1.74 -2.6984
1.75 -2.31509
1.76 -1.77736
1.77 -1.13981
1.78 -0.4705
1.79 0.163569
1.8 0.71063
1.81 1.14247
1.82 1.4544
1.83 1.65943
1.84 1.77677
1.85 1.82029
1.86 1.79412
1.87 1.6924
1.88 1.50557
1.89 1.22861
1.9 0.867373
1.91 0.443839
1.92 -0.00299348
1.93 -0.421751
1.94 -0.758572
1.95 -0.969631
1.96 -1.03368
1.97 -0.957804
1.98 -0.775179
1.99 -0.53517
2 -0.287809
2.01 -0.0710706
2.02 0.0951879
2.03 0.209302
2.04 0.281282
2.05 0.322887
2.06 0.344354
2.07 0.350747
2.08 0.341964
2.09 0.318602
2.1 0.280589
2.11 0.226839
2.12 0.157314
2.13 0.0734403
2.14 -0.0220999
2.15 -0.126229
2.16 -0.23717
2.17 -0.353098
2.18 -0.47082
2.19 -0.587976
2.2 -0.700159
2.21 -0.800948
2.22 -0.888458
2.23 -0.966215
2.24 -1.04095
2.25 -1.11773
2.26 -1.19296
2.27 -1.25227
2.28 -1.2731
2.29 -1.23131
2.3 -1.1099
2.31 -0.905702
2.32 -0.631702
2.33 -0.313457
2.34 0.0190912
2.35 0.341461
2.36 0.642796
2.37 0.928176
2.38 1.21426
2.39 1.52133
2.4 1.86181
2.41 2.22908
2.42 2.59278
2.43 2.90325
2.44 3.1008
2.45 3.12913
2.46 2.9519
2.47 2.56181
2.48 1.98105
2.49 1.25646
2.5 0.44801
2.51 -0.383949
2.52 -1.18844
2.53 -1.93042
2.54 -2.5906
2.55 -3.16092
2.56 -3.63791
2.57 -4.0169
2.58 -4.28251
2.59 -4.40546
2.6 -4.35068
2.61 -4.08516
2.62 -3.59239
2.63 -2.88529
2.64 -2.00937
2.65 -1.0399
2.66 -0.068229
2.67 0.817063
2.68 1.54726
2.69 2.08741
2.7 2.44094
2.71 2.64238
2.72 2.73953
2.73 2.77187
2.74 2.75317
2.75 2.66356
2.76 2.45667
2.77 2.07886
2.78 1.49533
2.79 0.710511
2.8 -0.225224
2.81 -1.22149
2.82 -2.16698
2.83 -2.95282
2.84 -3.49186
2.85 -3.72486
2.86 -3.61892
2.87 -3.16705
2.88 -2.37833
2.89 -1.2749
2.9 0.0997415
2.91 1.68095
2.92 3.38788
2.93 5.13049
2.94 6.82032
2.95 8.37925
2.96 9.74526
2.97 10.875
2.98 11.7391
2.99 12.3164
3 12.5861
3.01 12.5112
3.02 12.0409
3.03 11.1223
3.04 9.70051
3.05 7.74984
3.06 5.31427
3.07 2.52672
3.08 -0.382646
3.09 -3.12299
3.1 -5.39445
3.11 -6.92374
3.12 -7.53355
3.13 -7.20334
3.14 -6.07024
3.15 -4.39321
3.16 -2.48715
3.17 -0.658859
3.18 0.842555
3.19 1.86631
3.2 2.36711
3.21 2.38985
3.22 2.03565
3.23 1.40556
3.24 0.551949
3.25 -0.5404
3.26 -1.9455
3.27 -3.75664
3.28 -6.01913
3.29 -8.67819
3.3 -11.5692
3.31 -14.4396
3.32 -16.9859
3.33 -18.8906
3.34 -19.8612
3.35 -19.6575
3.36 -18.0954
3.37 -15.0796
3.38 -10.6811
3.39 -5.1679
3.4 1.02093
3.41 7.29771
3.42 12.9925
3.43 17.4864
3.44 20.3319
3.45 21.3406
3.46 20.6125
3.47 18.4729
3.48 15.3606
3.49 11.7065
3.5 7.8532
3.51 4.02197
3.52 0.343598
3.53 -3.06165
3.54 -6.04788
3.55 -8.45283
3.56 -10.1561
3.57 -11.1486
3.58 -11.5707
3.59 -11.6875
3.6 -11.8136
3.61 -12.2269
3.62 -13.0441
3.63 -14.1576
3.64 -15.3076
3.65 -16.1851
3.66 -16.5248
3.67 -16.1941
3.68 -15.2374
3.69 -13.8587
3.7 -12.3504
3.71 -10.9928
3.72 -9.96111
3.73 -9.26113
3.74 -8.73245
3.75 -8.09699
3.76 -7.02691
3.77 -5.2402
3.78 -2.594
3.79 0.868982
3.8 4.92795
3.81 9.21906
3.82 13.3138
3.83 16.8174
3.84 19.2957
3.85 20.367
3.86 19.9823
3.87 18.4525
3.88 16.3237
3.89 14.1985
3.9 12.5568
3.91 11.6212
3.92 11.2962
3.93 11.2224
3.94 10.9316
3.95 10.0292
3.96 8.33788
3.97 5.96228
3.98 3.25611
3.99 0.696235
4 -1.28991
4.01 -2.40046
4.02 -2.39425
4.03 -1.21553
4.04 0.568723
4.05 1.83741
4.06 1.59873
4.07 -0.447303
4.08 -3.80148
4.09 -7.48372
4.1 -10.4459
4.11 -11.9252
4.12 -11.6472
4.13 -9.83232
4.14 -7.08242
4.15 -4.1873
4.16 -1.87696
4.17 -0.608068
4.18 -0.465861
4.19 -1.18976
4.2 -2.3012
4.21 -3.29062
4.22 -3.79331
4.23 -3.69303
4.24 -3.12557
4.25 -2.39648
4.26 -1.84801
4.27 -1.72464
4.28 -2.09176
4.29 -2.82317
4.3 -3.64572
4.31 -4.25223
4.32 -4.44811
4.33 -4.20601
4.34 -3.62922
4.35 -2.89235
4.36 -2.16925
4.37 -1.56656
4.38 -1.03907
4.39 -0.279309
4.4 1.1655
4.41 3.59613
4.42 7.00783
4.43 11.086
4.44 15.257
4.45 18.843
4.46 21.3213
4.47 22.4957
4.48 22.5115
4.49 21.7449
4.5 20.6091
4.51 19.3686
4.52 18.0331
4.53 16.3689
4.54 14.0287
4.55 10.6999
4.56 6.22074
4.57 1.1204
4.58 -3.45758
4.59 -6.97577
4.6 -9.98108
4.61 -13.1285
4.62 -16.5343
4.63 -20.0315
4.64 -23.2894
4.65 -25.8733
4.66 -27.3626
4.67 -27.4673
4.68 -26.0982
4.69 -23.3242
4.7 -19.2774
4.71 -14.1209
4.72 -8.05826
4.73 -1.33258
4.74 5.7598
4.75 12.8058
4.76 19.118
4.77 23.6978
4.78 25.7368
4.79 25.1628
4.8 22.6733
4.81 19.4149
4.82 16.8773
4.83 16.3875
4.84 18.2599
4.85 21.6929
4.86 25.163
4.87 27.0117
4.88 26.0516
4.89 21.9663
4.9 15.5984
4.91 8.5067
4.92 2.02647
4.93 -3.07529
4.94 -6.54311
4.95 -8.51821
4.96 -9.49948
4.97 -10.2048
4.98 -11.3049
4.99 -13.1871
5 -15.8378
5.01 -18.8679
5.02 -21.6036
5.03 -23.303
5.04 -23.4464
5.05 -21.9142
5.06 -19.0223
5.07 -15.4154
5.08 -11.8581
5.09 -8.98164
5.1 -7.08874
5.11 -6.09232
5.12 -5.59447
5.13 -5.06537
5.14 -4.14643
5.15 -2.90756
5.16 -1.72934
5.17 -1.01247
5.18 -1.0073
5.19 -1.75844
5.2 -3.05816
5.21 -4.49989
5.22 -5.68866
5.23 -6.38721
5.24 -6.55706
5.25 -6.33316
5.26 -5.96426
5.27 -5.73434
5.28 -5.86272
5.29 -6.40557
5.3 -7.21354
5.31 -7.97996
5.32 -8.34821
5.33 -8.02787
5.34 -6.88396
5.35 -4.97612
5.36 -2.44135
5.37 0.309321
5.38 2.54323
5.39 3.68138
5.4 3.53688
5.41 2.3403
5.42 0.666428
5.43 -0.455932
5.44 0.115774
5.45 2.91224
5.46 7.65202
5.47 13.2796
5.48 18.3439
5.49 21.6254
5.5 22.5423
5.51 21.2835
5.52 18.6875
5.53 15.9173
5.54 14.0118
5.55 13.5054
5.56 14.2847
5.57 15.6837
5.58 16.7614
5.59 16.6486
5.6 14.8405
5.61 11.3463
5.62 6.61741
5.63 1.37032
5.64 -3.49338
5.65 -7.00765
5.66 -8.51959
5.67 -8.02559
5.68 -6.14671
5.69 -3.87082
5.7 -2.19003
5.71 -1.74903
5.72 -2.71461
5.73 -4.96816
5.74 -8.19348
5.75 -11.7989
5.76 -15.0432
5.77 -17.2615
5.78 -18.0637
5.79 -17.4372
5.8 -15.723
5.81 -13.341
5.82 -10.6208
5.83 -7.84613
5.84 -5.23172
5.85 -2.92623
5.86 -1.00197
5.87 0.5549
5.88 1.84184
5.89 3.01525
5.9 4.23607
5.91 5.52546
5.92 6.59528
5.93 6.99767
5.94 6.44163
5.95 4.92658
5.96 2.78499
5.97 0.621107
5.98 -0.937853
5.99 -1.51054
6 -1.07442
6.01 0.0739044
6.02 1.44448
6.03 2.5167
6.04 2.81818
6.05 2.01104
6.06 0.0519499
6.07 -2.76089
6.08 -5.88579
6.09 -8.70983
6.1 -10.7117
6.11 -11.589
6.12 -11.3285
6.13 -10.1765
6.14 -8.53537
6.15 -6.83054
6.16 -5.39844
6.17 -4.40731
6.18 -3.84025
6.19 -3.55372
6.2 -3.34538
6.21 -3.03541
6.22 -2.54162
6.23 -1.90443
6.24 -1.26399
6.25 -0.800703
6.26 -0.569771
6.27 -0.503178
6.28 -0.561159
6.29 -0.721769
6.3 -0.942197
6.31 -1.15496
6.32 -1.28803
6.33 -1.29186
6.34 -1.14314
6.35 -0.743437
6.36 0.129771
6.37 1.68077
6.38 3.98395
6.39 6.99204
6.4 10.5387
6.41 14.3069
6.42 17.9066
6.43 21.0423
6.44 23.4311
6.45 24.7856
6.46 25.0513
6.47 24.4708
6.48 23.4551
6.49 22.3985
6.5 21.544
6.51 20.9958
6.52 20.6676
6.53 20.184
6.54 19.0208
6.55 16.7076
6.56 12.9862
6.57 7.93689
6.58 2.06912
6.59 -3.66453
6.6 -8.22349
6.61 -10.97
6.62 -11.8675
6.63 -11.3364
6.64 -9.99267
6.65 -8.64273
6.66 -8.13689
6.67 -8.96754
6.68 -11.0755
6.69 -13.9261
6.7 -16.7454
6.71 -18.7916
6.72 -19.5983
6.73 -19.1146
6.74 -17.6783
6.75 -15.8573
6.76 -14.2365
6.77 -13.2262
6.78 -13.0125
6.79 -13.5456
6.8 -14.5134
6.81 -15.4455
6.82 -15.8898
6.83 -15.5629
6.84 -14.4284
6.85 -12.6861
6.86 -10.6798
6.87 -8.76134
6.88 -7.16288
6.89 -5.93303
6.9 -4.92924
6.91 -3.86794
6.92 -2.47005
6.93 -0.588734
6.94 1.76618
6.95 4.45216
6.96 7.06596
6.97 9.03062
6.98 9.96756
6.99 9.85112
7 8.98373
7.01 7.86123
7.02 6.96913
7.03 6.63461
7.04 6.97731
7.05 7.86683
7.06 8.9578
7.07 9.83911
7.08 10.1733
7.09 9.8505
7.1 9.0453
7.11 8.09052
7.12 7.32009
7.13 6.95854
7.14 7.06221
7.15 7.5166
7.16 8.08894
7.17 8.51344
7.18 8.57968
7.19 8.19773
7.2 7.42099
7.21 6.42378
7.22 5.44075
7.23 4.6898
7.24 4.30873
7.25 4.30801
7.26 4.56361
7.27 4.85543
7.28 4.91467
7.29 4.48547
7.3 3.39125
7.31 1.57954
7.32 -0.745486
7.33 -3.13975
7.34 -5.18993
7.35 -6.6858
7.36 -7.61759
7.37 -8.18766
7.38 -8.77538
7.39 -9.69763
7.4 -11.0189
7.41 -12.5665
7.42 -14.0917
7.43 -15.3322
7.44 -15.9469
7.45 -15.5826
7.46 -13.9939
7.47 -11.1172
7.48 -7.10445
7.49 -2.44156
7.5 2.14582
7.51 6.06544
7.52 9.03491
7.53 11.0172
7.54 12.0673
7.55 12.3957
7.56 12.4202
7.57 12.5413
7.58 12.9635
7.59 13.6554
7.6 14.3752
7.61 14.766
7.62 14.5
7.63 13.3946
7.64 11.4667
7.65 8.9015
7.66 5.97044
7.67 2.94756
7.68 0.0432791
7.69 -2.49008
7.7 -4.38329
7.71 -5.57446
7.72 -6.24318
7.73 -6.71305
7.74 -7.29094
7.75 -8.11679
7.76 -9.1498
7.77 -10.2572
7.78 -11.3546
7.79 -12.4306
7.8 -13.4497
7.81 -14.3276
7.82 -14.9586
7.83 -15.2541
7.84 -15.174
7.85 -14.7364
7.86 -14.0083
7.87 -13.0802
7.88 -12.0394
7.89 -10.9474
7.9 -9.82739
7.91 -8.67284
7.92 -7.46229
7.93 -6.16918
7.94 -4.77826
7.95 -3.26649
7.96 -1.68134
7.97 -0.150754
7.98 1.29308
7.99 2.76165
8 4.44172
8.01 6.49963
8.02 8.8525
8.03 11.2651
8.04 13.6985
8.05 16.272
8.06 19.0896
8.07 22.1436
8.08 25.264
8.09 28.2586
8.1 30.9871
8.11 33.2788
8.12 34.9723
8.13 35.9589
8.14 36.1716
8.15 35.5503
8.16 34.0217
8.17 31.5054
8.18 27.9552
8.19 23.4154
8.2 18.037
8.21 12.0544
8.22 5.74736
8.23 -0.597493
8.24 -6.73133
8.25 -12.0543
8.26 -15.5917
8.27 -16.6771
8.28 -15.3504
8.29 -12.4518
8.3 -9.37265
8.31 -7.50537
8.32 -7.82744
8.33 -10.7804
8.34 -16.1403
8.35 -22.8879
8.36 -29.4656
8.37 -34.3426
8.38 -36.5051
8.39 -35.7272
8.4 -32.5616
8.41 -28.0757
8.42 -23.4326
8.43 -19.4962
8.44 -16.601
8.45 -14.5316
8.46 -12.6977
8.47 -10.4282
8.48 -7.26928
8.49 -3.18393
8.5 1.39604
8.51 5.71771
8.52 8.96985
8.53 10.3932
8.54 9.49968
8.55 6.37788
8.56 1.66984
8.57 -3.67183
8.58 -8.6946
8.59 -12.7215
8.6 -15.5056
8.61 -17.1612
8.62 -17.9491
8.63 -18.2115
8.64 -18.3717
8.65 -18.8199
8.66 -19.7597
8.67 -21.1354
8.68 -22.6814
8.69 -24.0286
8.7 -24.8176
8.71 -24.7651
8.72 -23.6966
8.73 -21.5814
8.74 -18.5425
8.75 -14.8214
8.76 -10.7133
8.77 -6.49323
8.78 -2.377
8.79 1.47997
8.8 4.99154
8.81 7.94442
8.82 9.93412
8.83 10.6916
8.84 10.3034
8.85 9.19029
8.86 7.91021
8.87 6.95659
8.88 6.65191
8.89 7.07872
8.9 8.07425
8.91 9.30733
8.92 10.4034
8.93 11.0707
8.94 11.1823
8.95 10.7898
8.96 10.0826
8.97 9.3218
8.98 8.84186
8.99 9.00113
9 9.99256
9.01 11.7008
9.02 13.7118
9.03 15.4597
9.04 16.4235
9.05 16.3003
9.06 15.0991
9.07 13.112
9.08 10.7908
9.09 8.59067
9.1 6.82983
9.11 5.61334
9.12 4.84057
9.13 4.28691
9.14 3.73259
9.15 3.06061
9.16 2.31494
9.17 1.70469
9.18 1.51485
9.19 1.99446
9.2 3.28007
9.21 5.35099
9.22 8.01267
9.23 10.9515
9.24 13.847
9.25 16.4416
9.26 18.5304
9.27 20.0058
9.28 20.926
9.29 21.3955
9.3 21.4713
9.31 21.2
9.32 20.618
9.33 19.7409
9.34 18.5488
9.35 16.979
9.36 15.0319
9.37 12.812
9.38 10.4195
9.39 7.91247
9.4 5.32053
9.41 2.66084
9.42 -0.0423237
9.43 -2.73922
9.44 -5.34552
9.45 -7.67472
9.46 -9.37061
9.47 -10.0925
9.48 -9.77044
9.49 -8.6353
9.5 -7.11817
9.51 -5.7214
9.52 -4.87138
9.53 -4.79727
9.54 -5.48369
9.55 -6.69979
9.56 -8.10238
9.57 -9.3621
9.58 -10.2236
9.59 -10.5419
9.6 -10.3388
9.61 -9.79894
9.62 -9.20057
9.63 -8.82119
9.64 -8.84711
9.65 -9.32082
9.66 -10.164
9.67 -11.2308
9.68 -12.3419
9.69 -13.3217
9.7 -14.0983
9.71 -14.7174
9.72 -15.238
9.73 -15.6881
9.74 -16.0522
9.75 -16.2728
9.76 -16.2622
9.77 -15.9142
9.78 -15.1145
9.79 -13.7664
9.8 -11.8317
9.81 -9.35976
9.82 -6.49376
9.83 -3.44809
9.84 -0.460065
9.85 2.26783
9.86 4.60724
9.87 6.51569
9.88 7.9372
9.89 8.73084
9.9 8.81359
9.91 8.29541
9.92 7.45643
9.93 6.64563
9.94 6.15876
9.95 6.14594
9.96 6.58681
9.97 7.31332
9.98 8.0707
9.99 8.61118
10 8.77599
10.01 8.55318
10.02 8.05635
10.03 7.47301
10.04 7.02762
10.05 6.88542
10.06 7.09409
10.07 7.59666
10.08 8.25308
10.09 8.882
10.1 9.32506
10.11 9.49741
10.12 9.40375
10.13 9.12532
10.14 8.78842
10.15 8.51289
10.16 8.34808
10.17 8.24347
10.18 8.07056
10.19 7.67342
10.2 6.9258
10.21 5.77509
10.22 4.24188
10.23 2.39274
10.24 0.319937
10.25 -1.78371
10.26 -3.64968
10.27 -5.08718
10.28 -6.06149
10.29 -6.70941
10.3 -7.27294
10.31 -8.00039
10.32 -8.96745
10.33 -10.0188
10.34 -10.9502
10.35 -11.6295
10.36 -12.0028
10.37 -12.0896
10.38 -11.9687
10.39 -11.7414
10.4 -11.4813
10.41 -11.202
10.42 -10.8587
10.43 -10.3747
10.44 -9.6659
10.45 -8.66578
10.46 -7.3551
10.47 -5.77905
10.48 -4.03838
10.49 -2.26062
10.5 -0.565627
10.51 0.973037
10.52 2.34136
10.53 3.57162
10.54 4.72674
10.55 5.845
10.56 6.87032
10.57 7.69578
10.58 8.23736
10.59 8.45058
10.6 8.36218
10.61 8.07867
10.62 7.75621
10.63 7.56198
10.64 7.62025
10.65 7.97098
10.66 8.55948
10.67 9.24816
10.68 9.87983
10.69 10.3189
10.7 10.4692
10.71 10.3206
10.72 9.93906
10.73 9.40635
10.74 8.77218
10.75 8.0127
10.76 7.02642
10.77 5.67891
10.78 3.86179
10.79 1.55393
10.8 -1.14895
10.81 -4.0464
10.82 -6.84809
10.83 -9.18056
10.84 -10.6473
10.85 -11.002
10.86 -10.3167
10.87 -8.97768
10.88 -7.54342
10.89 -6.55369
10.9 -6.3578
10.91 -7.01581
10.92 -8.3021
10.93 -9.79934
10.94 -11.0456
10.95 -11.6843
10.96 -11.5692
10.97 -10.7809
10.98 -9.55973
10.99 -8.20122
11 -6.94567
11.01 -5.89963
11.02 -5.01705
11.03 -4.14028
11.04 -3.07567
11.05 -1.67193
11.06 0.116496
11.07 2.13377
11.08 4.04223
11.09 5.49303
11.1 6.27606
11.11 6.40681
11.12 6.10714
11.13 5.70853
11.14 5.53547
11.15 5.80018
11.16 6.53858
11.17 7.60867
11.18 8.74395
11.19 9.60927
11.2 9.88723
11.21 9.40178
11.22 8.18456
11.23 6.4588
11.24 4.56238
11.25 2.84096
11.26 1.54791
11.27 0.782007
11.28 0.478082
11.29 0.451473
11.3 0.504884
11.31 0.525695
11.32 0.486834
11.33 0.40789
11.34 0.331766
11.35 0.307173
11.36 0.371557
11.37 0.537334
11.38 0.794855
11.39 1.12382
11.4 1.49638
11.41 1.87864
11.42 2.23329
11.43 2.52596
11.44 2.72528
11.45 2.79323
11.46 2.67621
11.47 2.30713
11.48 1.62526
11.49 0.603466
11.5 -0.72643
11.51 -2.2519
11.52 -3.80377
11.53 -5.22509
11.54 -6.42088
11.55 -7.36974
11.56 -8.06025
11.57 -8.44046
11.58 -8.48557
11.59 -8.26359
11.6 -7.91784
11.61 -7.60379
11.62 -7.42766
11.63 -7.4157
11.64 -7.5139
11.65 -7.6164
11.66 -7.61083
11.67 -7.42147
11.68 -7.03515
11.69 -6.50536
11.7 -5.93408
11.71 -5.43535
11.72 -5.09758
11.73 -4.96074
11.74 -5.00939
11.75 -5.18324
11.76 -5.40316
11.77 -5.60164
11.78 -5.74437
11.79 -5.8377
11.8 -5.92123
11.81 -6.04316
11.82 -6.22833
11.83 -6.45908
11.84 -6.6774
11.85 -6.79928
11.86 -6.73608
11.87 -6.42123
11.88 -5.83025
11.89 -4.98535
11.9 -3.9444
11.91 -2.7817
11.92 -1.56572
11.93 -0.340442
11.94 0.882311
11.95 2.11142
11.96 3.31556
11.97 4.41244
11.98 5.33799
11.99 6.08091
12 6.68758
12.01 7.23285
12.02 7.73297
12.03 8.13957
12.04 8.41792
12.05 8.57547
12.06 8.65538
12.07 8.7202
12.08 8.83156
12.09 9.03112
12.1 9.33161
12.11 9.75437
12.12 10.3173
12.13 10.9745
12.14 11.6225
12.15 12.1359
12.16 12.4071
12.17 12.3754
12.18 12.0378
12.19 11.4435
12.2 10.6767
12.21 9.82614
12.22 8.95642
12.23 8.09468
12.24 7.22939
12.25 6.31712
12.26 5.30053
12.27 4.13567
12.28 2.8202
12.29 1.40666
12.3 -0.00701141
12.31 -1.30297
12.32 -2.3557
12.33 -3.0471
12.34 -3.32387
12.35 -3.24097
12.36 -2.94261
12.37 -2.60768
12.38 -2.38874
12.39 -2.36167
12.4 -2.50816
12.41 -2.73659
12.42 -2.92615
12.43 -2.97768
12.44 -2.85272
12.45 -2.58823
12.46 -2.28146
12.47 -2.05441
12.48 -2.0131
12.49 -2.2132
12.5 -2.64129
12.51 -3.22179
12.52 -3.8476
12.53 -4.41388
12.54 -4.84785
12.55 -5.13091
12.56 -5.25312
12.57 -5.20172
12.58 -5.01619
12.59 -4.78831
12.6 -4.63037
12.61 -4.64031
12.62 -4.8733
12.63 -5.32446
12.64 -5.93282
12.65 -6.60382
12.66 -7.23638
12.67 -7.75007
12.68 -8.07984
12.69 -8.14772
12.7 -7.89367
12.71 -7.31464
12.72 -6.45629
12.73 -5.404
12.74 -4.25602
12.75 -3.09013
12.76 -1.94955
12.77 -0.842602
12.78 0.244519
12.79 1.33119
12.8 2.42333
12.81 3.46771
12.82 4.36315
12.83 5.02679
12.84 5.43437
12.85 5.63605
12.86 5.73423
12.87 5.84245
12.88 6.04229
12.89 6.35477
12.9 6.73524
12.91 7.08275
12.92 7.2672
12.93 7.16889
12.94 6.71203
12.95 5.88648
12.96 4.74969
12.97 3.41029
12.98 1.99949
12.99 0.639078
13 -0.581299
13.01 -1.61544
13.02 -2.45823
13.03 -3.13024
13.04 -3.65934
13.05 -4.06291
13.06 -4.33674
13.07 -4.45666
13.08 -4.38995
13.09 -4.10946
13.1 -3.60447
13.11 -2.8864
13.12 -1.98747
13.13 -0.953446
13.14 0.163967
13.15 1.31326
13.16 2.44876
13.17 3.53242
13.18 4.53302
13.19 5.42544
13.2 6.18869
13.21 6.80321
13.22 7.23055
13.23 7.4222
13.24 7.366
13.25 7.10208
13.26 6.69531
13.27 6.20093
13.28 5.6501
13.29 5.04789
13.3 4.38287
13.31 3.64201
13.32 2.82316
13.33 1.94382
13.34 1.03994
13.35 0.155695
13.36 -0.668243
13.37 -1.40434
13.38 -2.04305
13.39 -2.59035
13.4 -3.05647
13.41 -3.44595
13.42 -3.7547
13.43 -3.9689
13.44 -4.06771
13.45 -4.03155
13.46 -3.85156
13.47 -3.53662
13.48 -3.11545
13.49 -2.63353
13.5 -2.1451
13.51 -1.70092
13.52 -1.33775
13.53 -1.07292
13.54 -0.904224
13.55 -0.814412
13.56 -0.780098
13.57 -0.780235
13.58 -0.802038
13.59 -0.842984
13.6 -0.909601
13.61 -1.01361
13.62 -1.16602
13.63 -1.37355
13.64 -1.63674
13.65 -1.94921
13.66 -2.30114
13.67 -2.68205
13.68 -3.06178
13.69 -3.38047
13.7 -3.58944
13.71 -3.69485
13.72 -3.75713
13.73 -3.85674
13.74 -4.06144
13.75 -4.409
13.76 -4.89656
13.77 -5.4797
13.78 -6.0834
13.79 -6.622
13.8 -7.02014
13.81 -7.22043
13.82 -7.18115
13.83 -6.8763
13.84 -6.29907
13.85 -5.46684
13.86 -4.42134
13.87 -3.22193
13.88 -1.93596
13.89 -0.629743
13.9 0.638917
13.91 1.82427
13.92 2.89163
13.93 3.81279
13.94 4.56187
13.95 5.11035
13.96 5.41824
13.97 5.46059
13.98 5.26283
13.99 4.88267
14 4.37502
14.01 3.77521
14.02 3.09776
14.03 2.34388
14.04 1.51297
14.05 0.61428
14.06 -0.324739
14.07 -1.25825
14.08 -2.1292
14.09 -2.87977
14.1 -3.46237
14.11 -3.84564
14.12 -4.01687
14.13 -3.98063
14.14 -3.75124
14.15 -3.34581
14.16 -2.78103
14.17 -2.07098
14.18 -1.23074
14.19 -0.2844
14.2 0.73033
14.21 1.762
14.22 2.74916
14.23 3.62832
14.24 4.346
14.25 4.8669
14.26 5.17598
14.27 5.27768
14.28 5.19045
14.29 4.93902
14.3 4.54829
14.31 4.04401
14.32 3.45489
14.33 2.81128
14.34 2.14532
14.35 1.48997
14.36 0.877158
14.37 0.337275
14.38 -0.0998789
14.39 -0.406717
14.4 -0.560775
14.41 -0.547031
14.42 -0.363155
14.43 -0.0216885
14.44 0.452783
14.45 1.0279
14.46 1.66825
14.47 2.33712
14.48 2.99663
14.49 3.60912
14.5 4.13973
14.51 4.55941
14.52 4.84809
14.53 4.99858
14.54 5.0194
14.55 4.93274
14.56 4.76876
14.57 4.55817
14.58 4.32478
14.59 4.0811
14.6 3.82858
14.61 3.56126
14.62 3.2702
14.63 2.94647
14.64 2.58312
14.65 2.17456
14.66 1.7147
14.67 1.1969
14.68 0.612889
14.69 -0.0467178
14.7 -0.788099
14.71 -1.60908
14.72 -2.49776
14.73 -3.43117
14.74 -4.35878
14.75 -5.20836
14.76 -5.88136
14.77 -6.27829
14.78 -6.37303
14.79 -6.22777
14.8 -5.96237
14.81 -5.70957
14.82 -5.5612
14.83 -5.52164
14.84 -5.49785
14.85 -5.33186
14.86 -4.86143
14.87 -3.98447
14.88 -2.70155
14.89 -1.12233
14.9 0.565392
14.91 2.1505
14.92 3.45568
14.93 4.38059
14.94 4.91761
14.95 5.13622
14.96 5.1451
14.97 5.04602
14.98 4.89508
14.99 4.68368
15 4.35224
15.01 3.82395
15.02 3.03907
15.03 1.98506
15.04 0.711625
15.05 -0.676782
15.06 -2.0441
15.07 -3.25368
15.08 -4.199
15.09 -4.78753
15.1 -4.94859
15.11 -4.69558
15.12 -4.13549
15.13 -3.42648
15.14 -2.71298
15.15 -2.07166
15.16 -1.49888
15.17 -0.932235
15.18 -0.291514
15.19 0.47966
15.2 1.38294
15.21 2.35661
15.22 3.29203
15.23 4.06498
15.24 4.57308
15.25 4.76695
15.26 4.66315
15.27 4.33621
15.28 3.89166
15.29 3.43144
15.3 3.02377
15.31 2.68595
15.32 2.38652
15.33 2.06324
15.34 1.64935
15.35 1.10095
15.36 0.413155
15.37 -0.379491
15.38 -1.21317
15.39 -2.01375
15.4 -2.71865
15.41 -3.29186
15.42 -3.72566
15.43 -4.03175
15.44 -4.23549
15.45 -4.3725
15.46 -4.47848
15.47 -4.57644
15.48 -4.66927
15.49 -4.74099
15.5 -4.76391
15.51 -4.70901
15.52 -4.55796
15.53 -4.30917
15.54 -3.97541
15.55 -3.57849
15.56 -3.14079
15.57 -2.67646
15.58 -2.18929
15.59 -1.67198
15.6 -1.11168
15.61 -0.498959
15.62 0.166594
15.63 0.869705
15.64 1.57862
15.65 2.24968
15.66 2.83374
15.67 3.28622
15.68 3.5774
15.69 3.6972
15.7 3.65367
15.71 3.46935
15.72 3.17556
15.73 2.80401
15.74 2.38239
15.75 1.93237
15.76 1.47062
15.77 1.0117
15.78 0.571539
15.79 0.172571
15.8 -0.155855
15.81 -0.381294
15.82 -0.474358
15.83 -0.41628
15.84 -0.205532
15.85 0.138373
15.86 0.576285
15.87 1.05598
15.88 1.52176
15.89 1.92459
15.9 2.23427
15.91 2.44498
15.92 2.57064
15.93 2.63675
15.94 2.66707
15.95 2.67228
15.96 2.64414
15.97 2.55611
15.98 2.37211
15.99 2.05741
16 1.5896
16.01 0.96683
16.02 0.210138
16.03 -0.639207
16.04 -1.52768
16.05 -2.39957
16.06 -3.20414
16.07 -3.89388
16.08 -4.43014
16.09 -4.79612
16.1 -4.99562
16.11 -5.04132
16.12 -4.94308
16.13 -4.68672
16.14 -4.24527
16.15 -3.6152
16.16 -2.8173
16.17 -1.88664
16.18 -0.866393
16.19 0.19643
16.2 1.25575
16.21 2.22402
16.22 2.98719
16.23 3.4935
16.24 3.7707
16.25 3.9054
16.26 4.0116
16.27 4.18628
16.28 4.473
16.29 4.84197
16.3 5.19802
16.31 5.41387
16.32 5.37252
16.33 5.00783
16.34 4.32593
16.35 3.40094
16.36 2.34937
16.37 1.29426
16.38 0.330617
16.39 -0.496988
16.4 -1.19643
16.41 -1.81138
16.42 -2.39512
16.43 -2.98389
16.44 -3.57912
16.45 -4.14537
16.46 -4.62239
16.47 -4.94537
16.48 -5.06656
16.49 -4.9719
16.5 -4.68751
16.51 -4.27292
16.52 -3.80109
16.53 -3.33533
16.54 -2.91204
16.55 -2.53226
16.56 -2.16598
16.57 -1.7677
16.58 -1.29458
16.59 -0.723432
16.6 -0.0594626
16.61 0.66419
16.62 1.39587
16.63 2.08038
16.64 2.67263
16.65 3.14882
16.66 3.50942
16.67 3.77281
16.68 3.96415
16.69 4.10427
16.7 4.20094
16.71 4.24532
16.72 4.21753
16.73 4.09419
16.74 3.85698
16.75 3.50218
16.76 3.04328
16.77 2.5093
16.78 1.93883
16.79 1.37184
16.8 0.842642
16.81 0.375394
16.82 -0.0168263
16.83 -0.330267
16.84 -0.566425
16.85 -0.728337
16.86 -0.818123
16.87 -0.836599
16.88 -0.784021
16.89 -0.662649
16.9 -0.480967
16.91 -0.254678
16.92 -0.00591194
16.93 0.236683
16.94 0.439899
16.95 0.57162
16.96 0.60614
16.97 0.526285
16.98 0.327169
16.99 0.0165096
17 -0.38857
17.01 -0.863958
17.02 -1.38273
17.03 -1.91743
17.04 -2.44079
17.05 -2.92765
17.06 -3.35412
17.07 -3.69707
17.08 -3.92798
17.09 -4.01779
17.1 -3.96022
17.11 -3.77282
17.12 -3.48283
17.13 -3.12168
17.14 -2.72173
17.15 -2.31285
17.16 -1.92107
17.17 -1.56915
17.18 -1.2754
17.19 -1.05225
17.2 -0.906115
17.21 -0.836309
17.22 -0.835248
17.23 -0.890972
17.24 -0.989267
17.25 -1.1136
17.26 -1.24572
17.27 -1.36751
17.28 -1.46343
17.29 -1.52139
17.3 -1.53379
17.31 -1.49973
17.32 -1.42473
17.33 -1.31815
17.34 -1.18951
17.35 -1.04545
17.36 -0.88693
17.37 -0.707397
17.38 -0.494297
17.39 -0.232899
17.4 0.087232
17.41 0.466182
17.42 0.891673
17.43 1.33938
17.44 1.77471
17.45 2.1588
17.46 2.45538
17.47 2.63657
17.48 2.6862
17.49 2.60181
17.5 2.39517
17.51 2.088
17.52 1.70773
17.53 1.28425
17.54 0.846778
17.55 0.421425
17.56 0.0292047
17.57 -0.314403
17.58 -0.598508
17.59 -0.816712
17.6 -0.965895
17.61 -1.04536
17.62 -1.05664
17.63 -1.00227
17.64 -0.886073
17.65 -0.714114
17.66 -0.496462
17.67 -0.248304
17.68 0.0126021
17.69 0.266481
17.7 0.493683
17.71 0.679844
17.72 0.819048
17.73 0.91559
17.74 0.982447
17.75 1.03691
17.76 1.09546
17.77 1.1675
17.78 1.25126
17.79 1.33454
17.8 1.39854
17.81 1.42435
17.82 1.39927
17.83 1.321
17.84 1.19847
17.85 1.04938
17.86 0.895388
17.87 0.756462
17.88 0.645132
17.89 0.565588
17.9 0.515641
17.91 0.488304
17.92 0.476808
17.93 0.478203
17.94 0.493933
17.95 0.529194
17.96 0.589229
17.97 0.674358
17.98 0.776632
17.99 0.879668
18 0.961401
18.01 0.997923
18.02 0.969991
18.03 0.868292
18.04 0.695122
18.05 0.465519
18.06 0.204135
18.07 -0.0596495
18.08 -0.297854
18.09 -0.490764
18.1 -0.630818
18.11 -0.722616
18.12 -0.778523
18.13 -0.813699
18.14 -0.839548
18.15 -0.856874
18.16 -0.853945
18.17 -0.808649
18.18 -0.693668
18.19 -0.485284
18.2 -0.171902
18.21 0.241563
18.22 0.731206
18.23 1.2601
18.24 1.78943
18.25 2.28465
18.26 2.71918
18.27 3.07456
18.28 3.33774
18.29 3.49707
18.3 3.53891
18.31 3.4477
18.32 3.20791
18.33 2.80765
18.34 2.24354
18.35 1.52385
18.36 0.669954
18.37 -0.285502
18.38 -1.30296
18.39 -2.3396
18.4 -3.3523
18.41 -4.30009
18.42 -5.13659
18.43 -5.81191
18.44 -6.24616
18.45 -6.34813
18.46 -6.09508
18.47 -5.54735
18.48 -4.8187
18.49 -4.03574
18.5 -3.29389
18.51 -2.62303
18.52 -1.98449
18.53 -1.29986
18.54 -0.493857
18.55 0.468145
18.56 1.55945
18.57 2.6628
18.58 3.60341
18.59 4.24731
18.6 4.5504
18.61 4.55944
18.62 4.38255
18.63 4.13734
18.64 3.90316
18.65 3.69843
18.66 3.48386
18.67 3.18626
18.68 2.73444
18.69 2.09349
18.7 1.28297
18.71 0.376805
18.72 -0.51413
18.73 -1.27242
18.74 -1.80422
18.75 -2.05937
18.76 -2.03709
18.77 -1.77458
18.78 -1.32734
18.79 -0.750964
18.8 -0.0872768
18.81 0.639735
18.82 1.41849
18.83 2.23974
18.84 3.04625
18.85 3.72694
18.86 4.18693
18.87 4.38997
18.88 4.36499
18.89 4.18831
18.9 3.95177
18.91 3.7219
18.92 3.50667
18.93 3.2536
18.94 2.87579
18.95 2.29014
18.96 1.4533
18.97 0.381353
18.98 -0.852049
18.99 -2.13597
19 -3.35261
19.01 -4.40717
19.02 -5.24808
19.03 -5.87078
19.04 -6.30163
19.05 -6.57433
19.06 -6.71701
19.07 -6.74785
19.08 -6.67033
19.09 -6.46858
19.1 -6.1117
19.11 -5.5691
19.12 -4.82896
19.13 -3.91225
19.14 -2.87464
19.15 -1.79843
19.16 -0.77691
19.17 0.105511
19.18 0.789002
19.19 1.24526
19.2 1.4785
19.21 1.51755
19.22 1.40261
19.23 1.17703
19.24 0.880663
19.25 0.546912
19.26 0.204363
19.27 -0.12318
19.28 -0.417579
19.29 -0.667281
19.3 -0.867957
19.31 -1.02176
19.32 -1.13489
19.33 -1.21543
19.34 -1.27093
19.35 -1.30309
19.36 -1.3085
19.37 -1.28006
19.38 -1.20663
19.39 -1.07745
19.4 -0.885124
19.41 -0.628123
19.42 -0.311797
19.43 0.0531748
19.44 0.451762
19.45 0.866328
19.46 1.27784
19.47 1.66815
19.48 2.02207
19.49 2.3266
19.5 2.57082
19.51 2.7467
19.52 2.84783
19.53 2.86875
19.54 2.80553
19.55 2.65658
19.56 2.42453
19.57 2.11786
19.58 1.75073
19.59 1.34182
19.6 0.912389
19.61 0.483072
19.62 0.0712158
19.63 -0.310347
19.64 -0.653239
19.65 -0.950181
19.66 -1.19454
19.67 -1.37955
19.68 -1.49518
19.69 -1.53111
19.7 -1.48001
19.71 -1.33851
19.72 -1.11072
19.73 -0.809464
19.74 -0.454588
19.75 -0.0721748
19.76 0.308385
19.77 0.659254
19.78 0.957742
19.79 1.18854
19.8 1.34366
19.81 1.42087
19.82 1.42223
19.83 1.35135
19.84 1.21252
19.85 1.01034
19.86 0.750139
19.87 0.439056
19.88 0.0849233
19.89 -0.302068
19.9 -0.707623
19.91 -1.11488
19.92 -1.50357
19.93 -1.85129
19.94 -2.13682
19.95 -2.33156
19.96 -2.40182
19.97 -2.3354
19.98 -2.15643
19.99 -1.90838
20 -1.63111
20.01 -1.34879
20.02 -1.06436
20.03 -0.762861
20.04 -0.421901
20.05 -0.0240717
20.06 0.43385
20.07 0.93475
20.08 1.44269
20.09 1.91233
20.1 2.2989
20.11 2.56737
20.12 2.70034
20.13 2.70003
20.14 2.58447
20.15 2.38121
20.16 2.11777
20.17 1.81395
20.18 1.47801
20.19 1.10753
20.2 0.694325
20.21 0.231736
20.22 -0.278421
20.23 -0.822409
20.24 -1.37402
20.25 -1.90016
20.26 -2.36833
20.27 -2.75294
20.28 -3.04012
20.29 -3.2297
20.3 -3.3326
20.31 -3.36441
20.32 -3.34044
20.33 -3.27078
20.34 -3.15629
20.35 -2.99082
20.36 -2.76618
20.37 -2.47765
20.38 -2.12868
20.39 -1.73254
20.4 -1.31284
20.41 -0.899764
20.42 -0.523662
20.43 -0.211239
20.44 0.0193744
20.45 0.161784
20.46 0.218784
20.47 0.200273
20.48 0.120457
20.49 -0.00654641
20.5 -0.169768
20.51 -0.363774
20.52 -0.588749
20.53 -0.845888
20.54 -1.13364
20.55 -1.44421
20.56 -1.76172
20.57 -2.06377
20.58 -2.32335
20.59 -2.51399
20.6 -2.61281
20.61 -2.6028
20.62 -2.47346
20.63 -2.21922
20.64 -1.83938
20.65 -1.33798
20.66 -0.725229
20.67 -0.0170401
20.68 0.765476
20.69 1.59485
20.7 2.43786
20.71 3.25838
20.72 3.9844
20.73 4.51634
20.74 4.79934
20.75 4.85051
20.76 4.74649
20.77 4.59332
20.78 4.48753
20.79 4.47743
20.8 4.54064
20.81 4.59373
20.82 4.52777
20.83 4.25164
20.84 3.72748
20.85 2.98545
20.86 2.11402
20.87 1.23414
20.88 0.462882
20.89 -0.118894
20.9 -0.482496
20.91 -0.649397
20.92 -0.67355
20.93 -0.615577
20.94 -0.516994
20.95 -0.386657
20.96 -0.202673
20.97 0.0732041
20.98 0.4738
20.99 1.00794
21 1.65193
21.01 2.35243
21.02 3.0386
21.03 3.64062
21.04 4.10084
21.05 4.38166
21.06 4.47946
21.07 4.4243
21.08 4.26077
21.09 4.0265
21.1 3.73792
21.11 3.3868
21.12 2.94871
21.13 2.39615
21.14 1.71294
21.15 0.905764
21.16 0.0063174
21.17 -0.933464
21.18 -1.85248
21.19 -2.69487
21.2 -3.42028
21.21 -3.9807
21.22 -4.32307
21.23 -4.43666
21.24 -4.3673
21.25 -4.2007
21.26 -4.03109
21.27 -3.92996
21.28 -3.92219
21.29 -3.97258
21.3 -3.99729
21.31 -3.8968
21.32 -3.59164
21.33 -3.04875
21.34 -2.29251
21.35 -1.39639
21.36 -0.459061
21.37 0.422736
21.38 1.17719
21.39 1.7707
21.4 2.20572
21.41 2.50793
21.42 2.70817
21.43 2.82613
21.44 2.86103
21.45 2.7919
21.46 2.58969
21.47 2.23248
21.48 1.71832
21.49 1.07226
21.5 0.342371
21.51 -0.409801
21.52 -1.1218
21.53 -1.74304
21.54 -2.24201
21.55 -2.60753
21.56 -2.84327
21.57 -2.95976
21.58 -2.96467
21.59 -2.85847
21.6 -2.63528
21.61 -2.286
21.62 -1.80622
21.63 -1.20265
21.64 -0.497644
21.65 0.270449
21.66 1.05227
21.67 1.79511
21.68 2.45101
21.69 2.98425
21.7 3.37395
21.71 3.61271
21.72 3.70632
21.73 3.67009
21.74 3.52258
21.75 3.28141
21.76 2.96066
21.77 2.56933
21.78 2.11296
21.79 1.59738
21.8 1.03267
21.81 0.435402
21.82 -0.172804
21.83 -0.767954
21.84 -1.32687
21.85 -1.83055
21.86 -2.26604
21.87 -2.62674
21.88 -2.91027
21.89 -3.11509
21.9 -3.23917
21.91 -3.27893
21.92 -3.22978
21.93 -3.0896
21.94 -2.86108
21.95 -2.55304
21.96 -2.18045
21.97 -1.76317
21.98 -1.32253
21.99 -0.877758
22 -0.445587
22.01 -0.0384347
22.02 0.335833
22.03 0.670275
22.04 0.957418
22.05 1.19068
22.06 1.36369
22.07 1.47032
22.08 1.50802
22.09 1.47888
22.1 1.38847
22.11 1.24628
22.12 1.06487
22.13 0.858917
22.14 0.642528
22.15 0.425647
22.16 0.214985
22.17 0.0130962
22.18 -0.181902
22.19 -0.373625
22.2 -0.565298
22.21 -0.757065
22.22 -0.945887
22.23 -1.12574
22.24 -1.28763
22.25 -1.42192
22.26 -1.52117
22.27 -1.58201
22.28 -1.60506
22.29 -1.59482
22.3 -1.55915
22.31 -1.50623
22.32 -1.44197
22.33 -1.36978
22.34 -1.29053
22.35 -1.20315
22.36 -1.10815
22.37 -1.00897
22.38 -0.911642
22.39 -0.825586
22.4 -0.760268
22.41 -0.722049
22.42 -0.713752
22.43 -0.732954
22.44 -0.7711
22.45 -0.815748
22.46 -0.851854
22.47 -0.863991
22.48 -0.840619
22.49 -0.776159
22.5 -0.671212
22.51 -0.532165
22.52 -0.369737
22.53 -0.194468
22.54 -0.0135123
22.55 0.169417
22.56 0.354769
22.57 0.545932
22.58 0.745947
22.59 0.954105
22.6 1.16588
22.61 1.37431
22.62 1.5712
22.63 1.74909
22.64 1.90317
22.65 2.03322
22.66 2.12429
22.67 2.15182
22.68 2.11427
22.69 2.03695
22.7 1.95973
22.71 1.92229
22.72 1.9507
22.73 2.0483
22.74 2.19252
22.75 2.33959
22.76 2.43851
22.77 2.4464
22.78 2.34126
22.79 2.12694
22.8 1.82765
22.81 1.47758
22.82 1.10736
22.83 0.732807
22.84 0.351556
22.85 -0.0519584
22.86 -0.496694
22.87 -0.99466
22.88 -1.54257
22.89 -2.11777
22.9 -2.68135
22.91 -3.18815
22.92 -3.59821
22.93 -3.88525
22.94 -4.04178
22.95 -4.07776
22.96 -4.01438
22.97 -3.8751
22.98 -3.67722
22.99 -3.4279
23 -3.12478
23.01 -2.7605
23.02 -2.32879
23.03 -1.83046
23.04 -1.27613
23.05 -0.685802
23.06 -0.0855434
23.07 0.498002
23.08 1.04209
23.09 1.52985
23.1 1.95078
23.11 2.29963
23.12 2.57496
23.13 2.77482
23.14 2.89464
23.15 2.92878
23.16 2.87107
23.17 2.71774
23.18 2.4716
23.19 2.14374
23.2 1.75342
23.21 1.32634
23.22 0.891068
23.23 0.47494
23.24 0.10149
23.25 -0.211691
23.26 -0.453073
23.27 -0.616143
23.28 -0.698292
23.29 -0.699021
23.3 -0.620249
23.31 -0.465222
23.32 -0.238655
23.33 0.0512068
23.34 0.391163
23.35 0.762224
23.36 1.14085
23.37 1.5018
23.38 1.82149
23.39 2.08081
23.4 2.26726
23.41 2.37492
23.42 2.4026
23.43 2.35113
23.44 2.22172
23.45 2.01538
23.46 1.73319
23.47 1.37841
23.48 0.957569
23.49 0.481459
23.5 -0.0331057
23.51 -0.564236
23.52 -1.08736
23.53 -1.57768
23.54 -2.01268
23.55 -2.37346
23.56 -2.64657
23.57 -2.82371
23.58 -2.90081
23.59 -2.87799
23.6 -2.75797
23.61 -2.54497
23.62 -2.24468
23.63 -1.86495
23.64 -1.4168
23.65 -0.915237
23.66 -0.379889
23.67 0.166473
23.68 0.699985
23.69 1.19851
23.7 1.64392
23.71 2.023
23.72 2.32825
23.73 2.55645
23.74 2.70691
23.75 2.78096
23.76 2.77954
23.77 2.70329
23.78 2.55486
23.79 2.33804
23.8 2.05816
23.81 1.72283
23.82 1.34214
23.83 0.929099
23.84 0.499506
23.85 0.0717576
23.86 -0.334794
23.87 -0.702026
23.88 -1.01483
23.89 -1.26286
23.9 -1.44086
23.91 -1.5481
23.92 -1.58638
23.93 -1.55744
23.94 -1.46229
23.95 -1.30139
23.96 -1.07401
23.97 -0.781702
23.98 -0.431721
23.99 -0.0372148
24 0.38209
24.01 0.80126
24.02 1.19316
24.03 1.53248
24.04 1.80037
24.05 1.98672
24.06 2.0896
24.07 2.11372
24.08 2.06751
24.09 1.9584
24.1 1.7911
24.11 1.56726
24.12 1.2856
24.13 0.944839
24.14 0.54648
24.15 0.0959615
24.16 -0.395841
24.17 -0.912495
24.18 -1.43413
24.19 -1.93819
24.2 -2.39388
24.21 -2.75691
24.22 -2.9886
24.23 -3.0825
24.24 -3.06607
24.25 -2.98674
24.26 -2.89325
24.27 -2.81291
24.28 -2.73916
24.29 -2.63743
24.3 -2.46096
24.31 -2.1707
24.32 -1.75227
24.33 -1.22405
24.34 -0.632735
24.35 -0.0399272
24.36 0.4937
24.37 0.923865
24.38 1.23115
24.39 1.42003
24.4 1.51172
24.41 1.53251
24.42 1.50234
24.43 1.42896
24.44 1.30846
24.45 1.13005
24.46 0.883814
24.47 0.568944
24.48 0.197538
24.49 -0.206611
24.5 -0.612364
24.51 -0.987642
24.52 -1.30594
24.53 -1.54981
24.54 -1.71215
24.55 -1.79423
24.56 -1.79996
24.57 -1.73275
24.58 -1.59361
24.59 -1.38142
24.6 -1.0968
24.61 -0.745622
24.62 -0.341318
24.63 0.0941099
24.64 0.532357
24.65 0.942693
24.66 1.29721
24.67 1.57559
24.68 1.76678
24.69 1.86939
24.7 1.88947
24.71 1.83779
24.72 1.72729
24.73 1.56953
24.74 1.3732
24.75 1.14597
24.76 0.895192
24.77 0.629014
24.78 0.358495
24.79 0.0965173
24.8 -0.14355
24.81 -0.348707
24.82 -0.508584
24.83 -0.616955
24.84 -0.672215
24.85 -0.677113
24.86 -0.637703
24.87 -0.562848
24.88 -0.462298
24.89 -0.345638
24.9 -0.222127
24.91 -0.0995616
24.92 0.0153475
24.93 0.117059
24.94 0.201276
24.95 0.264841
24.96 0.306159
24.97 0.324507
24.98 0.319511
24.99 0.290606
25 0.236533
25.01 0.155961
25.02 0.0486906
25.03 -0.0833207
25.04 -0.235564
25.05 -0.400441
25.06 -0.567703
25.07 -0.725711
25.08 -0.863572
25.09 -0.972468
25.1 -1.04562
25.11 -1.07938
25.12 -1.07264
25.13 -1.02513
25.14 -0.937315
25.15 -0.809541
25.16 -0.642922
25.17 -0.440253
25.18 -0.206234
25.19 0.0516512
25.2 0.322674
25.21 0.593033
25.22 0.847737
25.23 1.07081
25.24 1.24575
25.25 1.35906
25.26 1.40194
25.27 1.37084
25.28 1.26851
25.29 1.10326
25.3 0.887749
25.31 0.636764
25.32 0.365511
25.33 0.088526
25.34 -0.1816
25.35 -0.434991
25.36 -0.663439
25.37 -0.858768
25.38 -1.01326
25.39 -1.11954
25.4 -1.17051
25.41 -1.16153
25.42 -1.09161
25.43 -0.964255
25.44 -0.789175
25.45 -0.582386
25.46 -0.364039
25.47 -0.155199
25.48 0.0256687
25.49 0.166365
25.5 0.261692
25.51 0.312994
25.52 0.327036
25.53 0.312755
25.54 0.277678
25.55 0.226566
25.56 0.159937
25.57 0.0745761
25.58 -0.0333876
25.59 -0.166625
25.6 -0.323966
25.61 -0.498733
25.62 -0.68015
25.63 -0.855313
25.64 -1.01078
25.65 -1.13453
25.66 -1.21761
25.67 -1.25376
25.68 -1.23809
25.69 -1.16712
25.7 -1.03833
25.71 -0.851283
25.72 -0.609993
25.73 -0.323664
25.74 -0.00714139
25.75 0.319421
25.76 0.633245
25.77 0.912577
25.78 1.13994
25.79 1.30443
25.8 1.40249
25.81 1.43622
25.82 1.41105
25.83 1.33379
25.84 1.21157
25.85 1.05259
25.86 0.865315
25.87 0.658017
25.88 0.440038
25.89 0.221285
25.9 0.0110325
25.91 -0.182487
25.92 -0.351783
25.93 -0.490193
25.94 -0.591822
25.95 -0.650894
25.96 -0.661652
25.97 -0.6194
25.98 -0.520826
25.99 -0.365457
26 -0.15727
26.01 0.0954014
26.02 0.379344
26.03 0.678127
26.04 0.974905
26.05 1.2545
26.06 1.50392
26.07 1.7123
26.08 1.87053
26.09 1.97083
26.1 2.00515
26.11 1.9657
26.12 1.84753
26.13 1.64849
26.14 1.37036
26.15 1.02116
26.16 0.614079
26.17 0.167454
26.18 -0.295754
26.19 -0.75064
26.2 -1.17165
26.21 -1.53533
26.22 -1.82273
26.23 -2.02015
26.24 -2.11974
26.25 -2.12048
26.26 -2.02732
26.27 -1.84943
26.28 -1.59877
26.29 -1.28951
26.3 -0.937559
26.31 -0.560236
26.32 -0.177023
26.33 0.191151
26.34 0.523778
26.35 0.802474
26.36 1.01266
26.37 1.14409
26.38 1.19121
26.39 1.15354
26.4 1.03551
26.41 0.845117
26.42 0.593266
26.43 0.292771
26.44 -0.0431034
26.45 -0.400879
26.46 -0.76739
26.47 -1.12986
26.48 -1.47478
26.49 -1.78697
26.5 -2.04932
26.51 -2.24489
26.52 -2.35987
26.53 -2.38483
26.54 -2.31497
26.55 -2.15184
26.56 -1.90318
26.57 -1.58074
26.58 -1.19954
26.59 -0.776666
26.6 -0.330376
26.61 0.120685
26.62 0.558331
26.63 0.965222
26.64 1.32619
26.65 1.62931
26.66 1.86572
26.67 2.03004
26.68 2.12102
26.69 2.14101
26.7 2.09515
26.71 1.98919
26.72 1.82854
26.73 1.61873
26.74 1.36497
26.75 1.07311
26.76 0.750804
26.77 0.406854
26.78 0.0524193
26.79 -0.298405
26.8 -0.630007
26.81 -0.925699
26.82 -1.17007
26.83 -1.35024
26.84 -1.45636
26.85 -1.48404
26.86 -1.4344
26.87 -1.31285
26.88 -1.12794
26.89 -0.888225
26.9 -0.601251
26.91 -0.275051
26.92 0.0813951
26.93 0.45771
26.94 0.841262
26.95 1.21722
26.96 1.56938
26.97 1.88101
26.98 2.13635
26.99 2.32131
27 2.42308
27.01 2.43036
27.02 2.34033
27.03 2.16079
27.04 1.90349
27.05 1.58089
27.06 1.20517
27.07 0.787198
27.08 0.336189
27.09 -0.13699
27.1 -0.618333
27.11 -1.09191
27.12 -1.53859
27.13 -1.93866
27.14 -2.27498
27.15 -2.53091
27.16 -2.69114
27.17 -2.74975
27.18 -2.71394
27.19 -2.5983
27.2 -2.41668
27.21 -2.17645
27.22 -1.87862
27.23 -1.52162
27.24 -1.10406
27.25 -0.629907
27.26 -0.11295
27.27 0.423941
27.28 0.950733
27.29 1.43405
27.3 1.84402
27.31 2.1532
27.32 2.33024
27.33 2.3558
27.34 2.24321
27.35 2.03396
27.36 1.77717
27.37 1.5077
27.38 1.23492
27.39 0.944696
27.4 0.611309
27.41 0.21223
27.42 -0.258473
27.43 -0.782256
27.44 -1.31875
27.45 -1.81493
27.46 -2.21759
27.47 -2.48604
27.48 -2.60073
27.49 -2.56499
27.5 -2.39925
27.51 -2.13186
27.52 -1.79019
27.53 -1.39311
27.54 -0.948794
27.55 -0.45953
27.56 0.0727781
27.57 0.640373
27.58 1.22387
27.59 1.79208
27.6 2.30608
27.61 2.726
27.62 3.00687
27.63 3.10934
27.64 3.02916
27.65 2.79878
27.66 2.46691
27.67 2.0775
27.68 1.65663
27.69 1.21034
27.7 0.730317
27.71 0.205898
27.72 -0.363369
27.73 -0.95983
27.74 -1.54717
27.75 -2.0773
27.76 -2.50202
27.77 -2.7807
27.78 -2.88696
27.79 -2.82253
27.8 -2.62233
27.81 -2.33755
27.82 -2.01255
27.83 -1.67179
27.84 -1.31677
27.85 -0.932157
27.86 -0.497299
27.87 0.000291689
27.88 0.55461
27.89 1.1385
27.9 1.70731
27.91 2.209
27.92 2.59601
27.93 2.83445
27.94 2.91082
27.95 2.83195
27.96 2.61936
27.97 2.30203
27.98 1.90882
27.99 1.46235
28 0.977913
28.01 0.46625
28.02 -0.0615069
28.03 -0.589771
28.04 -1.09649
28.05 -1.55328
28.06 -1.92943
28.07 -2.19793
28.08 -2.34074
28.09 -2.34988
28.1 -2.2312
28.11 -2.00457
28.12 -1.69688
28.13 -1.33581
28.14 -0.94436
28.15 -0.539793
28.16 -0.134118
28.17 0.264052
28.18 0.645597
28.19 0.998776
28.2 1.30821
28.21 1.55609
28.22 1.72513
28.23 1.80219
28.24 1.78172
28.25 1.6665
28.26 1.46756
28.27 1.20222
28.28 0.890535
28.29 0.552014
28.3 0.202396
28.31 -0.146818
28.32 -0.487571
28.33 -0.813216
28.34 -1.11552
28.35 -1.38302
28.36 -1.60135
28.37 -1.75483
28.38 -1.82901
28.39 -1.81394
28.4 -1.70568
28.41 -1.50702
28.42 -1.22806
28.43 -0.884425
28.44 -0.494294
28.45 -0.0761778
28.46 0.352377
28.47 0.77571
28.48 1.17969
28.49 1.55037
28.5 1.87336
28.51 2.13384
28.52 2.30935
28.53 2.37524
28.54 2.32499
28.55 2.17529
28.56 1.95524
28.57 1.69248
28.58 1.40581
28.59 1.10319
28.6 0.783622
28.61 0.443192
28.62 0.0817054
28.63 -0.293694
28.64 -0.667612
28.65 -1.01834
28.66 -1.32235
28.67 -1.55985
28.68 -1.71924
28.69 -1.79861
28.7 -1.80461
28.71 -1.74917
28.72 -1.64523
28.73 -1.50306
28.74 -1.32814
28.75 -1.12172
28.76 -0.883527
28.77 -0.615058
28.78 -0.322308
28.79 -0.0167685
28.8 0.285902
28.81 0.568182
28.82 0.813758
28.83 1.01032
28.84 1.15096
28.85 1.23426
28.86 1.26236
28.87 1.23893
28.88 1.16736
28.89 1.04964
28.9 0.887174
28.91 0.682103
28.92 0.438261
28.93 0.162554
28.94 -0.134042
28.95 -0.43735
28.96 -0.731545
28.97 -1.00092
28.98 -1.23183
28.99 -1.41412
29 -1.54151
29.01 -1.61149
29.02 -1.62446
29.03 -1.58253
29.04 -1.48891
29.05 -1.3474
29.06 -1.16213
29.07 -0.938223
29.08 -0.682674
29.09 -0.404453
29.1 -0.114538
29.11 0.174687
29.12 0.45041
29.13 0.700482
29.14 0.914538
29.15 1.08477
29.16 1.20621
29.17 1.27643
29.18 1.29529
29.19 1.26428
29.2 1.186
29.21 1.06445
29.22 0.905362
29.23 0.715956
29.24 0.504695
29.25 0.281083
29.26 0.0551404
29.27 -0.163271
29.28 -0.364924
29.29 -0.54175
29.3 -0.687153
29.31 -0.796146
29.32 -0.865458
29.33 -0.893518
29.34 -0.880339
29.35 -0.827557
29.36 -0.738279
29.37 -0.616809
29.38 -0.468688
29.39 -0.300631
29.4 -0.120289
29.41 0.0640699
29.42 0.244003
29.43 0.411393
29.44 0.558937
29.45 0.680551
29.46 0.77162
29.47 0.829093
29.48 0.851479
29.49 0.838755
29.5 0.792343
29.51 0.714913
29.52 0.610104
29.53 0.482498
29.54 0.337543
29.55 0.181415
29.56 0.0208323
29.57 -0.137235
29.58 -0.285912
29.59 -0.418803
29.6 -0.530368
29.61 -0.616218
29.62 -0.6733
29.63 -0.699976
29.64 -0.695934
29.65 -0.662064
29.66 -0.600442
29.67 -0.514289
29.68 -0.40784
29.69 -0.286139
29.7 -0.154791
29.71 -0.0196931
29.72 0.113242
29.73 0.238347
29.74 0.350437
29.75 0.445011
29.76 0.518414
29.77 0.567963
29.78 0.592027
29.79 0.59018
29.8 0.563195
29.81 0.512874
29.82 0.441826
29.83 0.353303
29.84 0.251179
29.85 0.139852
29.86 0.0241169
29.87 -0.0910133
29.88 -0.200528
29.89 -0.299683
29.9 -0.384263
29.91 -0.450818
29.92 -0.496827
29.93 -0.520796
29.94 -0.522205
29.95 -0.501434
29.96 -0.459726
29.97 -0.399194
29.98 -0.322781
