0.01 -2.50406e-005
0.02 -5.10405e-005
0.03 -0.000107894
0.04 -0.000189709
0.05 -0.000275688
0.06 -0.000335523
0.07 -0.000337514
0.08 -0.000253455
0.09 -6.92667e-005
0.1 0.000212885
0.11 0.000573727
0.12 0.000985353
0.13 0.00141506
0.14 0.00183304
0.15 0.00218981
0.16 0.00245819
0.17 0.00264353
0.18 0.00275001
0.19 0.0028404
0.2 0.00305025
0.21 0.0035149
0.22 0.00430974
0.23 0.00541593
0.24 0.00667756
0.25 0.00784585
0.26 0.00862868
0.27 0.00871654
0.28 0.00787133
0.29 0.00591069
0.3 0.00272264
0.31 -0.00154565
0.32 -0.00645738
0.33 -0.0113352
0.34 -0.0153941
0.35 -0.0181768
0.36 -0.0198357
0.37 -0.021007
0.38 -0.0225313
0.39 -0.024885
0.4 -0.0274515
0.41 -0.0283355
0.42 -0.0248499
0.43 -0.0150223
0.44 0.00135535
0.45 0.0228859
0.46 0.0469357
0.47 0.0704891
0.48 0.0910769
0.49 0.106847
0.5 0.11604
0.51 0.117068
0.52 0.108691
0.53 0.0902727
0.54 0.06269
0.55 0.0286862
0.56 -0.00776289
0.57 -0.0424325
0.58 -0.0722672
0.59 -0.0964885
0.6 -0.115427
0.61 -0.128599
0.62 -0.133369
0.63 -0.12413
0.64 -0.0940107
0.65 -0.0387306
0.66 0.040302
0.67 0.132033
0.68 0.216565
0.69 0.270959
0.7 0.273926
0.71 0.212949
0.72 0.0922023
0.73 -0.0657355
0.74 -0.227088
0.75 -0.357151
0.76 -0.430992
0.77 -0.44044
0.78 -0.395691
0.79 -0.321754
0.8 -0.248582
0.81 -0.198561
0.82 -0.177513
0.83 -0.174256
0.84 -0.166255
0.85 -0.128985
0.86 -0.0439387
0.87 0.0973578
0.88 0.29086
0.89 0.519379
0.9 0.753624
0.91 0.954067
0.92 1.07566
0.93 1.07684
0.94 0.932002
0.95 0.641831
0.96 0.240587
0.97 -0.205795
0.98 -0.614602
0.99 -0.913948
1 -1.06896
1.01 -1.08929
1.02 -1.01842
1.03 -0.907014
1.04 -0.785302
1.05 -0.651043
1.06 -0.479174
1.07 -0.241128
1.08 0.0787706
1.09 0.469882
1.1 0.891325
1.11 1.28093
1.12 1.57194
1.13 1.71125
1.14 1.6719
1.15 1.45631
1.16 1.09324
1.17 0.632891
1.18 0.137009
1.19 -0.3353
1.2 -0.742163
1.21 -1.06762
1.22 -1.3217
1.23 -1.53448
1.24 -1.7398
1.25 -1.95569
1.26 -2.17151
1.27 -2.3455
1.28 -2.41308
1.29 -2.30659
1.3 -1.98314
1.31 -1.44338
1.32 -0.731757
1.33 0.0727519
1.34 0.879546
1.35 1.61296
1.36 2.21959
1.37 2.6665
1.38 2.93971
1.39 3.0421
1.4 2.98783
1.41 2.79626
1.42 2.48729
1.43 2.07604
1.44 1.5724
1.45 0.987786
1.46 0.340548
1.47 -0.341462
1.48 -1.02005
1.49 -1.64819
1.5 -2.17515
1.51 -2.55214
1.52 -2.73711
1.53 -2.7032
1.54 -2.44629
1.55 -1.98666
1.56 -1.36485
1.57 -0.633809
1.58 0.148108
1.59 0.922182
1.6 1.62968
1.61 2.20956
1.62 2.60358
1.63 2.76506
1.64 2.66222
1.65 2.28484
1.66 1.65259
1.67 0.817699
1.68 -0.138226
1.69 -1.116
1.7 -2.01486
1.71 -2.74849
1.72 -3.25948
1.73 -3.5256
1.74 -3.55967
1.75 -3.40289
1.76 -3.10509
1.77 -2.70492
1.78 -2.22242
1.79 -1.65654
1.8 -0.988797
1.81 -0.199867
1.82 0.713327
1.83 1.72554
1.84 2.77585
1.85 3.77129
1.86 4.60281
1.87 5.16765
1.88 5.39255
1.89 5.24762
1.9 4.75032
1.91 3.95987
1.92 2.95716
1.93 1.82719
1.94 0.649762
1.95 -0.508707
1.96 -1.59688
1.97 -2.57495
1.98 -3.40849
1.99 -4.06154
2 -4.49539
2.01 -4.6716
2.02 -4.55922
2.03 -4.1434
2.04 -3.43229
2.05 -2.46481
2.06 -1.31217
2.07 -0.0722517
2.08 1.14082
2.09 2.21355
2.1 3.04866
2.11 3.57671
2.12 3.76433
2.13 3.616
2.14 3.169
2.15 2.4846
2.16 1.63552
2.17 0.693197
2.18 -0.280086
2.19 -1.23547
2.2 -2.13539
2.21 -2.9434
2.22 -3.6157
2.23 -4.09688
2.24 -4.32281
2.25 -4.23721
2.26 -3.81209
2.27 -3.0633
2.28 -2.05547
2.29 -0.891959
2.3 0.303511
2.31 1.41482
2.32 2.35614
2.33 3.08293
2.34 3.59842
2.35 3.93839
2.36 4.14191
2.37 4.22928
2.38 4.19109
2.39 3.9901
2.4 3.57668
2.41 2.9108
2.42 1.9814
2.43 0.820992
2.44 -0.488661
2.45 -1.82429
2.46 -3.03975
2.47 -3.99393
2.48 -4.58012
2.49 -4.74674
2.5 -4.50368
2.51 -3.91417
2.52 -3.07317
2.53 -2.08285
2.54 -1.03345
2.55 0.00550942
2.56 0.984156
2.57 1.87002
2.58 2.63586
2.59 3.24298
2.6 3.63922
2.61 3.76428
2.62 3.55232
2.63 2.94798
2.64 1.92948
2.65 0.5307
2.66 -1.14216
2.67 -2.90861
2.68 -4.53228
2.69 -5.76618
2.7 -6.4042
2.71 -6.33404
2.72 -5.57284
2.73 -4.2594
2.74 -2.61539
2.75 -0.89043
2.76 0.698622
2.77 2.01344
2.78 3.01095
2.79 3.72969
2.8 4.25461
2.81 4.6763
2.82 5.05644
2.83 5.40344
2.84 5.66679
2.85 5.75415
2.86 5.56164
2.87 5.01041
2.88 4.07656
2.89 2.80745
2.9 1.31777
2.91 -0.239811
2.92 -1.70649
2.93 -2.94711
2.94 -3.87665
2.95 -4.47214
2.96 -4.77173
2.97 -4.86066
2.98 -4.84021
2.99 -4.78868
3 -4.73942
3.01 -4.6746
3.02 -4.52881
3.03 -4.21049
3.04 -3.62167
3.05 -2.67069
3.06 -1.29544
3.07 0.508354
3.08 2.67763
3.09 5.07725
3.1 7.49489
3.11 9.66764
3.12 11.3195
3.13 12.2056
3.14 12.1654
3.15 11.1645
3.16 9.3185
3.17 6.88673
3.18 4.23227
3.19 1.74742
3.2 -0.230812
3.21 -1.49415
3.22 -2.0087
3.23 -1.91188
3.24 -1.45994
3.25 -0.945431
3.26 -0.615291
3.27 -0.608947
3.28 -0.930588
3.29 -1.46715
3.3 -2.03952
3.31 -2.46806
3.32 -2.64833
3.33 -2.60276
3.34 -2.49489
3.35 -2.59809
3.36 -3.21331
3.37 -4.5801
3.38 -6.77527
3.39 -9.63431
3.4 -12.7647
3.41 -15.6177
3.42 -17.5849
3.43 -18.1298
3.44 -16.9325
3.45 -13.9711
3.46 -9.52428
3.47 -4.1397
3.48 1.47477
3.49 6.61449
3.5 10.7014
3.51 13.3289
3.52 14.306
3.53 13.6554
3.54 11.5968
3.55 8.56602
3.56 5.13077
3.57 1.91939
3.58 -0.409612
3.59 -1.36524
3.6 -0.738891
3.61 1.441
3.62 4.87438
3.63 9.02616
3.64 13.2516
3.65 16.9496
3.66 19.6926
3.67 21.2437
3.68 21.5171
3.69 20.5295
3.7 18.3447
3.71 15.0661
3.72 10.839
3.73 5.81642
3.74 0.165013
3.75 -5.91631
3.76 -12.2318
3.77 -18.6181
3.78 -24.9284
3.79 -30.8813
3.8 -35.9724
3.81 -39.6922
3.82 -41.711
3.83 -41.9373
3.84 -40.5199
3.85 -37.7418
3.86 -33.8848
3.87 -29.1253
3.88 -23.5302
3.89 -17.129
3.9 -9.9827
3.91 -2.26452
3.92 5.60897
3.93 12.9737
3.94 19.1346
3.95 23.5903
3.96 26.0512
3.97 26.3146
3.98 24.3345
3.99 20.4147
4 15.3185
4.01 10.161
4.02 6.03703
4.03 3.66294
4.04 3.32001
4.05 4.92717
4.06 8.02267
4.07 11.7532
4.08 15.1477
4.09 17.5356
4.1 18.709
4.11 18.9003
4.12 18.6375
4.13 18.5173
4.14 18.9701
4.15 20.1
4.16 21.6079
4.17 22.8783
4.18 23.2406
4.19 22.2034
4.2 19.5916
4.21 15.5805
4.22 10.6163
4.23 5.24038
4.24 -0.0929089
4.25 -4.92039
4.26 -8.80852
4.27 -11.6302
4.28 -13.4792
4.29 -14.5704
4.3 -15.5146
4.31 -17.3769
4.32 -21.1426
4.33 -27.1414
4.34 -34.8103
4.35 -42.7387
4.36 -49.1472
4.37 -52.5491
4.38 -52.1518
4.39 -48.0167
4.4 -40.9981
4.41 -32.4797
4.42 -23.956
4.43 -16.6139
4.44 -11.0652
4.45 -7.37547
4.46 -5.19537
4.47 -3.71665
4.48 -1.77939
4.49 1.67144
4.5 7.12166
4.51 14.0768
4.52 21.1627
4.53 26.866
4.54 30.1816
4.55 30.8802
4.56 29.7469
4.57 28.3645
4.58 28.1247
4.59 29.5562
4.6 32.3687
4.61 35.7694
4.62 38.7513
4.63 40.387
4.64 40.1079
4.65 37.8353
4.66 34.0325
4.67 29.5826
4.68 25.411
4.69 22.042
4.7 19.3918
4.71 16.9608
4.72 14.1521
4.73 10.5224
4.74 5.94099
4.75 0.626934
4.76 -4.92297
4.77 -10.0862
4.78 -14.1062
4.79 -16.1726
4.8 -15.7793
4.81 -12.9769
4.82 -8.39933
4.83 -3.14349
4.84 1.45963
4.85 4.22665
4.86 4.31462
4.87 1.21208
4.88 -5.05484
4.89 -13.7628
4.9 -23.6672
4.91 -33.2873
4.92 -41.2118
4.93 -46.468
4.94 -48.6404
4.95 -47.9468
4.96 -45.3121
4.97 -42.0213
4.98 -39.2224
4.99 -37.4675
5 -36.4338
5.01 -35.0429
5.02 -31.9142
5.03 -25.8953
5.04 -16.4946
5.05 -4.31695
5.06 9.07273
5.07 21.5953
5.08 31.067
5.09 35.9565
5.1 35.9279
5.11 31.9213
5.12 25.8227
5.13 19.873
5.14 16.0933
5.15 15.9353
5.16 19.8934
5.17 27.1724
5.18 35.888
5.19 43.6676
5.2 48.3626
5.21 48.6386
5.22 44.4509
5.23 37.0099
5.24 28.1054
5.25 19.4013
5.26 12.0279
5.27 6.44119
5.28 2.55626
5.29 -0.0980737
5.3 -2.3014
5.31 -4.91037
5.32 -8.56241
5.33 -13.3222
5.34 -18.3794
5.35 -22.3748
5.36 -24.1574
5.37 -23.2344
5.38 -19.8558
5.39 -14.8751
5.4 -9.52761
5.41 -5.37417
5.42 -3.98985
5.43 -6.26928
5.44 -12.109
5.45 -20.5056
5.46 -29.8214
5.47 -38.2054
5.48 -43.606
5.49 -45.6632
5.5 -44.8607
5.51 -41.3594
5.52 -36.4403
5.53 -31.5055
5.54 -27.667
5.55 -25.4217
5.56 -24.5324
5.57 -24.1463
5.58 -23.0875
5.59 -20.2006
5.6 -14.7066
5.61 -6.46504
5.62 3.76404
5.63 14.2806
5.64 23.0524
5.65 28.3144
5.66 29.177
5.67 26.1951
5.68 21.0636
5.69 16.1716
5.7 13.8335
5.71 15.6676
5.72 21.9513
5.73 31.5001
5.74 42.369
5.75 51.639
5.76 56.8328
5.77 55.8999
5.78 50.2302
5.79 40.4573
5.8 28.7464
5.81 17.5558
5.82 8.86532
5.83 3.41204
5.84 0.654705
5.85 -0.586536
5.86 -1.60064
5.87 -3.40341
5.88 -6.47805
5.89 -10.6948
5.9 -15.1636
5.91 -18.5018
5.92 -19.5586
5.93 -17.9107
5.94 -13.6345
5.95 -7.73089
5.96 -1.56427
5.97 3.37768
5.98 5.9588
5.99 5.68492
6 2.76283
6.01 -1.96972
6.02 -7.4413
6.03 -12.6413
6.04 -17.1772
6.05 -20.5768
6.06 -22.836
6.07 -24.2992
6.08 -25.3397
6.09 -26.147
6.1 -26.7438
6.11 -27.0531
6.12 -26.9594
6.13 -26.205
6.14 -24.4841
6.15 -21.5442
6.16 -17.3342
6.17 -11.9014
6.18 -5.48773
6.19 1.53057
6.2 8.63339
6.21 15.0326
6.22 19.7095
6.23 21.8748
6.24 21.4577
6.25 19.1193
6.26 15.9104
6.27 12.969
6.28 11.2181
6.29 11.1123
6.3 12.5735
6.31 14.9357
6.32 17.2468
6.33 18.5442
6.34 18.1374
6.35 15.8354
6.36 12.0435
6.37 7.65587
6.38 3.7055
6.39 1.01915
6.4 -0.0210358
6.41 0.460731
6.42 1.89727
6.43 3.45587
6.44 4.27086
6.45 3.71935
6.46 1.60702
6.47 -1.77945
6.48 -5.79054
6.49 -9.47143
6.5 -11.8042
6.51 -12.1434
6.52 -10.4118
6.53 -7.12594
6.54 -3.25813
6.55 0.169279
6.56 2.3177
6.57 2.73866
6.58 1.45033
6.59 -1.13914
6.6 -4.26768
6.61 -7.07934
6.62 -8.83545
6.63 -9.07809
6.64 -7.73636
6.65 -5.03664
6.66 -1.45267
6.67 2.40342
6.68 5.93072
6.69 8.69304
6.7 10.5167
6.71 11.4843
6.72 11.7574
6.73 11.4464
6.74 10.669
6.75 9.5874
6.76 8.3772
6.77 7.18916
6.78 6.12044
6.79 5.24464
6.8 4.58559
6.81 4.17125
6.82 4.04951
6.83 4.24542
6.84 4.70891
6.85 5.30575
6.86 5.85655
6.87 6.18788
6.88 6.09773
6.89 5.38453
6.9 3.92128
6.91 1.70688
6.92 -1.12533
6.93 -4.31898
6.94 -7.5387
6.95 -10.3655
6.96 -12.3402
6.97 -13.151
6.98 -12.7729
6.99 -11.4768
7 -9.72212
7.01 -8.01335
7.02 -6.78495
7.03 -6.30988
7.04 -6.63286
7.05 -7.63075
7.06 -8.91437
7.07 -10.0728
7.08 -10.7577
7.09 -10.8136
7.1 -10.3187
7.11 -9.5456
7.12 -8.83147
7.13 -8.55988
7.14 -9.04552
7.15 -10.3762
7.16 -12.3424
7.17 -14.4175
7.18 -15.905
7.19 -16.1157
7.2 -14.5668
7.21 -11.1746
7.22 -6.21183
7.23 -0.311267
7.24 5.69566
7.25 10.9538
7.26 14.732
7.27 16.493
7.28 16.0399
7.29 13.7153
7.3 10.2915
7.31 6.77845
7.32 4.15871
7.33 3.15508
7.34 4.05655
7.35 6.72371
7.36 10.4845
7.37 14.4251
7.38 17.6153
7.39 19.3354
7.4 19.2332
7.41 17.4416
7.42 14.4405
7.43 10.8935
7.44 7.45973
7.45 4.61525
7.46 2.5654
7.47 1.30824
7.48 0.692951
7.49 0.408655
7.5 0.0993119
7.51 -0.546838
7.52 -1.76139
7.53 -3.6171
7.54 -5.97813
7.55 -8.51332
7.56 -10.7773
7.57 -12.3437
7.58 -12.8587
7.59 -12.0805
7.6 -10.1004
7.61 -7.33385
7.62 -4.40891
7.63 -2.01873
7.64 -0.64975
7.65 -0.528677
7.66 -1.5684
7.67 -3.40985
7.68 -5.54106
7.69 -7.44914
7.7 -8.75394
7.71 -9.30099
7.72 -9.13297
7.73 -8.45675
7.74 -7.56459
7.75 -6.72729
7.76 -6.07026
7.77 -5.51857
7.78 -4.8409
7.79 -3.75312
7.8 -2.05711
7.81 0.2571
7.82 2.99676
7.83 5.79115
7.84 8.19935
7.85 9.84225
7.86 10.4984
7.87 10.133
7.88 8.91406
7.89 7.19618
7.9 5.42523
7.91 4.03127
7.92 3.33555
7.93 3.49161
7.94 4.49818
7.95 6.13723
7.96 8.05266
7.97 9.8413
7.98 11.1252
7.99 11.6174
8 11.2002
8.01 9.83629
8.02 7.59483
8.03 4.65813
8.04 1.33005
8.05 -1.99413
8.06 -4.87944
8.07 -6.90737
8.08 -7.78576
8.09 -7.43072
8.1 -5.99758
8.11 -3.86515
8.12 -1.54675
8.13 0.464527
8.14 1.86942
8.15 2.54243
8.16 2.48312
8.17 1.89821
8.18 1.17439
8.19 0.730257
8.2 0.889103
8.21 1.83545
8.22 3.55787
8.23 5.77518
8.24 8.04319
8.25 9.9437
8.26 11.2277
8.27 11.8721
8.28 12.0643
8.29 12.1164
8.3 12.3419
8.31 12.9525
8.32 13.9975
8.33 15.3657
8.34 16.8475
8.35 18.2115
8.36 19.2697
8.37 19.9824
8.38 20.2864
8.39 20.0712
8.4 19.3529
8.41 18.1767
8.42 16.5956
8.43 14.6437
8.44 12.3904
8.45 9.86977
8.46 7.06447
8.47 3.91432
8.48 0.335415
8.49 -3.74459
8.5 -8.24981
8.51 -12.7112
8.52 -16.4265
8.53 -18.9408
8.54 -20.2055
8.55 -20.4903
8.56 -20.2905
8.57 -20.2007
8.58 -20.7742
8.59 -22.4538
8.6 -25.5048
8.61 -29.6827
8.62 -34.2843
8.63 -38.33
8.64 -40.8407
8.65 -41.1077
8.66 -38.8869
8.67 -34.5054
8.68 -28.6714
8.69 -22.3372
8.7 -16.531
8.71 -12.1041
8.72 -9.41434
8.73 -8.25842
8.74 -7.99652
8.75 -7.80618
8.76 -6.9846
8.77 -5.17524
8.78 -2.45773
8.79 0.654065
8.8 3.29889
8.81 4.71844
8.82 4.59979
8.83 2.88816
8.84 -0.192667
8.85 -4.22596
8.86 -8.50719
8.87 -12.2519
8.88 -14.7728
8.89 -15.6582
8.9 -14.8814
8.91 -12.8078
8.92 -10.0591
8.93 -7.32693
8.94 -5.17481
8.95 -3.88366
8.96 -3.40229
8.97 -3.38444
8.98 -3.32112
8.99 -2.72138
9 -1.45682
9.01 0.196992
9.02 1.8769
9.03 3.27323
9.04 4.24933
9.05 4.88184
9.06 5.3378
9.07 5.75575
9.08 6.2574
9.09 6.91379
9.1 7.7052
9.11 8.60335
9.12 9.51187
9.13 10.2417
9.14 10.6062
9.15 10.5286
9.16 10.0705
9.17 9.4187
9.18 8.84
9.19 8.61764
9.2 8.99447
9.21 10.1271
9.22 12.1637
9.23 15.1402
9.24 18.9975
9.25 23.5261
9.26 28.3239
9.27 32.7721
9.28 36.1534
9.29 37.838
9.3 37.4308
9.31 34.9133
9.32 30.6767
9.33 25.3407
9.34 19.6338
9.35 14.2421
9.36 9.69103
9.37 6.28271
9.38 4.06261
9.39 2.81404
9.4 2.13429
9.41 1.56808
9.42 0.706818
9.43 -0.690608
9.44 -2.50199
9.45 -4.29198
9.46 -5.58404
9.47 -6.04221
9.48 -5.5754
9.49 -4.3915
9.5 -2.87974
9.51 -1.5239
9.52 -0.750353
9.53 -0.834275
9.54 -1.86529
9.55 -3.67987
9.56 -5.91976
9.57 -8.14123
9.58 -9.92839
9.59 -10.9947
9.6 -11.2545
9.61 -10.8137
9.62 -9.91427
9.63 -8.86979
9.64 -7.97788
9.65 -7.4415
9.66 -7.30595
9.67 -7.46076
9.68 -7.66483
9.69 -7.66632
9.7 -7.28914
9.71 -6.50027
9.72 -5.40343
9.73 -4.21659
9.74 -3.2004
9.75 -2.57474
9.76 -2.45071
9.77 -2.79601
9.78 -3.4432
9.79 -4.13517
9.8 -4.59727
9.81 -4.6087
9.82 -4.05183
9.83 -2.9374
9.84 -1.38975
9.85 0.398121
9.86 2.22081
9.87 3.9053
9.88 5.33993
9.89 6.48773
9.9 7.33745
9.91 7.87875
9.92 8.14039
9.93 8.18987
9.94 8.119
9.95 8.01664
9.96 7.94838
9.97 7.94911
9.98 7.99602
9.99 8.02106
10 7.93399
10.01 7.64857
10.02 7.10404
10.03 6.28748
10.04 5.25275
10.05 4.07865
10.06 2.87203
10.07 1.75734
10.08 0.847949
10.09 0.202717
10.1 -0.193523
10.11 -0.432839
10.12 -0.684021
10.13 -1.15688
10.14 -2.03767
10.15 -3.42808
10.16 -5.30502
10.17 -7.48616
10.18 -9.60259
10.19 -11.2095
10.2 -11.9787
10.21 -11.7977
10.22 -10.7846
10.23 -9.24097
10.24 -7.56152
10.25 -6.1266
10.26 -5.20019
10.27 -4.86498
10.28 -5.01221
10.29 -5.38938
10.3 -5.65733
10.31 -5.51112
10.32 -4.79117
10.33 -3.51783
10.34 -1.89824
10.35 -0.27429
10.36 0.97136
10.37 1.52101
10.38 1.20765
10.39 0.062877
10.4 -1.69941
10.41 -3.74756
10.42 -5.70267
10.43 -7.24229
10.44 -8.14072
10.45 -8.30073
10.46 -7.79289
10.47 -6.8366
10.48 -5.7406
10.49 -4.80971
10.5 -4.24206
10.51 -4.06657
10.52 -4.13914
10.53 -4.20292
10.54 -3.9886
10.55 -3.30656
10.56 -2.10953
10.57 -0.511591
10.58 1.25254
10.59 2.9064
10.6 4.19459
10.61 4.94242
10.62 5.09073
10.63 4.70114
10.64 3.93658
10.65 2.99603
10.66 2.08366
10.67 1.3662
10.68 0.941581
10.69 0.839742
10.7 1.01964
10.71 1.38729
10.72 1.81707
10.73 2.1824
10.74 2.38347
10.75 2.38461
10.76 2.23144
10.77 2.02254
10.78 1.88297
10.79 1.94043
10.8 2.28556
10.81 2.94337
10.82 3.86315
10.83 4.91013
10.84 5.90257
10.85 6.65857
10.86 7.04061
10.87 6.98971
10.88 6.5389
10.89 5.78396
10.9 4.8545
10.91 3.87291
10.92 2.9217
10.93 2.02411
10.94 1.14175
10.95 0.192823
10.96 -0.916738
10.97 -2.25943
10.98 -3.85981
10.99 -5.67688
11 -7.5738
11.01 -9.3548
11.02 -10.8583
11.03 -11.9953
11.04 -12.7539
11.05 -13.1862
11.06 -13.3718
11.07 -13.3733
11.08 -13.2087
11.09 -12.8478
11.1 -12.2302
11.11 -11.2908
11.12 -9.98217
11.13 -8.29048
11.14 -6.24453
11.15 -3.91187
11.16 -1.42282
11.17 1.03359
11.18 3.2902
11.19 5.26397
11.2 6.95563
11.21 8.42226
11.22 9.69065
11.23 10.6599
11.24 11.1683
11.25 11.1252
11.26 10.5581
11.27 9.61144
11.28 8.51147
11.29 7.51474
11.3 6.85967
11.31 6.67579
11.32 6.96832
11.33 7.62189
11.34 8.43893
11.35 9.19925
11.36 9.72291
11.37 9.92199
11.38 9.8105
11.39 9.49666
11.4 9.14382
11.41 8.91171
11.42 8.90228
11.43 9.1277
11.44 9.49199
11.45 9.80104
11.46 9.80955
11.47 9.30234
11.48 8.14895
11.49 6.34015
11.5 3.98826
11.51 1.29762
11.52 -1.48899
11.53 -4.14754
11.54 -6.49974
11.55 -8.37992
11.56 -9.62622
11.57 -10.1627
11.58 -10.0651
11.59 -9.53785
11.6 -8.84359
11.61 -8.24982
11.62 -7.97145
11.63 -8.12338
11.64 -8.73833
11.65 -9.67644
11.66 -10.7301
11.67 -11.6612
11.68 -12.2653
11.69 -12.4206
11.7 -12.1131
11.71 -11.4491
11.72 -10.5842
11.73 -9.71267
11.74 -9.01045
11.75 -8.59754
11.76 -8.5013
11.77 -8.62653
11.78 -8.77404
11.79 -8.69017
11.8 -8.15269
11.81 -7.03765
11.82 -5.34954
11.83 -3.23513
11.84 -0.947753
11.85 1.21565
11.86 2.98745
11.87 4.19141
11.88 4.77725
11.89 4.81644
11.9 4.46385
11.91 3.88638
11.92 3.21236
11.93 2.54275
11.94 1.96457
11.95 1.53695
11.96 1.28713
11.97 1.20245
11.98 1.23231
11.99 1.30575
12 1.35782
12.01 1.35308
12.02 1.29578
12.03 1.23215
12.04 1.24245
12.05 1.41512
12.06 1.8172
12.07 2.46943
12.08 3.33541
12.09 4.3164
12.1 5.28343
12.11 6.11095
12.12 6.70642
12.13 7.03735
12.14 7.13103
12.15 7.07622
12.16 7.00093
12.17 7.01442
12.18 7.15096
12.19 7.3382
12.2 7.45089
12.21 7.37599
12.22 7.05188
12.23 6.48796
12.24 5.76511
12.25 5.01491
12.26 4.38771
12.27 4.0175
12.28 3.99082
12.29 4.32948
12.3 4.98825
12.31 5.86959
12.32 6.85037
12.33 7.8081
12.34 8.6409
12.35 9.28702
12.36 9.71452
12.37 9.92415
12.38 9.935
12.39 9.7555
12.4 9.34755
12.41 8.62311
12.42 7.47367
12.43 5.81375
12.44 3.62172
12.45 0.964376
12.46 -2.00064
12.47 -5.04399
12.48 -7.87672
12.49 -10.148
12.5 -11.5322
12.51 -11.8725
12.52 -11.2385
12.53 -9.90294
12.54 -8.23984
12.55 -6.64174
12.56 -5.4208
12.57 -4.74059
12.58 -4.61259
12.59 -4.84588
12.6 -5.16866
12.61 -5.30038
12.62 -5.03657
12.63 -4.31857
12.64 -3.24511
12.65 -2.015
12.66 -0.882786
12.67 -0.0835509
12.68 0.232181
12.69 0.0358467
12.7 -0.577912
12.71 -1.42197
12.72 -2.27526
12.73 -2.91056
12.74 -3.18105
12.75 -3.02103
12.76 -2.45323
12.77 -1.57345
12.78 -0.518655
12.79 0.568641
12.8 1.57035
12.81 2.41227
12.82 3.06865
12.83 3.54915
12.84 3.88143
12.85 4.09885
12.86 4.23227
12.87 4.30594
12.88 4.33343
12.89 4.31808
12.9 4.25623
12.91 4.13132
12.92 3.9239
12.93 3.61072
12.94 3.16916
12.95 2.58402
12.96 1.85719
12.97 1.01156
12.98 0.0916696
12.99 -0.839265
13 -1.71004
13.01 -2.45487
13.02 -3.02609
13.03 -3.40167
13.04 -3.58402
13.05 -3.59194
13.06 -3.44851
13.07 -3.16951
13.08 -2.75952
13.09 -2.21558
13.1 -1.53715
13.11 -0.746683
13.12 0.10152
13.13 0.921858
13.14 1.60943
13.15 2.05974
13.16 2.19292
13.17 1.97366
13.18 1.42072
13.19 0.603706
13.2 -0.375443
13.21 -1.40601
13.22 -2.3921
13.23 -3.26867
13.24 -4.00899
13.25 -4.61982
13.26 -5.12665
13.27 -5.55552
13.28 -5.91935
13.29 -6.21127
13.3 -6.40556
13.31 -6.46679
13.32 -6.36054
13.33 -6.06354
13.34 -5.57111
13.35 -4.89766
13.36 -4.07052
13.37 -3.12348
13.38 -2.09449
13.39 -1.02676
13.4 0.03375
13.41 1.03414
13.42 1.91748
13.43 2.62973
13.44 3.12639
13.45 3.37966
13.46 3.38574
13.47 3.16773
13.48 2.77437
13.49 2.27349
13.5 1.73992
13.51 1.24187
13.52 0.829062
13.53 0.524363
13.54 0.320699
13.55 0.189308
13.56 0.0923301
13.57 -0.00780674
13.58 -0.140061
13.59 -0.318178
13.6 -0.541962
13.61 -0.800254
13.62 -1.07714
13.63 -1.3584
13.64 -1.63634
13.65 -1.91198
13.66 -2.19408
13.67 -2.49533
13.68 -2.82819
13.69 -3.20038
13.7 -3.60848
13.71 -4.03412
13.72 -4.44572
13.73 -4.80454
13.74 -5.07072
13.75 -5.21209
13.76 -5.20936
13.77 -5.05285
13.78 -4.74309
13.79 -4.29258
13.8 -3.72257
13.81 -3.06152
13.82 -2.34222
13.83 -1.59669
13.84 -0.853045
13.85 -0.132502
13.86 0.551863
13.87 1.19404
13.88 1.79329
13.89 2.35151
13.9 2.87082
13.91 3.34907
13.92 3.7768
13.93 4.13815
13.94 4.41165
13.95 4.57334
13.96 4.60215
13.97 4.48675
13.98 4.22866
13.99 3.84206
14 3.35167
14.01 2.78817
14.02 2.18241
14.03 1.56047
14.04 0.94123
14.05 0.335576
14.06 -0.250548
14.07 -0.812434
14.08 -1.34351
14.09 -1.83085
14.1 -2.25432
14.11 -2.58923
14.12 -2.80926
14.13 -2.89165
14.14 -2.82252
14.15 -2.59957
14.16 -2.2328
14.17 -1.74252
14.18 -1.15613
14.19 -0.506267
14.2 0.169801
14.21 0.832417
14.22 1.44393
14.23 1.97286
14.24 2.39955
14.25 2.71939
14.26 2.94232
14.27 3.09074
14.28 3.19405
14.29 3.28058
14.3 3.37098
14.31 3.46041
14.32 3.51994
14.33 3.52727
14.34 3.48194
14.35 3.40565
14.36 3.33668
14.37 3.31899
14.38 3.38614
14.39 3.54862
14.4 3.78905
14.41 4.06324
14.42 4.30684
14.43 4.4465
14.44 4.41475
14.45 4.16219
14.46 3.66395
14.47 2.92625
14.48 1.98723
14.49 0.911913
14.5 -0.214557
14.51 -1.29891
14.52 -2.25266
14.53 -3.00487
14.54 -3.51272
14.55 -3.76471
14.56 -3.78066
14.57 -3.60455
14.58 -3.29092
14.59 -2.89229
14.6 -2.44728
14.61 -1.97448
14.62 -1.47714
14.63 -0.954768
14.64 -0.41242
14.65 0.13266
14.66 0.647979
14.67 1.09164
14.68 1.42249
14.69 1.61061
14.7 1.64612
14.71 1.54101
14.72 1.32707
14.73 1.04869
14.74 0.750485
14.75 0.466775
14.76 0.217028
14.77 0.00168695
14.78 -0.19984
14.79 -0.423054
14.8 -0.707344
14.81 -1.08196
14.82 -1.55561
14.83 -2.11092
14.84 -2.70447
14.85 -3.27682
14.86 -3.76494
14.87 -4.11483
14.88 -4.29251
14.89 -4.28866
14.9 -4.11826
14.91 -3.81428
14.92 -3.41848
14.93 -2.97207
14.94 -2.50768
14.95 -2.04374
14.96 -1.58361
14.97 -1.11932
14.98 -0.636801
14.99 -0.122537
15 0.430436
15.01 1.02008
15.02 1.63609
15.03 2.26177
15.04 2.87721
15.05 3.46226
15.06 3.99817
15.07 4.46877
15.08 4.84689
15.09 5.08669
15.1 5.15243
15.11 5.0464
15.12 4.80969
15.13 4.51242
15.14 4.23872
15.15 4.06678
15.16 4.05134
15.17 4.21315
15.18 4.51452
15.19 4.87584
15.2 5.1928
15.21 5.36617
15.22 5.31681
15.23 4.99676
15.24 4.40182
15.25 3.57127
15.26 2.57634
15.27 1.5022
15.28 0.429976
15.29 -0.580648
15.3 -1.50176
15.31 -2.33533
15.32 -3.10402
15.33 -3.83691
15.34 -4.55125
15.35 -5.23915
15.36 -5.86405
15.37 -6.3655
15.38 -6.67238
15.39 -6.7207
15.4 -6.47215
15.41 -5.92705
15.42 -5.12655
15.43 -4.14543
15.44 -3.07886
15.45 -2.0256
15.46 -1.07222
15.47 -0.280785
15.48 0.315481
15.49 0.710406
15.5 0.918299
15.51 0.964681
15.52 0.877239
15.53 0.680245
15.54 0.392416
15.55 0.0277306
15.56 -0.400336
15.57 -0.874472
15.58 -1.37008
15.59 -1.85273
15.6 -2.28088
15.61 -2.61013
15.62 -2.79875
15.63 -2.8129
15.64 -2.63075
15.65 -2.24489
15.66 -1.66404
15.67 -0.913663
15.68 -0.0326382
15.69 0.930985
15.7 1.9233
15.71 2.88967
15.72 3.77808
15.73 4.53981
15.74 5.13078
15.75 5.51281
15.76 5.65599
15.77 5.54122
15.78 5.16643
15.79 4.55151
15.8 3.73768
15.81 2.78535
15.82 1.76849
15.83 0.766246
15.84 -0.145997
15.85 -0.90577
15.86 -1.47087
15.87 -1.82431
15.88 -1.97622
15.89 -1.96095
15.9 -1.83211
15.91 -1.65492
15.92 -1.49281
15.93 -1.39627
15.94 -1.39559
15.95 -1.4964
15.96 -1.68048
15.97 -1.91294
15.98 -2.1528
15.99 -2.36207
16 -2.51328
16.01 -2.59422
16.02 -2.60883
16.03 -2.57401
16.04 -2.5118
16.05 -2.44353
16.06 -2.38197
16.07 -2.32466
16.08 -2.25332
16.09 -2.13684
16.1 -1.9376
16.11 -1.62053
16.12 -1.16187
16.13 -0.557619
16.14 0.172741
16.15 0.98555
16.16 1.81645
16.17 2.58984
16.18 3.23119
16.19 3.67952
16.2 3.89687
16.21 3.87571
16.22 3.63802
16.23 3.22761
16.24 2.70051
16.25 2.11105
16.26 1.50216
16.27 0.900053
16.28 0.313668
16.29 -0.259716
16.3 -0.827307
16.31 -1.39358
16.32 -1.95473
16.33 -2.49674
16.34 -2.99569
16.35 -3.41919
16.36 -3.72963
16.37 -3.88871
16.38 -3.86415
16.39 -3.63776
16.4 -3.21261
16.41 -2.61739
16.42 -1.90485
16.43 -1.14617
16.44 -0.42075
16.45 0.196304
16.46 0.647013
16.47 0.899821
16.48 0.952642
16.49 0.831802
16.5 0.583393
16.51 0.262809
16.52 -0.0750807
16.53 -0.384936
16.54 -0.634652
16.55 -0.806144
16.56 -0.893175
16.57 -0.895627
16.58 -0.815628
16.59 -0.656109
16.6 -0.419238
16.61 -0.107142
16.62 0.275378
16.63 0.71932
16.64 1.21004
16.65 1.72592
16.66 2.23921
16.67 2.71658
16.68 3.12094
16.69 3.41533
16.7 3.56673
16.71 3.5488
16.72 3.34511
16.73 2.95428
16.74 2.39238
16.75 1.69239
16.76 0.902733
16.77 0.0817408
16.78 -0.710019
16.79 -1.41806
16.8 -2.00191
16.81 -2.4382
16.82 -2.71987
16.83 -2.85136
16.84 -2.84274
16.85 -2.70587
16.86 -2.44865
16.87 -2.07909
16.88 -1.60923
16.89 -1.06067
16.9 -0.469121
16.91 0.118286
16.92 0.646421
16.93 1.06866
16.94 1.34772
16.95 1.46555
16.96 1.42534
16.97 1.24644
16.98 0.96727
16.99 0.626366
17 0.258056
17.01 -0.113767
17.02 -0.480675
17.03 -0.837805
17.04 -1.18802
17.05 -1.53104
17.06 -1.8596
17.07 -2.15625
17.08 -2.39591
17.09 -2.54528
17.1 -2.57134
17.11 -2.44682
17.12 -2.15684
17.13 -1.70325
17.14 -1.10744
17.15 -0.401632
17.16 0.370934
17.17 1.16182
17.18 1.92458
17.19 2.62068
17.2 3.22291
17.21 3.71709
17.22 4.09807
17.23 4.36485
17.24 4.51639
17.25 4.54864
17.26 4.45373
17.27 4.22169
17.28 3.84642
17.29 3.33118
17.3 2.69315
17.31 1.96547
17.32 1.19568
17.33 0.435808
17.34 -0.262568
17.35 -0.857423
17.36 -1.32208
17.37 -1.64694
17.38 -1.83922
17.39 -1.91928
17.4 -1.91456
17.41 -1.85325
17.42 -1.75955
17.43 -1.65158
17.44 -1.54119
17.45 -1.43519
17.46 -1.33868
17.47 -1.25783
17.48 -1.20056
17.49 -1.17512
17.5 -1.18794
17.51 -1.24294
17.52 -1.33969
17.53 -1.47345
17.54 -1.63424
17.55 -1.80857
17.56 -1.98059
17.57 -2.13155
17.58 -2.23962
17.59 -2.2818
17.6 -2.23521
17.61 -2.0791
17.62 -1.79873
17.63 -1.38958
17.64 -0.857803
17.65 -0.219168
17.66 0.501197
17.67 1.27243
17.68 2.06467
17.69 2.85223
17.7 3.61216
17.71 4.32553
17.72 4.97669
17.73 5.55017
17.74 6.02854
17.75 6.39054
17.76 6.6115
17.77 6.666
17.78 6.53184
17.79 6.19474
17.8 5.65333
17.81 4.92288
17.82 4.03598
17.83 3.04059
17.84 1.99338
17.85 0.950407
17.86 -0.0416725
17.87 -0.950021
17.88 -1.75947
17.89 -2.47106
17.9 -3.0948
17.91 -3.64183
17.92 -4.11841
17.93 -4.52177
17.94 -4.8395
17.95 -5.05336
17.96 -5.1437
17.97 -5.09483
17.98 -4.89959
17.99 -4.5617
18 -4.09577
18.01 -3.5247
18.02 -2.87648
18.03 -2.18045
18.04 -1.46515
18.05 -0.758998
18.06 -0.0892561
18.07 0.520341
18.08 1.04903
18.09 1.47999
18.1 1.80178
18.11 2.00815
18.12 2.1001
18.13 2.08687
18.14 1.98507
18.15 1.81587
18.16 1.60225
18.17 1.36655
18.18 1.12584
18.19 0.890346
18.2 0.663951
18.21 0.444967
18.22 0.228687
18.23 0.00790696
18.24 -0.225317
18.25 -0.477658
18.26 -0.754065
18.27 -1.05664
18.28 -1.38516
18.29 -1.73807
18.3 -2.11192
18.31 -2.50167
18.32 -2.89984
18.33 -3.29478
18.34 -3.67053
18.35 -4.00732
18.36 -4.2826
18.37 -4.47315
18.38 -4.55747
18.39 -4.51944
18.4 -4.35044
18.41 -4.04968
18.42 -3.62644
18.43 -3.10043
18.44 -2.49818
18.45 -1.85327
18.46 -1.20628
18.47 -0.601235
18.48 -0.0788009
18.49 0.332641
18.5 0.62227
18.51 0.799279
18.52 0.889699
18.53 0.927166
18.54 0.943602
18.55 0.961377
18.56 0.988372
18.57 1.02079
18.58 1.04874
18.59 1.06076
18.6 1.04971
18.61 1.01735
18.62 0.97579
18.63 0.944001
18.64 0.941182
18.65 0.980862
18.66 1.06596
18.67 1.18621
18.68 1.32086
18.69 1.44632
18.7 1.54346
18.71 1.60445
18.72 1.63592
18.73 1.65719
18.74 1.69449
18.75 1.77424
18.76 1.91668
18.77 2.13041
18.78 2.41151
18.79 2.74353
18.8 3.0998
18.81 3.44915
18.82 3.7618
18.83 4.01244
18.84 4.18364
18.85 4.26776
18.86 4.26303
18.87 4.17092
18.88 3.99573
18.89 3.74313
18.9 3.42083
18.91 3.0383
18.92 2.60326
18.93 2.12055
18.94 1.59185
18.95 1.01592
18.96 0.390983
18.97 -0.279937
18.98 -0.983215
18.99 -1.69384
19 -2.37626
19.01 -2.98874
19.02 -3.49258
19.03 -3.8606
19.04 -4.08315
19.05 -4.17364
19.06 -4.16472
19.07 -4.09896
19.08 -4.02171
19.09 -3.97039
19.1 -3.9636
19.11 -3.99778
19.12 -4.04954
19.13 -4.08265
19.14 -4.05771
19.15 -3.94244
19.16 -3.72007
19.17 -3.39304
19.18 -2.98167
19.19 -2.51733
19.2 -2.03346
19.21 -1.55747
19.22 -1.1045
19.23 -0.676342
19.24 -0.266278
19.25 0.134183
19.26 0.530209
19.27 0.918875
19.28 1.2871
19.29 1.61436
19.3 1.87738
19.31 2.05455
19.32 2.12956
19.33 2.09454
19.34 1.95187
19.35 1.71278
19.36 1.39519
19.37 1.02111
19.38 0.614271
19.39 0.198912
19.4 -0.203423
19.41 -0.57395
19.42 -0.896167
19.43 -1.15734
19.44 -1.34732
19.45 -1.45675
19.46 -1.478
19.47 -1.40493
19.48 -1.23247
19.49 -0.959519
19.5 -0.5905
19.51 -0.136143
19.52 0.385645
19.53 0.949326
19.54 1.52272
19.55 2.07017
19.56 2.55615
19.57 2.94927
19.58 3.22648
19.59 3.3751
19.6 3.39354
19.61 3.29001
19.62 3.07862
19.63 2.77669
19.64 2.40252
19.65 1.97435
19.66 1.51114
19.67 1.03275
19.68 0.560645
19.69 0.117387
19.7 -0.27538
19.71 -0.599237
19.72 -0.84113
19.73 -0.994868
19.74 -1.06038
19.75 -1.04253
19.76 -0.949912
19.77 -0.792229
19.78 -0.579118
19.79 -0.321792
19.8 -0.0336706
19.81 0.269897
19.82 0.571684
19.83 0.853751
19.84 1.0985
19.85 1.29045
19.86 1.41882
19.87 1.47921
19.88 1.47408
19.89 1.41247
19.9 1.30795
19.91 1.17551
19.92 1.03049
19.93 0.88819
19.94 0.762643
19.95 0.666227
19.96 0.610003
19.97 0.603043
19.98 0.650111
19.99 0.751177
20 0.902965
20.01 1.09855
20.02 1.3276
20.03 1.57626
20.04 1.82664
20.05 2.05852
20.06 2.24872
20.07 2.37242
20.08 2.4057
20.09 2.32792
20.1 2.12567
20.11 1.79575
20.12 1.34791
20.13 0.803581
20.14 0.192204
20.15 -0.450405
20.16 -1.08628
20.17 -1.68043
20.18 -2.20303
20.19 -2.6309
20.2 -2.94783
20.21 -3.14391
20.22 -3.2137
20.23 -3.15479
20.24 -2.96777
20.25 -2.65785
20.26 -2.23573
20.27 -1.71932
20.28 -1.13456
20.29 -0.51285
20.3 0.11043
20.31 0.69758
20.32 1.21207
20.33 1.62218
20.34 1.90405
20.35 2.0435
20.36 2.03643
20.37 1.88837
20.38 1.6127
20.39 1.22842
20.4 0.757967
20.41 0.226378
20.42 -0.338469
20.43 -0.90726
20.44 -1.45067
20.45 -1.94035
20.46 -2.35033
20.47 -2.66027
20.48 -2.85706
20.49 -2.93466
20.5 -2.89362
20.51 -2.73986
20.52 -2.48443
20.53 -2.14276
20.54 -1.73465
20.55 -1.28434
20.56 -0.820116
20.57 -0.373348
20.58 0.0243798
20.59 0.343587
20.6 0.559712
20.61 0.657233
20.62 0.631038
20.63 0.486235
20.64 0.236888
20.65 -0.0959379
20.66 -0.485742
20.67 -0.902618
20.68 -1.31494
20.69 -1.69091
20.7 -2.00113
20.71 -2.22108
20.72 -2.33324
20.73 -2.32907
20.74 -2.21398
20.75 -2.0044
20.76 -1.72475
20.77 -1.40125
20.78 -1.05617
20.79 -0.704403
20.8 -0.352233
20.81 0.00297986
20.82 0.364959
20.83 0.731898
20.84 1.09145
20.85 1.42142
20.86 1.69288
20.87 1.87688
20.88 1.95335
20.89 1.91634
20.9 1.77509
20.91 1.5517
20.92 1.27578
20.93 0.977693
20.94 0.683978
20.95 0.41485
20.96 0.183172
20.97 -0.00340226
20.98 -0.138497
20.99 -0.215981
21 -0.229937
21.01 -0.17632
21.02 -0.053762
21.03 0.134786
21.04 0.380494
21.05 0.669562
21.06 0.983615
21.07 1.30323
21.08 1.61156
21.09 1.89433
21.1 2.14379
21.11 2.35243
21.12 2.51333
21.13 2.61852
21.14 2.65873
21.15 2.62421
21.16 2.50834
21.17 2.31063
21.18 2.03898
21.19 1.71088
21.2 1.35077
21.21 0.986427
21.22 0.643731
21.23 0.339021
21.24 0.0745006
21.25 -0.157981
21.26 -0.371549
21.27 -0.576495
21.28 -0.775254
21.29 -0.96138
21.3 -1.12328
21.31 -1.24891
21.32 -1.33267
21.33 -1.37901
21.34 -1.40101
21.35 -1.41597
21.36 -1.43722
21.37 -1.46841
21.38 -1.50059
21.39 -1.51265
21.4 -1.47819
21.41 -1.37462
21.42 -1.19065
21.43 -0.931287
21.44 -0.616172
21.45 -0.275726
21.46 0.0579627
21.47 0.358962
21.48 0.613637
21.49 0.822432
21.5 0.996202
21.51 1.15142
21.52 1.30341
21.53 1.46066
21.54 1.62295
21.55 1.78112
21.56 1.92041
21.57 2.02564
21.58 2.08424
21.59 2.08777
21.6 2.03336
21.61 1.92152
21.62 1.75273
21.63 1.52647
21.64 1.23983
21.65 0.887091
21.66 0.462698
21.67 -0.0349465
21.68 -0.599842
21.69 -1.21638
21.7 -1.8603
21.71 -2.50112
21.72 -3.10647
21.73 -3.64711
21.74 -4.10072
21.75 -4.45415
21.76 -4.70331
21.77 -4.8513
21.78 -4.90546
21.79 -4.8751
21.8 -4.76841
21.81 -4.59163
21.82 -4.34976
21.83 -4.04552
21.84 -3.68118
21.85 -3.26037
21.86 -2.78788
21.87 -2.27278
21.88 -1.72905
21.89 -1.17412
21.9 -0.629532
21.91 -0.118647
21.92 0.337121
21.93 0.719999
21.94 1.01819
21.95 1.22735
21.96 1.35036
21.97 1.39572
21.98 1.37612
21.99 1.30614
22 1.19924
22.01 1.06755
22.02 0.921321
22.03 0.767201
22.04 0.609032
22.05 0.448666
22.06 0.287315
22.07 0.127468
22.08 -0.0272176
22.09 -0.17356
22.1 -0.309758
22.11 -0.436431
22.12 -0.557067
22.13 -0.677359
22.14 -0.804069
22.15 -0.942
22.16 -1.09087
22.17 -1.24329
22.18 -1.38367
22.19 -1.4901
22.2 -1.53787
22.21 -1.50388
22.22 -1.37311
22.23 -1.14222
22.24 -0.821431
22.25 -0.433805
22.26 -0.0114507
22.27 0.408558
22.28 0.790931
22.29 1.10795
22.3 1.34288
22.31 1.49139
22.32 1.56024
22.33 1.5623
22.34 1.51161
22.35 1.42043
22.36 1.29622
22.37 1.14202
22.38 0.958957
22.39 0.748615
22.4 0.515002
22.41 0.26573
22.42 0.0117523
22.43 -0.234083
22.44 -0.458408
22.45 -0.649367
22.46 -0.798592
22.47 -0.900496
22.48 -0.952084
22.49 -0.952147
22.5 -0.899738
22.51 -0.794813
22.52 -0.637474
22.53 -0.42802
22.54 -0.168907
22.55 0.134577
22.56 0.474863
22.57 0.8421
22.58 1.2253
22.59 1.61477
22.6 2.00092
22.61 2.37363
22.62 2.72257
22.63 3.03604
22.64 3.30118
22.65 3.50629
22.66 3.64368
22.67 3.71089
22.68 3.71111
22.69 3.65383
22.7 3.55316
22.71 3.42603
22.72 3.29081
22.73 3.16309
22.74 3.05377
22.75 2.96755
22.76 2.90105
22.77 2.84299
22.78 2.77633
22.79 2.6832
22.8 2.54818
22.81 2.36169
22.82 2.12191
22.83 1.83327
22.84 1.50477
22.85 1.14617
22.86 0.764339
22.87 0.363827
22.88 -0.0524951
22.89 -0.481412
22.9 -0.916782
22.91 -1.34801
22.92 -1.75944
22.93 -2.13242
22.94 -2.44745
22.95 -2.68779
22.96 -2.84254
22.97 -2.90734
22.98 -2.88441
22.99 -2.7814
23 -2.60907
23.01 -2.37834
23.02 -2.09935
23.03 -1.7823
23.04 -1.43801
23.05 -1.07914
23.06 -0.721526
23.07 -0.383864
23.08 -0.0848874
23.09 0.159944
23.1 0.34151
23.11 0.459821
23.12 0.523655
23.13 0.547737
23.14 0.549289
23.15 0.543499
23.16 0.539411
23.17 0.537936
23.18 0.53325
23.19 0.516908
23.2 0.482181
23.21 0.428054
23.22 0.361762
23.23 0.297203
23.24 0.250885
23.25 0.237868
23.26 0.26682
23.27 0.336507
23.28 0.437977
23.29 0.557466
23.3 0.678086
23.31 0.784192
23.32 0.864316
23.33 0.910753
23.34 0.918806
23.35 0.886488
23.36 0.812708
23.37 0.69571
23.38 0.534433
23.39 0.32985
23.4 0.085018
23.41 -0.193554
23.42 -0.494331
23.43 -0.801694
23.44 -1.09866
23.45 -1.36836
23.46 -1.59499
23.47 -1.76663
23.48 -1.87651
23.49 -1.92257
23.5 -1.90679
23.51 -1.83302
23.52 -1.70659
23.53 -1.53372
23.54 -1.32029
23.55 -1.07457
23.56 -0.808629
23.57 -0.537714
23.58 -0.280666
23.59 -0.058371
23.6 0.110594
23.61 0.213596
23.62 0.245951
23.63 0.211368
23.64 0.121116
23.65 -0.00817934
23.66 -0.157379
23.67 -0.306125
23.68 -0.434998
23.69 -0.527105
23.7 -0.567897
23.71 -0.546958
23.72 -0.459944
23.73 -0.308462
23.74 -0.1004
23.75 0.150106
23.76 0.426053
23.77 0.709993
23.78 0.985073
23.79 1.23677
23.8 1.45249
23.81 1.62059
23.82 1.72996
23.83 1.77025
23.84 1.73335
23.85 1.61587
23.86 1.42104
23.87 1.15853
23.88 0.845445
23.89 0.503594
23.9 0.154078
23.91 -0.184443
23.92 -0.497558
23.93 -0.776777
23.94 -1.01897
23.95 -1.22525
23.96 -1.39832
23.97 -1.53843
23.98 -1.64109
23.99 -1.69764
24 -1.69638
24.01 -1.6247
24.02 -1.47439
24.03 -1.24672
24.04 -0.954791
24.05 -0.623615
24.06 -0.28699
24.07 0.0180971
24.08 0.258788
24.09 0.412238
24.1 0.468473
24.11 0.431923
24.12 0.319726
24.13 0.157021
24.14 -0.0287047
24.15 -0.212873
24.16 -0.377431
24.17 -0.512309
24.18 -0.614669
24.19 -0.687172
24.2 -0.735154
24.21 -0.763641
24.22 -0.777043
24.23 -0.780132
24.24 -0.77651
24.25 -0.767135
24.26 -0.75233
24.27 -0.732697
24.28 -0.708458
24.29 -0.681618
24.3 -0.658588
24.31 -0.650028
24.32 -0.668828
24.33 -0.727624
24.34 -0.835524
24.35 -0.99485
24.36 -1.19959
24.37 -1.4344
24.38 -1.67684
24.39 -1.90208
24.4 -2.08689
24.41 -2.21339
24.42 -2.27179
24.43 -2.26106
24.44 -2.18725
24.45 -2.06051
24.46 -1.89176
24.47 -1.6901
24.48 -1.46152
24.49 -1.20893
24.5 -0.933677
24.51 -0.637726
24.52 -0.324682
24.53 -0.000668215
24.54 0.32472
24.55 0.638749
24.56 0.926944
24.57 1.17418
24.58 1.36703
24.59 1.49659
24.6 1.56051
24.61 1.56488
24.62 1.5241
24.63 1.45811
24.64 1.39007
24.65 1.34182
24.66 1.32824
24.67 1.35605
24.68 1.42485
24.69 1.52308
24.7 1.63493
24.71 1.74371
24.72 1.83395
24.73 1.89283
24.74 1.91412
24.75 1.89274
24.76 1.82777
24.77 1.72114
24.78 1.57739
24.79 1.40254
24.8 1.2036
24.81 0.985831
24.82 0.752949
24.83 0.509179
24.84 0.258449
24.85 0.00616748
24.86 -0.238551
24.87 -0.463552
24.88 -0.654123
24.89 -0.793881
24.9 -0.867863
24.91 -0.866145
24.92 -0.787123
24.93 -0.639042
24.94 -0.440037
24.95 -0.216392
24.96 0.00230788
24.97 0.189847
24.98 0.328179
24.99 0.410574
25 0.443192
25.01 0.443982
25.02 0.436471
25.03 0.442684
25.04 0.479285
25.05 0.552842
25.06 0.658361
25.07 0.782375
25.08 0.906538
25.09 1.01208
25.1 1.08449
25.11 1.11664
25.12 1.10949
25.13 1.07079
25.14 1.01211
25.15 0.945792
25.16 0.88237
25.17 0.828016
25.18 0.784374
25.19 0.749756
25.2 0.719465
25.21 0.686915
25.22 0.645554
25.23 0.590613
25.24 0.520563
25.25 0.438178
25.26 0.349866
25.27 0.264327
25.28 0.192089
25.29 0.142958
25.3 0.122577
25.31 0.132033
25.32 0.168178
25.33 0.223483
25.34 0.288363
25.35 0.353757
25.36 0.412974
25.37 0.463801
25.38 0.508545
25.39 0.55148
25.4 0.596375
25.41 0.644446
25.42 0.692671
25.43 0.734195
25.44 0.759311
25.45 0.756406
25.46 0.715752
25.47 0.632285
25.48 0.506325
25.49 0.343638
25.5 0.155095
25.51 -0.0465599
25.52 -0.250562
25.53 -0.449048
25.54 -0.636834
25.55 -0.810364
25.56 -0.966486
25.57 -1.10176
25.58 -1.21235
25.59 -1.29441
25.6 -1.34485
25.61 -1.36237
25.62 -1.349
25.63 -1.30969
25.64 -1.25183
25.65 -1.18635
25.66 -1.12487
25.67 -1.07616
25.68 -1.04618
25.69 -1.03718
25.7 -1.04624
25.71 -1.06606
25.72 -1.08684
25.73 -1.09841
25.74 -1.09229
25.75 -1.06318
25.76 -1.00957
25.77 -0.933395
25.78 -0.838502
25.79 -0.729147
25.8 -0.609309
25.81 -0.480349
25.82 -0.341059
25.83 -0.19018
25.84 -0.0265776
25.85 0.149193
25.86 0.333803
25.87 0.520728
25.88 0.699792
25.89 0.858997
25.9 0.985786
25.91 1.06828
25.92 1.09723
25.93 1.06879
25.94 0.985315
25.95 0.854823
25.96 0.690715
25.97 0.508319
25.98 0.321638
25.99 0.140263
26 -0.0318713
26.01 -0.19389
26.02 -0.345421
26.03 -0.48467
26.04 -0.607246
26.05 -0.706216
26.06 -0.773442
26.07 -0.801789
26.08 -0.787911
26.09 -0.733626
26.1 -0.646721
26.11 -0.540964
26.12 -0.433249
26.13 -0.340244
26.14 -0.275123
26.15 -0.245025
26.16 -0.250161
26.17 -0.284546
26.18 -0.339221
26.19 -0.40366
26.2 -0.469644
26.21 -0.533774
26.22 -0.598897
26.23 -0.666816
26.24 -0.741306
26.25 -0.824209
26.26 -0.913244
26.27 -1.00118
26.28 -1.07955
26.29 -1.13339
26.3 -1.15335
26.31 -1.13325
26.32 -1.07356
26.33 -0.981455
26.34 -0.868513
26.35 -0.747502
26.36 -0.633721
26.37 -0.540138
26.38 -0.47596
26.39 -0.446962
26.4 -0.452287
26.41 -0.486084
26.42 -0.539047
26.43 -0.601061
26.44 -0.663925
26.45 -0.722031
26.46 -0.77336
26.47 -0.816744
26.48 -0.853643
26.49 -0.885391
26.5 -0.914276
26.51 -0.94217
26.52 -0.968856
26.53 -0.993478
26.54 -1.01418
26.55 -1.02739
26.56 -1.02951
26.57 -1.01546
26.58 -0.979283
26.59 -0.915999
26.6 -0.822379
26.61 -0.698835
26.62 -0.546933
26.63 -0.371853
26.64 -0.180902
26.65 0.0173825
26.66 0.215019
26.67 0.404465
26.68 0.578997
26.69 0.733825
26.7 0.866457
26.71 0.975252
26.72 1.05908
26.73 1.11783
26.74 1.15041
26.75 1.15495
26.76 1.13105
26.77 1.08167
26.78 1.01363
26.79 0.936548
26.8 0.861592
26.81 0.799876
26.82 0.761332
26.83 0.751836
26.84 0.773733
26.85 0.827192
26.86 0.909194
26.87 1.01546
26.88 1.14167
26.89 1.28335
26.9 1.43579
26.91 1.59247
26.92 1.74506
26.93 1.88423
26.94 1.9956
26.95 2.06478
26.96 2.07666
26.97 2.01921
26.98 1.88604
26.99 1.67814
27 1.40883
27.01 1.09228
27.02 0.751686
27.03 0.411386
27.04 0.0937862
27.05 -0.185058
27.06 -0.416348
27.07 -0.597589
27.08 -0.731912
27.09 -0.82545
27.1 -0.882932
27.11 -0.904979
27.12 -0.888436
27.13 -0.828264
27.14 -0.719443
27.15 -0.559929
27.16 -0.354286
27.17 -0.114655
27.18 0.140664
27.19 0.390781
27.2 0.616324
27.21 0.802012
27.22 0.940001
27.23 1.03028
27.24 1.07848
27.25 1.0938
27.26 1.0858
27.27 1.06191
27.28 1.02704
27.29 0.983072
27.3 0.930102
27.31 0.867559
27.32 0.794913
27.33 0.713087
27.34 0.624774
27.35 0.534785
27.36 0.451246
27.37 0.386336
27.38 0.354101
27.39 0.366818
27.4 0.430969
27.41 0.544911
27.42 0.696897
27.43 0.865989
27.44 1.02661
27.45 1.1534
27.46 1.226
27.47 1.23322
27.48 1.17456
27.49 1.05908
27.5 0.902612
27.51 0.723515
27.52 0.538287
27.53 0.358352
27.54 0.188366
27.55 0.0270684
27.56 -0.129561
27.57 -0.285829
27.58 -0.442527
27.59 -0.594279
27.6 -0.730336
27.61 -0.837525
27.62 -0.900721
27.63 -0.909886
27.64 -0.862507
27.65 -0.765217
27.66 -0.632257
27.67 -0.482183
27.68 -0.336364
27.69 -0.204956
27.7 -0.0988641
27.71 -0.023415
27.72 0.0183407
27.73 0.0231561
27.74 -0.00868602
27.75 -0.0769079
27.76 -0.178128
27.77 -0.305424
27.78 -0.448053
27.79 -0.592266
27.8 -0.723907
27.81 -0.830778
27.82 -0.903763
27.83 -0.937651
27.84 -0.932071
27.85 -0.89157
27.86 -0.821436
27.87 -0.731908
27.88 -0.634959
27.89 -0.543459
27.9 -0.470036
27.91 -0.423951
27.92 -0.407672
27.93 -0.416154
27.94 -0.439863
27.95 -0.460813
27.96 -0.466002
27.97 -0.447139
27.98 -0.405097
27.99 -0.351214
28 -0.296196
28.01 -0.252785
28.02 -0.225724
28.03 -0.210682
28.04 -0.196358
28.05 -0.167959
28.06 -0.113761
28.07 -0.0307496
28.08 0.0739215
28.09 0.184536
28.1 0.281647
28.11 0.347493
28.12 0.370547
28.13 0.348596
28.14 0.288363
28.15 0.202881
28.16 0.107195
28.17 0.0132282
28.18 -0.0711821
28.19 -0.144443
28.2 -0.210418
28.21 -0.275368
28.22 -0.345726
28.23 -0.425319
28.24 -0.513585
28.25 -0.606202
28.26 -0.69613
28.27 -0.776119
28.28 -0.840593
28.29 -0.885919
28.3 -0.91093
28.31 -0.916629
28.32 -0.904418
28.33 -0.875143
28.34 -0.829894
28.35 -0.770423
28.36 -0.698702
28.37 -0.61723
28.38 -0.528025
28.39 -0.43206
28.4 -0.329555
28.41 -0.219892
28.42 -0.102488
28.43 0.0220851
28.44 0.152113
28.45 0.284602
28.46 0.415327
28.47 0.539524
28.48 0.652895
28.49 0.752536
28.5 0.836758
28.51 0.905156
28.52 0.958348
28.53 0.99711
28.54 1.02072
28.55 1.0259
28.56 1.00778
28.57 0.961476
28.58 0.883191
28.59 0.771584
28.6 0.628297
28.61 0.458094
28.62 0.268055
28.63 0.0663521
28.64 -0.138556
28.65 -0.33816
28.66 -0.524205
28.67 -0.688861
28.68 -0.82494
28.69 -0.926305
28.7 -0.988459
28.71 -1.00914
28.72 -0.988895
28.73 -0.931137
28.74 -0.841348
28.75 -0.726512
28.76 -0.594431
28.77 -0.453164
28.78 -0.309975
28.79 -0.171601
28.8 -0.0441249
28.81 0.0671803
28.82 0.157984
28.83 0.225414
28.84 0.268358
28.85 0.287924
28.86 0.287404
28.87 0.271745
28.88 0.246986
28.89 0.219423
28.9 0.19465
28.91 0.176627
28.92 0.167346
28.93 0.166866
28.94 0.173455
28.95 0.184309
28.96 0.195644
28.97 0.204047
28.98 0.206576
28.99 0.20101
29 0.185733
29.01 0.159658
29.02 0.122043
29.03 0.0723548
29.04 0.0104074
29.05 -0.0632452
29.06 -0.147006
29.07 -0.238232
29.08 -0.333075
29.09 -0.426525
29.1 -0.512798
29.11 -0.585831
29.12 -0.640007
29.13 -0.670579
29.14 -0.674379
29.15 -0.649889
29.16 -0.597207
29.17 -0.517973
29.18 -0.415151
29.19 -0.292707
29.2 -0.155327
29.21 -0.00821161
29.22 0.143102
29.23 0.292811
29.24 0.434989
29.25 0.563741
29.26 0.673435
29.27 0.759035
29.28 0.81645
29.29 0.842935
29.3 0.837397
29.31 0.800527
29.32 0.734952
29.33 0.644693
29.34 0.535099
29.35 0.412264
29.36 0.282625
29.37 0.152542
29.38 0.0279216
29.39 -0.086038
29.4 -0.185075
29.41 -0.266005
29.42 -0.326752
29.43 -0.366329
29.44 -0.384739
29.45 -0.38285
29.46 -0.362294
29.47 -0.32537
29.48 -0.27497
29.49 -0.214489
29.5 -0.147569
29.51 -0.0781597
29.52 -0.0100606
29.53 0.0532423
29.54 0.108857
29.55 0.154697
29.56 0.189617
29.57 0.213423
29.58 0.226771
29.59 0.231008
29.6 0.227936
29.61 0.219557
29.62 0.207863
29.63 0.194654
29.64 0.181418
29.65 0.169264
29.66 0.158908
29.67 0.150676
29.68 0.144599
29.69 0.140274
29.7 0.137073
29.71 0.134074
29.72 0.130138
29.73 0.12398
29.74 0.114289
29.75 0.0998706
29.76 0.079804
29.77 0.0535882
29.78 0.0212529
29.79 -0.0165867
29.8 -0.0587362
29.81 -0.103489
29.82 -0.148749
29.83 -0.192192
29.84 -0.231431
29.85 -0.264185
29.86 -0.288426
29.87 -0.302441
29.88 -0.305091
29.89 -0.295683
29.9 -0.274118
29.91 -0.24089
29.92 -0.197083
29.93 -0.144344
29.94 -0.0848236
29.95 -0.0210845
29.96 0.0440251
29.97 0.107521
29.98 0.166449
